[nltk_data] Downloading package stopwords to
[nltk_data]     /home/sourabhbalgi/nltk_data...
[nltk_data]   Package stopwords is already up-to-date!
[nltk_data] Downloading package punkt to
[nltk_data]     /home/sourabhbalgi/nltk_data...
[nltk_data]   Package punkt is already up-to-date!

Extracting data from  "../../../ds222/assignment-1/DBPedia.verysmall/verysmall_train.txt" ...

Total number of training documents : 10497

Shape of one-hot-encoded labels : (10497, 49)

List of classes : ['American_comedy_films' 'American_drama_films' 'American_film_actresses'
 'American_film_directors' 'American_films' 'American_male_film_actors'
 'American_male_television_actors'
 'American_military_personnel_of_World_War_II'
 'American_people_of_Irish_descent' 'American_television_actresses'
 'Articles_containing_video_clips' 'Association_football_defenders'
 'Association_football_forwards' 'Association_football_goalkeepers'
 'Association_football_midfielders' 'Asteroids_named_for_people'
 'Australian_rules_footballers_from_Victoria_(Australia)'
 'Black-and-white_films' 'Brazilian_footballers' 'British_films'
 'Columbia_University_alumni' 'Deaths_from_myocardial_infarction'
 'English-language_albums' 'English-language_films'
 'English-language_journals' 'English-language_television_programming'
 'English_cricketers' 'English_footballers' 'Fellows_of_the_Royal_Society'
 'French_films' 'German_footballers' 'Guggenheim_Fellows'
 'Harvard_University_alumni' 'Hindi-language_films' 'Indian_films'
 'Insects_of_Europe' 'Italian_films' 'Italian_footballers'
 'Main_Belt_asteroids' 'Major_League_Baseball_pitchers'
 'Rivers_of_Romania' 'Russian_footballers' 'Scottish_footballers'
 'Serie_A_players' 'The_Football_League_players' 'Villages_in_Turkey'
 'Villages_in_the_Czech_Republic' 'Windows_games' 'Yale_University_alumni']

Total number of classes : 49

Creating Mappings for labels ...

Calculating prior probabilities ...

Log prior probabilities of classes : [-4.99849523 -4.26133117 -3.03699299 -3.86387251 -2.80016016 -2.73153732
 -2.96117862 -3.40926003 -3.06119346 -3.20340797 -2.12832618 -7.40644084
 -5.75351782 -6.4681712  -5.91478597 -7.99422751 -7.20577015 -3.37910699
 -8.21737106 -4.22838701 -3.8260131  -3.09192009 -3.54688141 -2.33057282
 -6.51262297 -3.13907712 -6.55914298 -5.34098554 -2.99431618 -5.00854557
 -7.03871606 -3.29011737 -3.27572864 -7.20577015 -6.77045208 -7.30108033
 -5.71184512 -8.50505313 -6.96460809 -4.90318505 -7.99422751 -8.91051824
 -6.96460809 -6.04831736 -5.11502905 -9.60366542 -8.50505313 -4.05848798
 -4.1230265 ]

Preprocessing (stemming, stopword removal, tokenization) train data ...

Creating mappings for vocabulary ...

Length of vocabulary : 43721

Big-doc creation for each class to find word counts ...
Number of model parameters for verysmall dataset = 193707.
0.0 minutes, 30 seconds for complete training of verysmall dataset.

Saved "final_verysmall_wordclass_counts.json"

Saved "final_verysmall_mappings.json"

Calculating accuracy on training data ...

Training Accuracy on verysmall dataset : 0.8673906830523006

Saved predicted labels for training data in "final_verysmall_trn_pred_labels.txt"
1.0 minutes, 38 seconds for complete training inference of verysmall dataset.

Extracting data from development set ...

Total number of development documents : 2997

Preprocessing (stemming, stopword removal, tokenization) development data ...

Development Accuracy on verysmall dataset : 0.8762095428762096

Saved predicted labels for development data in "final_verysmall_dev_pred_labels.txt"
0.0 minutes, 46 seconds for complete development inference of verysmall dataset.

Extracting data from test set ...

Total number of testing documents : 1497

Preprocessing (stemming, stopword removal, tokenization) test data ...

Test Accuracy on verysmall dataset : 0.8610554442217769

Saved predicted labels for test data in "final_verysmall_tst_pred_labels.txt"
0.0 minutes, 24 seconds for complete test inference of verysmall dataset.
Train  Development      Test
0.867391      0.87621  0.861055

Saved model accuracies for verysmall in "final_verysmall_20180910035650_accuracy.log"
3.0 minutes, 20 seconds for complete run of verysmall dataset.
