1.0 minutes, 45 seconds for complete training of full dataset.
Training Accuracy on full dataset : 0.8562006381573439
19.0 minutes, 3 seconds for complete training inference of full dataset.
Development Accuracy on full dataset : 0.7240055940416952
4.0 minutes, 22 seconds for complete development inference of full dataset.
Test Accuracy on full dataset : 0.7075081683003267
2.0 minutes, 4 seconds for complete test inference of full dataset.
27.0 minutes, 15 seconds for complete run of full dataset.
0.0 minutes, 14 seconds for complete training of small dataset.
Training Accuracy on small dataset : 0.8509310853931514
2.0 minutes, 54 seconds for complete training inference of small dataset.
Development Accuracy on small dataset : 0.6750041687510422
0.0 minutes, 45 seconds for complete development inference of small dataset.
Test Accuracy on small dataset : 0.6846846846846847
0.0 minutes, 22 seconds for complete test inference of small dataset.
4.0 minutes, 17 seconds for complete run of small dataset.
0.0 minutes, 10 seconds for complete training of verysmall dataset.
Training Accuracy on verysmall dataset : 0.8796799085452986
1.0 minutes, 42 seconds for complete training inference of verysmall dataset.
Development Accuracy on verysmall dataset : 0.6756756756756757
0.0 minutes, 26 seconds for complete development inference of verysmall dataset.
Test Accuracy on verysmall dataset : 0.6005344021376086
0.0 minutes, 12 seconds for complete test inference of verysmall dataset.
2.0 minutes, 31 seconds for complete run of verysmall dataset.
