[nltk_data] Downloading package stopwords to
[nltk_data]     /home/sourabhbalgi/nltk_data...
[nltk_data]   Package stopwords is already up-to-date!
[nltk_data] Downloading package punkt to
[nltk_data]     /home/sourabhbalgi/nltk_data...
[nltk_data]   Package punkt is already up-to-date!

Extracting data from  "../../../ds222/assignment-1/DBPedia.verysmall/verysmall_train.txt" ...

Total number of training documents : 10497

Shape of one-hot-encoded labels : (10497, 49)

List of classes : ['American_comedy_films' 'American_drama_films' 'American_film_actresses'
 'American_film_directors' 'American_films' 'American_male_film_actors'
 'American_male_television_actors'
 'American_military_personnel_of_World_War_II'
 'American_people_of_Irish_descent' 'American_television_actresses'
 'Articles_containing_video_clips' 'Association_football_defenders'
 'Association_football_forwards' 'Association_football_goalkeepers'
 'Association_football_midfielders' 'Asteroids_named_for_people'
 'Australian_rules_footballers_from_Victoria_(Australia)'
 'Black-and-white_films' 'Brazilian_footballers' 'British_films'
 'Columbia_University_alumni' 'Deaths_from_myocardial_infarction'
 'English-language_albums' 'English-language_films'
 'English-language_journals' 'English-language_television_programming'
 'English_cricketers' 'English_footballers' 'Fellows_of_the_Royal_Society'
 'French_films' 'German_footballers' 'Guggenheim_Fellows'
 'Harvard_University_alumni' 'Hindi-language_films' 'Indian_films'
 'Insects_of_Europe' 'Italian_films' 'Italian_footballers'
 'Main_Belt_asteroids' 'Major_League_Baseball_pitchers'
 'Rivers_of_Romania' 'Russian_footballers' 'Scottish_footballers'
 'Serie_A_players' 'The_Football_League_players' 'Villages_in_Turkey'
 'Villages_in_the_Czech_Republic' 'Windows_games' 'Yale_University_alumni']

Total number of classes : 49

Creating Mappings for labels ...

Calculating prior probabilities ...

Log prior probabilities of classes : [-4.99856271 -4.26139865 -3.03706047 -3.8671606  -2.80022764 -2.73056906
 -2.95864193 -3.40932751 -3.06126094 -3.20347545 -2.12952809 -7.40650832
 -5.7535853  -6.46823868 -5.91485344 -7.99429499 -7.20583763 -3.37917447
 -8.21743854 -4.22845449 -3.82608058 -3.09198757 -3.54694889 -2.3306403
 -6.51269045 -3.1391446  -6.55921046 -5.34105302 -2.99438366 -5.00861305
 -7.03878354 -3.2883749  -3.27579612 -7.20583763 -6.77051955 -7.30114781
 -5.7119126  -8.50512061 -6.96467557 -4.90325253 -7.99429499 -8.91058572
 -6.96467557 -6.04838484 -5.11509653 -9.6037329  -8.50512061 -4.05855545
 -4.12309398]

Preprocessing (stemming, stopword removal, tokenization) train data ...

Creating mappings for vocabulary ...

Length of vocabulary : 43636

Big-doc creation for each class to find word counts ...
Number of model parameters for verysmall dataset = 192930.
0.0 minutes, 20 seconds for complete training of verysmall dataset.

Saved "final_verysmall_wordclass_counts.json"

Saved "final_verysmall_mappings.json"

Calculating accuracy on training data ...

Training Accuracy on verysmall dataset : 0.8671048871106031

Saved predicted labels for training data in "final_verysmall_trn_pred_labels.txt"
1.0 minutes, 42 seconds for complete training inference of verysmall dataset.

Extracting data from development set ...

Total number of development documents : 2997

Preprocessing (stemming, stopword removal, tokenization) development data ...

Development Accuracy on verysmall dataset : 0.674341007674341

Saved predicted labels for development data in "final_verysmall_dev_pred_labels.txt"
0.0 minutes, 30 seconds for complete development inference of verysmall dataset.

Extracting data from test set ...

Total number of testing documents : 1497

Preprocessing (stemming, stopword removal, tokenization) test data ...

Test Accuracy on verysmall dataset : 0.5998663994655978

Saved predicted labels for test data in "final_verysmall_tst_pred_labels.txt"
0.0 minutes, 12 seconds for complete test inference of verysmall dataset.
Train  Development      Test
0.867105     0.674341  0.599866

Saved model accuracies for verysmall in "final_verysmall_20180912194431_accuracy.log"
2.0 minutes, 45 seconds for complete run of verysmall dataset.
