SLF4J: Class path contains multiple SLF4J bindings.
SLF4J: Found binding in [jar:file:/usr/hdp/2.6.1.0-129/hadoop/lib/slf4j-log4j12-1.7.10.jar!/org/slf4j/impl/StaticLoggerBinder.class]
SLF4J: Found binding in [jar:file:/usr/hdp/2.6.1.0-129/hadoop-mapreduce/lib/giraph-examples-1.3.0-SNAPSHOT-for-hadoop-2.7.3-jar-with-dependencies.jar!/org/slf4j/impl/StaticLoggerBinder.class]
SLF4J: See http://www.slf4j.org/codes.html#multiple_bindings for an explanation.
SLF4J: Actual binding is of type [org.slf4j.impl.Log4jLoggerFactory]
rm: `/user/sourabhbalgi/train_docwordcount_mapred_10/*': No such file or directory
SLF4J: Class path contains multiple SLF4J bindings.
SLF4J: Found binding in [jar:file:/usr/hdp/2.6.1.0-129/hadoop/lib/slf4j-log4j12-1.7.10.jar!/org/slf4j/impl/StaticLoggerBinder.class]
SLF4J: Found binding in [jar:file:/usr/hdp/2.6.1.0-129/hadoop-mapreduce/lib/giraph-examples-1.3.0-SNAPSHOT-for-hadoop-2.7.3-jar-with-dependencies.jar!/org/slf4j/impl/StaticLoggerBinder.class]
SLF4J: See http://www.slf4j.org/codes.html#multiple_bindings for an explanation.
SLF4J: Actual binding is of type [org.slf4j.impl.Log4jLoggerFactory]
rmdir: `/user/sourabhbalgi/train_docwordcount_mapred_10': No such file or directory
SLF4J: Class path contains multiple SLF4J bindings.
SLF4J: Found binding in [jar:file:/usr/hdp/2.6.1.0-129/hadoop/lib/slf4j-log4j12-1.7.10.jar!/org/slf4j/impl/StaticLoggerBinder.class]
SLF4J: Found binding in [jar:file:/usr/hdp/2.6.1.0-129/hadoop-mapreduce/lib/giraph-examples-1.3.0-SNAPSHOT-for-hadoop-2.7.3-jar-with-dependencies.jar!/org/slf4j/impl/StaticLoggerBinder.class]
SLF4J: See http://www.slf4j.org/codes.html#multiple_bindings for an explanation.
SLF4J: Actual binding is of type [org.slf4j.impl.Log4jLoggerFactory]
18/09/12 13:00:11 WARN streaming.StreamJob: -file option is deprecated, please use generic option -files instead.
packageJobJar: [./get_docwordcount_map.py, ./get_docwordcount_red.py] [/usr/hdp/2.6.1.0-129/hadoop-mapreduce/hadoop-streaming-2.7.3.2.6.1.0-129.jar] /tmp/streamjob5001145059228818092.jar tmpDir=null
18/09/12 13:00:12 INFO client.RMProxy: Connecting to ResourceManager at turing.cds.iisc.ac.in/10.24.1.32:8050
18/09/12 13:00:12 INFO client.AHSProxy: Connecting to Application History server at turing.cds.iisc.ac.in/10.24.1.32:10200
18/09/12 13:00:12 INFO client.RMProxy: Connecting to ResourceManager at turing.cds.iisc.ac.in/10.24.1.32:8050
18/09/12 13:00:12 INFO client.AHSProxy: Connecting to Application History server at turing.cds.iisc.ac.in/10.24.1.32:10200
18/09/12 13:00:13 INFO mapred.FileInputFormat: Total input paths to process : 1
18/09/12 13:00:13 INFO mapreduce.JobSubmitter: number of splits:2
18/09/12 13:00:13 INFO mapreduce.JobSubmitter: Submitting tokens for job: job_1524406905265_2956
18/09/12 13:00:14 INFO impl.YarnClientImpl: Submitted application application_1524406905265_2956
18/09/12 13:00:14 INFO mapreduce.Job: The url to track the job: http://turing.cds.iisc.ac.in:8088/proxy/application_1524406905265_2956/
18/09/12 13:00:14 INFO mapreduce.Job: Running job: job_1524406905265_2956
18/09/12 13:00:24 INFO mapreduce.Job: Job job_1524406905265_2956 running in uber mode : false
18/09/12 13:00:24 INFO mapreduce.Job:  map 0% reduce 0%
18/09/12 13:00:41 INFO mapreduce.Job:  map 1% reduce 0%
18/09/12 13:00:47 INFO mapreduce.Job:  map 2% reduce 0%
18/09/12 13:00:50 INFO mapreduce.Job:  map 3% reduce 0%
18/09/12 13:00:56 INFO mapreduce.Job:  map 4% reduce 0%
18/09/12 13:01:00 INFO mapreduce.Job:  map 5% reduce 0%
18/09/12 13:01:03 INFO mapreduce.Job:  map 6% reduce 0%
18/09/12 13:01:07 INFO mapreduce.Job:  map 7% reduce 0%
18/09/12 13:01:12 INFO mapreduce.Job:  map 8% reduce 0%
18/09/12 13:01:15 INFO mapreduce.Job:  map 9% reduce 0%
18/09/12 13:01:19 INFO mapreduce.Job:  map 10% reduce 0%
18/09/12 13:01:22 INFO mapreduce.Job:  map 11% reduce 0%
18/09/12 13:01:27 INFO mapreduce.Job:  map 12% reduce 0%
18/09/12 13:01:30 INFO mapreduce.Job:  map 13% reduce 0%
18/09/12 13:01:33 INFO mapreduce.Job:  map 14% reduce 0%
18/09/12 13:01:37 INFO mapreduce.Job:  map 15% reduce 0%
18/09/12 13:01:39 INFO mapreduce.Job:  map 16% reduce 0%
18/09/12 13:01:45 INFO mapreduce.Job:  map 17% reduce 0%
18/09/12 13:01:48 INFO mapreduce.Job:  map 18% reduce 0%
18/09/12 13:01:51 INFO mapreduce.Job:  map 19% reduce 0%
18/09/12 13:01:54 INFO mapreduce.Job:  map 20% reduce 0%
18/09/12 13:02:00 INFO mapreduce.Job:  map 21% reduce 0%
18/09/12 13:02:03 INFO mapreduce.Job:  map 22% reduce 0%
18/09/12 13:02:07 INFO mapreduce.Job:  map 23% reduce 0%
18/09/12 13:02:10 INFO mapreduce.Job:  map 24% reduce 0%
18/09/12 13:02:13 INFO mapreduce.Job:  map 25% reduce 0%
18/09/12 13:02:16 INFO mapreduce.Job:  map 26% reduce 0%
18/09/12 13:02:22 INFO mapreduce.Job:  map 27% reduce 0%
18/09/12 13:02:25 INFO mapreduce.Job:  map 28% reduce 0%
18/09/12 13:02:29 INFO mapreduce.Job:  map 29% reduce 0%
18/09/12 13:02:32 INFO mapreduce.Job:  map 30% reduce 0%
18/09/12 13:02:35 INFO mapreduce.Job:  map 31% reduce 0%
18/09/12 13:02:40 INFO mapreduce.Job:  map 32% reduce 0%
18/09/12 13:02:44 INFO mapreduce.Job:  map 33% reduce 0%
18/09/12 13:02:47 INFO mapreduce.Job:  map 34% reduce 0%
18/09/12 13:02:50 INFO mapreduce.Job:  map 35% reduce 0%
18/09/12 13:02:55 INFO mapreduce.Job:  map 36% reduce 0%
18/09/12 13:02:58 INFO mapreduce.Job:  map 37% reduce 0%
18/09/12 13:03:02 INFO mapreduce.Job:  map 38% reduce 0%
18/09/12 13:03:05 INFO mapreduce.Job:  map 39% reduce 0%
18/09/12 13:03:08 INFO mapreduce.Job:  map 40% reduce 0%
18/09/12 13:03:13 INFO mapreduce.Job:  map 41% reduce 0%
18/09/12 13:03:16 INFO mapreduce.Job:  map 42% reduce 0%
18/09/12 13:03:20 INFO mapreduce.Job:  map 43% reduce 0%
18/09/12 13:03:23 INFO mapreduce.Job:  map 44% reduce 0%
18/09/12 13:03:28 INFO mapreduce.Job:  map 45% reduce 0%
18/09/12 13:03:31 INFO mapreduce.Job:  map 46% reduce 0%
18/09/12 13:03:34 INFO mapreduce.Job:  map 47% reduce 0%
18/09/12 13:03:37 INFO mapreduce.Job:  map 48% reduce 0%
18/09/12 13:03:41 INFO mapreduce.Job:  map 49% reduce 0%
18/09/12 13:03:44 INFO mapreduce.Job:  map 50% reduce 0%
18/09/12 13:03:47 INFO mapreduce.Job:  map 51% reduce 0%
18/09/12 13:03:52 INFO mapreduce.Job:  map 52% reduce 0%
18/09/12 13:03:55 INFO mapreduce.Job:  map 53% reduce 0%
18/09/12 13:03:58 INFO mapreduce.Job:  map 54% reduce 0%
18/09/12 13:04:02 INFO mapreduce.Job:  map 55% reduce 0%
18/09/12 13:04:05 INFO mapreduce.Job:  map 56% reduce 0%
18/09/12 13:04:11 INFO mapreduce.Job:  map 57% reduce 0%
18/09/12 13:04:14 INFO mapreduce.Job:  map 58% reduce 0%
18/09/12 13:04:18 INFO mapreduce.Job:  map 59% reduce 0%
18/09/12 13:04:21 INFO mapreduce.Job:  map 60% reduce 0%
18/09/12 13:04:24 INFO mapreduce.Job:  map 61% reduce 0%
18/09/12 13:04:29 INFO mapreduce.Job:  map 62% reduce 0%
18/09/12 13:04:31 INFO mapreduce.Job:  map 63% reduce 0%
18/09/12 13:04:36 INFO mapreduce.Job:  map 64% reduce 0%
18/09/12 13:04:39 INFO mapreduce.Job:  map 65% reduce 0%
18/09/12 13:04:47 INFO mapreduce.Job:  map 66% reduce 0%
18/09/12 13:04:51 INFO mapreduce.Job:  map 83% reduce 0%
18/09/12 13:05:03 INFO mapreduce.Job:  map 83% reduce 3%
18/09/12 13:05:04 INFO mapreduce.Job:  map 83% reduce 17%
18/09/12 13:05:07 INFO mapreduce.Job:  map 100% reduce 17%
18/09/12 13:05:09 INFO mapreduce.Job:  map 100% reduce 26%
18/09/12 13:05:10 INFO mapreduce.Job:  map 100% reduce 69%
18/09/12 13:05:12 INFO mapreduce.Job:  map 100% reduce 74%
18/09/12 13:05:13 INFO mapreduce.Job:  map 100% reduce 90%
18/09/12 13:05:14 INFO mapreduce.Job:  map 100% reduce 92%
18/09/12 13:05:15 INFO mapreduce.Job:  map 100% reduce 100%
18/09/12 13:05:16 INFO mapreduce.Job: Job job_1524406905265_2956 completed successfully
18/09/12 13:05:16 INFO mapreduce.Job: Counters: 49
	File System Counters
		FILE: Number of bytes read=522184021
		FILE: Number of bytes written=1046174404
		FILE: Number of read operations=0
		FILE: Number of large read operations=0
		FILE: Number of write operations=0
		HDFS: Number of bytes read=131308644
		HDFS: Number of bytes written=503782526
		HDFS: Number of read operations=36
		HDFS: Number of large read operations=0
		HDFS: Number of write operations=20
	Job Counters 
		Launched map tasks=2
		Launched reduce tasks=10
		Rack-local map tasks=2
		Total time spent by all maps in occupied slots (ms)=3271398
		Total time spent by all reduces in occupied slots (ms)=2421936
		Total time spent by all map tasks (ms)=545233
		Total time spent by all reduce tasks (ms)=201828
		Total vcore-milliseconds taken by all map tasks=545233
		Total vcore-milliseconds taken by all reduce tasks=201828
		Total megabyte-milliseconds taken by all map tasks=3349911552
		Total megabyte-milliseconds taken by all reduce tasks=2480062464
	Map-Reduce Framework
		Map input records=214997
		Map output records=9767555
		Map output bytes=502644728
		Map output materialized bytes=522184081
		Input split bytes=274
		Combine input records=0
		Combine output records=0
		Reduce input groups=7663340
		Reduce shuffle bytes=522184081
		Reduce input records=9767555
		Reduce output records=7663340
		Spilled Records=19535110
		Shuffled Maps =20
		Failed Shuffles=0
		Merged Map outputs=20
		GC time elapsed (ms)=3781
		CPU time spent (ms)=681330
		Physical memory (bytes) snapshot=8522395648
		Virtual memory (bytes) snapshot=138460024832
		Total committed heap usage (bytes)=9226420224
	Shuffle Errors
		BAD_ID=0
		CONNECTION=0
		IO_ERROR=0
		WRONG_LENGTH=0
		WRONG_MAP=0
		WRONG_REDUCE=0
	File Input Format Counters 
		Bytes Read=131308370
	File Output Format Counters 
		Bytes Written=503782526
18/09/12 13:05:16 INFO streaming.StreamJob: Output directory: /user/sourabhbalgi/train_docwordcount_mapred_10

>>> Number of reducers used by train_docwordcount_mapred_10 = 10. 

./find_accuracy.sh: line 21: 0: command not found

>>> train_docwordcount_mapred_10 Job completed. 

SLF4J: Class path contains multiple SLF4J bindings.
SLF4J: Found binding in [jar:file:/usr/hdp/2.6.1.0-129/hadoop/lib/slf4j-log4j12-1.7.10.jar!/org/slf4j/impl/StaticLoggerBinder.class]
SLF4J: Found binding in [jar:file:/usr/hdp/2.6.1.0-129/hadoop-mapreduce/lib/giraph-examples-1.3.0-SNAPSHOT-for-hadoop-2.7.3-jar-with-dependencies.jar!/org/slf4j/impl/StaticLoggerBinder.class]
SLF4J: See http://www.slf4j.org/codes.html#multiple_bindings for an explanation.
SLF4J: Actual binding is of type [org.slf4j.impl.Log4jLoggerFactory]
rm: `/user/sourabhbalgi/train_postprob_mapred/*': No such file or directory
SLF4J: Class path contains multiple SLF4J bindings.
SLF4J: Found binding in [jar:file:/usr/hdp/2.6.1.0-129/hadoop/lib/slf4j-log4j12-1.7.10.jar!/org/slf4j/impl/StaticLoggerBinder.class]
SLF4J: Found binding in [jar:file:/usr/hdp/2.6.1.0-129/hadoop-mapreduce/lib/giraph-examples-1.3.0-SNAPSHOT-for-hadoop-2.7.3-jar-with-dependencies.jar!/org/slf4j/impl/StaticLoggerBinder.class]
SLF4J: See http://www.slf4j.org/codes.html#multiple_bindings for an explanation.
SLF4J: Actual binding is of type [org.slf4j.impl.Log4jLoggerFactory]
rmdir: `/user/sourabhbalgi/train_postprob_mapred': No such file or directory
SLF4J: Class path contains multiple SLF4J bindings.
SLF4J: Found binding in [jar:file:/usr/hdp/2.6.1.0-129/hadoop/lib/slf4j-log4j12-1.7.10.jar!/org/slf4j/impl/StaticLoggerBinder.class]
SLF4J: Found binding in [jar:file:/usr/hdp/2.6.1.0-129/hadoop-mapreduce/lib/giraph-examples-1.3.0-SNAPSHOT-for-hadoop-2.7.3-jar-with-dependencies.jar!/org/slf4j/impl/StaticLoggerBinder.class]
SLF4J: See http://www.slf4j.org/codes.html#multiple_bindings for an explanation.
SLF4J: Actual binding is of type [org.slf4j.impl.Log4jLoggerFactory]
18/09/12 13:05:21 WARN streaming.StreamJob: -file option is deprecated, please use generic option -files instead.
packageJobJar: [./calc_postprob_map.py, ./calc_postprob_red.py] [/usr/hdp/2.6.1.0-129/hadoop-mapreduce/hadoop-streaming-2.7.3.2.6.1.0-129.jar] /tmp/streamjob6105829703419226111.jar tmpDir=null
18/09/12 13:05:22 INFO client.RMProxy: Connecting to ResourceManager at turing.cds.iisc.ac.in/10.24.1.32:8050
18/09/12 13:05:22 INFO client.AHSProxy: Connecting to Application History server at turing.cds.iisc.ac.in/10.24.1.32:10200
18/09/12 13:05:22 INFO client.RMProxy: Connecting to ResourceManager at turing.cds.iisc.ac.in/10.24.1.32:8050
18/09/12 13:05:22 INFO client.AHSProxy: Connecting to Application History server at turing.cds.iisc.ac.in/10.24.1.32:10200
18/09/12 13:05:23 INFO mapred.FileInputFormat: Total input paths to process : 11
18/09/12 13:05:23 INFO mapreduce.JobSubmitter: number of splits:11
18/09/12 13:05:23 INFO mapreduce.JobSubmitter: Submitting tokens for job: job_1524406905265_2957
18/09/12 13:05:24 INFO impl.YarnClientImpl: Submitted application application_1524406905265_2957
18/09/12 13:05:24 INFO mapreduce.Job: The url to track the job: http://turing.cds.iisc.ac.in:8088/proxy/application_1524406905265_2957/
18/09/12 13:05:24 INFO mapreduce.Job: Running job: job_1524406905265_2957
18/09/12 13:05:31 INFO mapreduce.Job: Job job_1524406905265_2957 running in uber mode : false
18/09/12 13:05:31 INFO mapreduce.Job:  map 0% reduce 0%
18/09/12 13:05:42 INFO mapreduce.Job:  map 45% reduce 0%
18/09/12 13:05:43 INFO mapreduce.Job:  map 57% reduce 0%
18/09/12 13:05:44 INFO mapreduce.Job:  map 84% reduce 0%
18/09/12 13:05:47 INFO mapreduce.Job:  map 97% reduce 0%
18/09/12 13:05:49 INFO mapreduce.Job:  map 100% reduce 0%
18/09/12 13:05:54 INFO mapreduce.Job:  map 100% reduce 35%
18/09/12 13:05:57 INFO mapreduce.Job:  map 100% reduce 52%
18/09/12 13:06:00 INFO mapreduce.Job:  map 100% reduce 67%
18/09/12 13:09:29 INFO mapreduce.Job:  map 100% reduce 68%
18/09/12 13:15:12 INFO mapreduce.Job:  map 100% reduce 69%
18/09/12 13:21:11 INFO mapreduce.Job:  map 100% reduce 70%
18/09/12 13:27:49 INFO mapreduce.Job:  map 100% reduce 71%
18/09/12 13:32:38 INFO mapreduce.Job:  map 100% reduce 72%
18/09/12 13:38:01 INFO mapreduce.Job:  map 100% reduce 73%
18/09/12 13:43:29 INFO mapreduce.Job:  map 100% reduce 74%
18/09/12 13:49:25 INFO mapreduce.Job:  map 100% reduce 75%
18/09/12 13:55:24 INFO mapreduce.Job:  map 100% reduce 76%
18/09/12 14:01:01 INFO mapreduce.Job:  map 100% reduce 77%
18/09/12 14:06:36 INFO mapreduce.Job:  map 100% reduce 78%
18/09/12 14:13:08 INFO mapreduce.Job:  map 100% reduce 79%
18/09/12 14:18:51 INFO mapreduce.Job:  map 100% reduce 80%
18/09/12 14:23:53 INFO mapreduce.Job:  map 100% reduce 81%
18/09/12 14:29:19 INFO mapreduce.Job:  map 100% reduce 82%
18/09/12 14:35:15 INFO mapreduce.Job:  map 100% reduce 83%
18/09/12 14:41:32 INFO mapreduce.Job:  map 100% reduce 84%
18/09/12 14:47:06 INFO mapreduce.Job:  map 100% reduce 85%
18/09/12 14:52:38 INFO mapreduce.Job:  map 100% reduce 86%
18/09/12 14:58:25 INFO mapreduce.Job:  map 100% reduce 87%
18/09/12 15:04:14 INFO mapreduce.Job:  map 100% reduce 88%
18/09/12 15:10:01 INFO mapreduce.Job:  map 100% reduce 89%
18/09/12 15:16:15 INFO mapreduce.Job:  map 100% reduce 90%
18/09/12 15:21:58 INFO mapreduce.Job:  map 100% reduce 91%
18/09/12 15:27:30 INFO mapreduce.Job:  map 100% reduce 92%
18/09/12 15:33:22 INFO mapreduce.Job:  map 100% reduce 93%
18/09/12 15:39:21 INFO mapreduce.Job:  map 100% reduce 94%
18/09/12 15:44:32 INFO mapreduce.Job:  map 100% reduce 95%
18/09/12 15:50:27 INFO mapreduce.Job:  map 100% reduce 96%
18/09/12 15:55:59 INFO mapreduce.Job:  map 100% reduce 97%
18/09/12 16:01:18 INFO mapreduce.Job:  map 100% reduce 98%
18/09/12 16:07:02 INFO mapreduce.Job:  map 100% reduce 99%
18/09/12 16:12:37 INFO mapreduce.Job:  map 100% reduce 100%
18/09/12 16:15:24 INFO mapreduce.Job: Job job_1524406905265_2957 completed successfully
18/09/12 16:15:25 INFO mapreduce.Job: Counters: 50
	File System Counters
		FILE: Number of bytes read=559092492
		FILE: Number of bytes written=1119991938
		FILE: Number of read operations=0
		FILE: Number of large read operations=0
		FILE: Number of write operations=0
		HDFS: Number of bytes read=551709591
		HDFS: Number of bytes written=30482947121
		HDFS: Number of read operations=36
		HDFS: Number of large read operations=0
		HDFS: Number of write operations=2
	Job Counters 
		Launched map tasks=11
		Launched reduce tasks=1
		Data-local map tasks=8
		Rack-local map tasks=3
		Total time spent by all maps in occupied slots (ms)=784260
		Total time spent by all reduces in occupied slots (ms)=136549104
		Total time spent by all map tasks (ms)=130710
		Total time spent by all reduce tasks (ms)=11379092
		Total vcore-milliseconds taken by all map tasks=130710
		Total vcore-milliseconds taken by all reduce tasks=11379092
		Total megabyte-milliseconds taken by all map tasks=803082240
		Total megabyte-milliseconds taken by all reduce tasks=139826282496
	Map-Reduce Framework
		Map input records=8761447
		Map output records=8540610
		Map output bytes=542006277
		Map output materialized bytes=559092552
		Input split bytes=1563
		Combine input records=0
		Combine output records=0
		Reduce input groups=1197765
		Reduce shuffle bytes=559092552
		Reduce input records=8540610
		Reduce output records=389606650
		Spilled Records=17081220
		Shuffled Maps =11
		Failed Shuffles=0
		Merged Map outputs=11
		GC time elapsed (ms)=9333
		CPU time spent (ms)=12937670
		Physical memory (bytes) snapshot=27715940352
		Virtual memory (bytes) snapshot=90096226304
		Total committed heap usage (bytes)=27385135104
	Shuffle Errors
		BAD_ID=0
		CONNECTION=0
		IO_ERROR=0
		WRONG_LENGTH=0
		WRONG_MAP=0
		WRONG_REDUCE=0
	File Input Format Counters 
		Bytes Read=551708028
	File Output Format Counters 
		Bytes Written=30482947121
18/09/12 16:15:25 INFO streaming.StreamJob: Output directory: /user/sourabhbalgi/train_postprob_mapred

>>> Number of reducers used by train_postprob_mapred = 1. 


>>> train_postprob_mapred Job completed. 

SLF4J: Class path contains multiple SLF4J bindings.
SLF4J: Found binding in [jar:file:/usr/hdp/2.6.1.0-129/hadoop/lib/slf4j-log4j12-1.7.10.jar!/org/slf4j/impl/StaticLoggerBinder.class]
SLF4J: Found binding in [jar:file:/usr/hdp/2.6.1.0-129/hadoop-mapreduce/lib/giraph-examples-1.3.0-SNAPSHOT-for-hadoop-2.7.3-jar-with-dependencies.jar!/org/slf4j/impl/StaticLoggerBinder.class]
SLF4J: See http://www.slf4j.org/codes.html#multiple_bindings for an explanation.
SLF4J: Actual binding is of type [org.slf4j.impl.Log4jLoggerFactory]
rm: `/user/sourabhbalgi/train_accuracy_mapred_10/*': No such file or directory
SLF4J: Class path contains multiple SLF4J bindings.
SLF4J: Found binding in [jar:file:/usr/hdp/2.6.1.0-129/hadoop/lib/slf4j-log4j12-1.7.10.jar!/org/slf4j/impl/StaticLoggerBinder.class]
SLF4J: Found binding in [jar:file:/usr/hdp/2.6.1.0-129/hadoop-mapreduce/lib/giraph-examples-1.3.0-SNAPSHOT-for-hadoop-2.7.3-jar-with-dependencies.jar!/org/slf4j/impl/StaticLoggerBinder.class]
SLF4J: See http://www.slf4j.org/codes.html#multiple_bindings for an explanation.
SLF4J: Actual binding is of type [org.slf4j.impl.Log4jLoggerFactory]
rmdir: `/user/sourabhbalgi/train_accuracy_mapred_10': No such file or directory
SLF4J: Class path contains multiple SLF4J bindings.
SLF4J: Found binding in [jar:file:/usr/hdp/2.6.1.0-129/hadoop/lib/slf4j-log4j12-1.7.10.jar!/org/slf4j/impl/StaticLoggerBinder.class]
SLF4J: Found binding in [jar:file:/usr/hdp/2.6.1.0-129/hadoop-mapreduce/lib/giraph-examples-1.3.0-SNAPSHOT-for-hadoop-2.7.3-jar-with-dependencies.jar!/org/slf4j/impl/StaticLoggerBinder.class]
SLF4J: See http://www.slf4j.org/codes.html#multiple_bindings for an explanation.
SLF4J: Actual binding is of type [org.slf4j.impl.Log4jLoggerFactory]
18/09/12 16:15:30 WARN streaming.StreamJob: -file option is deprecated, please use generic option -files instead.
packageJobJar: [./calc_accuracy_map_n.py, ./calc_accuracy_red_n.py] [/usr/hdp/2.6.1.0-129/hadoop-mapreduce/hadoop-streaming-2.7.3.2.6.1.0-129.jar] /tmp/streamjob1999714845868923159.jar tmpDir=null
18/09/12 16:15:31 INFO client.RMProxy: Connecting to ResourceManager at turing.cds.iisc.ac.in/10.24.1.32:8050
18/09/12 16:15:31 INFO client.AHSProxy: Connecting to Application History server at turing.cds.iisc.ac.in/10.24.1.32:10200
18/09/12 16:15:31 INFO client.RMProxy: Connecting to ResourceManager at turing.cds.iisc.ac.in/10.24.1.32:8050
18/09/12 16:15:31 INFO client.AHSProxy: Connecting to Application History server at turing.cds.iisc.ac.in/10.24.1.32:10200
18/09/12 16:15:32 INFO mapred.FileInputFormat: Total input paths to process : 1
18/09/12 16:15:32 INFO mapreduce.JobSubmitter: number of splits:228
18/09/12 16:15:32 INFO mapreduce.JobSubmitter: Submitting tokens for job: job_1524406905265_2958
18/09/12 16:15:32 INFO impl.YarnClientImpl: Submitted application application_1524406905265_2958
18/09/12 16:15:33 INFO mapreduce.Job: The url to track the job: http://turing.cds.iisc.ac.in:8088/proxy/application_1524406905265_2958/
18/09/12 16:15:33 INFO mapreduce.Job: Running job: job_1524406905265_2958
18/09/12 16:15:42 INFO mapreduce.Job: Job job_1524406905265_2958 running in uber mode : false
18/09/12 16:15:42 INFO mapreduce.Job:  map 0% reduce 0%
18/09/12 16:15:55 INFO mapreduce.Job:  map 1% reduce 0%
18/09/12 16:15:56 INFO mapreduce.Job:  map 5% reduce 0%
18/09/12 16:15:57 INFO mapreduce.Job:  map 8% reduce 0%
18/09/12 16:15:58 INFO mapreduce.Job:  map 10% reduce 0%
18/09/12 16:15:59 INFO mapreduce.Job:  map 14% reduce 0%
18/09/12 16:16:00 INFO mapreduce.Job:  map 17% reduce 0%
18/09/12 16:16:01 INFO mapreduce.Job:  map 18% reduce 0%
18/09/12 16:16:02 INFO mapreduce.Job:  map 20% reduce 0%
18/09/12 16:16:03 INFO mapreduce.Job:  map 21% reduce 0%
18/09/12 16:16:04 INFO mapreduce.Job:  map 24% reduce 0%
18/09/12 16:16:05 INFO mapreduce.Job:  map 27% reduce 0%
18/09/12 16:16:06 INFO mapreduce.Job:  map 28% reduce 0%
18/09/12 16:16:07 INFO mapreduce.Job:  map 29% reduce 0%
18/09/12 16:16:08 INFO mapreduce.Job:  map 31% reduce 0%
18/09/12 16:16:12 INFO mapreduce.Job:  map 32% reduce 0%
18/09/12 16:16:14 INFO mapreduce.Job:  map 33% reduce 0%
18/09/12 16:16:15 INFO mapreduce.Job:  map 36% reduce 0%
18/09/12 16:16:16 INFO mapreduce.Job:  map 39% reduce 1%
18/09/12 16:16:17 INFO mapreduce.Job:  map 40% reduce 3%
18/09/12 16:16:18 INFO mapreduce.Job:  map 44% reduce 3%
18/09/12 16:16:19 INFO mapreduce.Job:  map 46% reduce 4%
18/09/12 16:16:20 INFO mapreduce.Job:  map 47% reduce 6%
18/09/12 16:16:21 INFO mapreduce.Job:  map 49% reduce 6%
18/09/12 16:16:22 INFO mapreduce.Job:  map 50% reduce 7%
18/09/12 16:16:23 INFO mapreduce.Job:  map 53% reduce 8%
18/09/12 16:16:24 INFO mapreduce.Job:  map 54% reduce 8%
18/09/12 16:16:25 INFO mapreduce.Job:  map 56% reduce 9%
18/09/12 16:16:26 INFO mapreduce.Job:  map 57% reduce 10%
18/09/12 16:16:27 INFO mapreduce.Job:  map 58% reduce 10%
18/09/12 16:16:28 INFO mapreduce.Job:  map 58% reduce 11%
18/09/12 16:16:29 INFO mapreduce.Job:  map 58% reduce 13%
18/09/12 16:16:30 INFO mapreduce.Job:  map 59% reduce 13%
18/09/12 16:16:33 INFO mapreduce.Job:  map 60% reduce 15%
18/09/12 16:16:35 INFO mapreduce.Job:  map 62% reduce 15%
18/09/12 16:16:36 INFO mapreduce.Job:  map 64% reduce 16%
18/09/12 16:16:37 INFO mapreduce.Job:  map 65% reduce 16%
18/09/12 16:16:38 INFO mapreduce.Job:  map 67% reduce 16%
18/09/12 16:16:39 INFO mapreduce.Job:  map 69% reduce 17%
18/09/12 16:16:40 INFO mapreduce.Job:  map 71% reduce 17%
18/09/12 16:16:41 INFO mapreduce.Job:  map 72% reduce 18%
18/09/12 16:16:42 INFO mapreduce.Job:  map 74% reduce 19%
18/09/12 16:16:43 INFO mapreduce.Job:  map 75% reduce 19%
18/09/12 16:16:44 INFO mapreduce.Job:  map 77% reduce 19%
18/09/12 16:16:45 INFO mapreduce.Job:  map 79% reduce 21%
18/09/12 16:16:46 INFO mapreduce.Job:  map 80% reduce 21%
18/09/12 16:16:47 INFO mapreduce.Job:  map 80% reduce 22%
18/09/12 16:16:48 INFO mapreduce.Job:  map 80% reduce 23%
18/09/12 16:16:49 INFO mapreduce.Job:  map 81% reduce 23%
18/09/12 16:16:50 INFO mapreduce.Job:  map 82% reduce 24%
18/09/12 16:16:51 INFO mapreduce.Job:  map 82% reduce 25%
18/09/12 16:16:53 INFO mapreduce.Job:  map 83% reduce 26%
18/09/12 16:16:54 INFO mapreduce.Job:  map 85% reduce 26%
18/09/12 16:16:55 INFO mapreduce.Job:  map 86% reduce 26%
18/09/12 16:16:56 INFO mapreduce.Job:  map 87% reduce 27%
18/09/12 16:16:57 INFO mapreduce.Job:  map 88% reduce 27%
18/09/12 16:16:58 INFO mapreduce.Job:  map 90% reduce 27%
18/09/12 16:16:59 INFO mapreduce.Job:  map 92% reduce 28%
18/09/12 16:17:01 INFO mapreduce.Job:  map 94% reduce 28%
18/09/12 16:17:02 INFO mapreduce.Job:  map 96% reduce 28%
18/09/12 16:17:04 INFO mapreduce.Job:  map 97% reduce 29%
18/09/12 16:17:06 INFO mapreduce.Job:  map 98% reduce 30%
18/09/12 16:17:08 INFO mapreduce.Job:  map 99% reduce 31%
18/09/12 16:17:09 INFO mapreduce.Job:  map 99% reduce 32%
18/09/12 16:17:12 INFO mapreduce.Job:  map 99% reduce 33%
18/09/12 16:17:14 INFO mapreduce.Job:  map 100% reduce 33%
18/09/12 16:17:20 INFO mapreduce.Job:  map 100% reduce 34%
18/09/12 16:17:21 INFO mapreduce.Job:  map 100% reduce 36%
18/09/12 16:17:24 INFO mapreduce.Job:  map 100% reduce 38%
18/09/12 16:17:27 INFO mapreduce.Job:  map 100% reduce 40%
18/09/12 16:17:29 INFO mapreduce.Job:  map 100% reduce 41%
18/09/12 16:17:30 INFO mapreduce.Job:  map 100% reduce 42%
18/09/12 16:17:32 INFO mapreduce.Job:  map 100% reduce 43%
18/09/12 16:17:33 INFO mapreduce.Job:  map 100% reduce 44%
18/09/12 16:17:35 INFO mapreduce.Job:  map 100% reduce 45%
18/09/12 16:17:36 INFO mapreduce.Job:  map 100% reduce 47%
18/09/12 16:17:39 INFO mapreduce.Job:  map 100% reduce 48%
18/09/12 16:17:41 INFO mapreduce.Job:  map 100% reduce 49%
18/09/12 16:17:42 INFO mapreduce.Job:  map 100% reduce 50%
18/09/12 16:17:44 INFO mapreduce.Job:  map 100% reduce 51%
18/09/12 16:17:45 INFO mapreduce.Job:  map 100% reduce 52%
18/09/12 16:17:48 INFO mapreduce.Job:  map 100% reduce 54%
18/09/12 16:17:51 INFO mapreduce.Job:  map 100% reduce 55%
18/09/12 16:17:53 INFO mapreduce.Job:  map 100% reduce 56%
18/09/12 16:17:54 INFO mapreduce.Job:  map 100% reduce 57%
18/09/12 16:17:57 INFO mapreduce.Job:  map 100% reduce 58%
18/09/12 16:17:59 INFO mapreduce.Job:  map 100% reduce 59%
18/09/12 16:18:03 INFO mapreduce.Job:  map 100% reduce 60%
18/09/12 16:18:04 INFO mapreduce.Job:  map 100% reduce 61%
18/09/12 16:18:06 INFO mapreduce.Job:  map 100% reduce 62%
18/09/12 16:18:09 INFO mapreduce.Job:  map 100% reduce 63%
18/09/12 16:18:10 INFO mapreduce.Job:  map 100% reduce 64%
18/09/12 16:18:13 INFO mapreduce.Job:  map 100% reduce 65%
18/09/12 16:18:15 INFO mapreduce.Job:  map 100% reduce 66%
18/09/12 16:18:19 INFO mapreduce.Job:  map 100% reduce 67%
18/09/12 16:18:22 INFO mapreduce.Job:  map 100% reduce 68%
18/09/12 16:18:27 INFO mapreduce.Job:  map 100% reduce 69%
18/09/12 16:18:30 INFO mapreduce.Job:  map 100% reduce 70%
18/09/12 16:18:33 INFO mapreduce.Job:  map 100% reduce 71%
18/09/12 16:18:36 INFO mapreduce.Job:  map 100% reduce 72%
18/09/12 16:18:42 INFO mapreduce.Job:  map 100% reduce 73%
18/09/12 16:18:45 INFO mapreduce.Job:  map 100% reduce 74%
18/09/12 16:18:49 INFO mapreduce.Job:  map 100% reduce 75%
18/09/12 16:18:54 INFO mapreduce.Job:  map 100% reduce 76%
18/09/12 16:18:57 INFO mapreduce.Job:  map 100% reduce 77%
18/09/12 16:19:01 INFO mapreduce.Job:  map 100% reduce 78%
18/09/12 16:19:04 INFO mapreduce.Job:  map 100% reduce 79%
18/09/12 16:19:09 INFO mapreduce.Job:  map 100% reduce 80%
18/09/12 16:19:12 INFO mapreduce.Job:  map 100% reduce 81%
18/09/12 16:19:15 INFO mapreduce.Job:  map 100% reduce 82%
18/09/12 16:19:20 INFO mapreduce.Job:  map 100% reduce 83%
18/09/12 16:19:24 INFO mapreduce.Job:  map 100% reduce 84%
18/09/12 16:19:28 INFO mapreduce.Job:  map 100% reduce 85%
18/09/12 16:19:31 INFO mapreduce.Job:  map 100% reduce 86%
18/09/12 16:19:36 INFO mapreduce.Job:  map 100% reduce 87%
18/09/12 16:19:40 INFO mapreduce.Job:  map 100% reduce 88%
18/09/12 16:19:43 INFO mapreduce.Job:  map 100% reduce 89%
18/09/12 16:19:46 INFO mapreduce.Job:  map 100% reduce 90%
18/09/12 16:19:51 INFO mapreduce.Job:  map 100% reduce 91%
18/09/12 16:19:54 INFO mapreduce.Job:  map 100% reduce 92%
18/09/12 16:19:58 INFO mapreduce.Job:  map 100% reduce 93%
18/09/12 16:20:03 INFO mapreduce.Job:  map 100% reduce 94%
18/09/12 16:20:07 INFO mapreduce.Job:  map 100% reduce 95%
18/09/12 16:20:10 INFO mapreduce.Job:  map 100% reduce 96%
18/09/12 16:20:15 INFO mapreduce.Job:  map 100% reduce 97%
18/09/12 16:20:19 INFO mapreduce.Job:  map 100% reduce 98%
18/09/12 16:20:24 INFO mapreduce.Job:  map 100% reduce 99%
18/09/12 16:20:31 INFO mapreduce.Job:  map 100% reduce 100%
18/09/12 16:20:37 INFO mapreduce.Job: Job job_1524406905265_2958 completed successfully
18/09/12 16:20:37 INFO mapreduce.Job: Counters: 50
	File System Counters
		FILE: Number of bytes read=31262729416
		FILE: Number of bytes written=62561344542
		FILE: Number of read operations=0
		FILE: Number of large read operations=0
		FILE: Number of write operations=0
		HDFS: Number of bytes read=30512731473
		HDFS: Number of bytes written=511196997
		HDFS: Number of read operations=714
		HDFS: Number of large read operations=0
		HDFS: Number of write operations=20
	Job Counters 
		Launched map tasks=228
		Launched reduce tasks=10
		Data-local map tasks=203
		Rack-local map tasks=25
		Total time spent by all maps in occupied slots (ms)=27349230
		Total time spent by all reduces in occupied slots (ms)=31341732
		Total time spent by all map tasks (ms)=4558205
		Total time spent by all reduce tasks (ms)=2611811
		Total vcore-milliseconds taken by all map tasks=4558205
		Total vcore-milliseconds taken by all reduce tasks=2611811
		Total megabyte-milliseconds taken by all map tasks=28005611520
		Total megabyte-milliseconds taken by all reduce tasks=32093933568
	Map-Reduce Framework
		Map input records=389606650
		Map output records=389606650
		Map output bytes=30483223476
		Map output materialized bytes=31262743036
		Input split bytes=31008
		Combine input records=0
		Combine output records=0
		Reduce input groups=6439650
		Reduce shuffle bytes=31262743036
		Reduce input records=389606650
		Reduce output records=6439650
		Spilled Records=779213300
		Shuffled Maps =2280
		Failed Shuffles=0
		Merged Map outputs=2280
		GC time elapsed (ms)=276174
		CPU time spent (ms)=7169950
		Physical memory (bytes) snapshot=592728014848
		Virtual memory (bytes) snapshot=1733909016576
		Total committed heap usage (bytes)=627720585216
	Shuffle Errors
		BAD_ID=0
		CONNECTION=0
		IO_ERROR=0
		WRONG_LENGTH=0
		WRONG_MAP=0
		WRONG_REDUCE=0
	File Input Format Counters 
		Bytes Read=30512700465
	File Output Format Counters 
		Bytes Written=511196997
18/09/12 16:20:37 INFO streaming.StreamJob: Output directory: /user/sourabhbalgi/train_accuracy_mapred_10

>>> Number of reducers used by train_accuracy_mapred = 10. 


>>> train_accuracy_mapred Job completed. 

SLF4J: Class path contains multiple SLF4J bindings.
SLF4J: Found binding in [jar:file:/usr/hdp/2.6.1.0-129/hadoop/lib/slf4j-log4j12-1.7.10.jar!/org/slf4j/impl/StaticLoggerBinder.class]
SLF4J: Found binding in [jar:file:/usr/hdp/2.6.1.0-129/hadoop-mapreduce/lib/giraph-examples-1.3.0-SNAPSHOT-for-hadoop-2.7.3-jar-with-dependencies.jar!/org/slf4j/impl/StaticLoggerBinder.class]
SLF4J: See http://www.slf4j.org/codes.html#multiple_bindings for an explanation.
SLF4J: Actual binding is of type [org.slf4j.impl.Log4jLoggerFactory]
rm: `/user/sourabhbalgi/train_accuracy_mapred/*': No such file or directory
SLF4J: Class path contains multiple SLF4J bindings.
SLF4J: Found binding in [jar:file:/usr/hdp/2.6.1.0-129/hadoop/lib/slf4j-log4j12-1.7.10.jar!/org/slf4j/impl/StaticLoggerBinder.class]
SLF4J: Found binding in [jar:file:/usr/hdp/2.6.1.0-129/hadoop-mapreduce/lib/giraph-examples-1.3.0-SNAPSHOT-for-hadoop-2.7.3-jar-with-dependencies.jar!/org/slf4j/impl/StaticLoggerBinder.class]
SLF4J: See http://www.slf4j.org/codes.html#multiple_bindings for an explanation.
SLF4J: Actual binding is of type [org.slf4j.impl.Log4jLoggerFactory]
rmdir: `/user/sourabhbalgi/train_accuracy_mapred': No such file or directory
SLF4J: Class path contains multiple SLF4J bindings.
SLF4J: Found binding in [jar:file:/usr/hdp/2.6.1.0-129/hadoop/lib/slf4j-log4j12-1.7.10.jar!/org/slf4j/impl/StaticLoggerBinder.class]
SLF4J: Found binding in [jar:file:/usr/hdp/2.6.1.0-129/hadoop-mapreduce/lib/giraph-examples-1.3.0-SNAPSHOT-for-hadoop-2.7.3-jar-with-dependencies.jar!/org/slf4j/impl/StaticLoggerBinder.class]
SLF4J: See http://www.slf4j.org/codes.html#multiple_bindings for an explanation.
SLF4J: Actual binding is of type [org.slf4j.impl.Log4jLoggerFactory]
18/09/12 16:20:43 WARN streaming.StreamJob: -file option is deprecated, please use generic option -files instead.
packageJobJar: [./calc_accuracy_map_final.py, ./calc_accuracy_red_final.py] [/usr/hdp/2.6.1.0-129/hadoop-mapreduce/hadoop-streaming-2.7.3.2.6.1.0-129.jar] /tmp/streamjob479481505017524318.jar tmpDir=null
18/09/12 16:20:43 INFO client.RMProxy: Connecting to ResourceManager at turing.cds.iisc.ac.in/10.24.1.32:8050
18/09/12 16:20:44 INFO client.AHSProxy: Connecting to Application History server at turing.cds.iisc.ac.in/10.24.1.32:10200
18/09/12 16:20:44 INFO client.RMProxy: Connecting to ResourceManager at turing.cds.iisc.ac.in/10.24.1.32:8050
18/09/12 16:20:44 INFO client.AHSProxy: Connecting to Application History server at turing.cds.iisc.ac.in/10.24.1.32:10200
18/09/12 16:20:44 INFO mapred.FileInputFormat: Total input paths to process : 10
18/09/12 16:20:45 INFO mapreduce.JobSubmitter: number of splits:10
18/09/12 16:20:45 INFO mapreduce.JobSubmitter: Submitting tokens for job: job_1524406905265_2959
18/09/12 16:20:45 INFO impl.YarnClientImpl: Submitted application application_1524406905265_2959
18/09/12 16:20:45 INFO mapreduce.Job: The url to track the job: http://turing.cds.iisc.ac.in:8088/proxy/application_1524406905265_2959/
18/09/12 16:20:45 INFO mapreduce.Job: Running job: job_1524406905265_2959
18/09/12 16:20:52 INFO mapreduce.Job: Job job_1524406905265_2959 running in uber mode : false
18/09/12 16:20:52 INFO mapreduce.Job:  map 0% reduce 0%
18/09/12 16:21:02 INFO mapreduce.Job:  map 10% reduce 0%
18/09/12 16:21:03 INFO mapreduce.Job:  map 40% reduce 0%
18/09/12 16:21:04 INFO mapreduce.Job:  map 60% reduce 0%
18/09/12 16:21:06 INFO mapreduce.Job:  map 73% reduce 0%
18/09/12 16:21:07 INFO mapreduce.Job:  map 97% reduce 0%
18/09/12 16:21:08 INFO mapreduce.Job:  map 100% reduce 0%
18/09/12 16:21:14 INFO mapreduce.Job:  map 100% reduce 42%
18/09/12 16:21:17 INFO mapreduce.Job:  map 100% reduce 62%
18/09/12 16:21:19 INFO mapreduce.Job:  map 100% reduce 67%
18/09/12 16:21:22 INFO mapreduce.Job:  map 100% reduce 71%
18/09/12 16:21:25 INFO mapreduce.Job:  map 100% reduce 75%
18/09/12 16:21:28 INFO mapreduce.Job:  map 100% reduce 79%
18/09/12 16:21:31 INFO mapreduce.Job:  map 100% reduce 82%
18/09/12 16:21:34 INFO mapreduce.Job:  map 100% reduce 86%
18/09/12 16:21:37 INFO mapreduce.Job:  map 100% reduce 90%
18/09/12 16:21:40 INFO mapreduce.Job:  map 100% reduce 93%
18/09/12 16:21:43 INFO mapreduce.Job:  map 100% reduce 97%
18/09/12 16:21:46 INFO mapreduce.Job:  map 100% reduce 100%
18/09/12 16:21:48 INFO mapreduce.Job: Job job_1524406905265_2959 completed successfully
18/09/12 16:21:48 INFO mapreduce.Job: Counters: 50
	File System Counters
		FILE: Number of bytes read=524085098
		FILE: Number of bytes written=1049826300
		FILE: Number of read operations=0
		FILE: Number of large read operations=0
		FILE: Number of write operations=0
		HDFS: Number of bytes read=511198387
		HDFS: Number of bytes written=4279028
		HDFS: Number of read operations=33
		HDFS: Number of large read operations=0
		HDFS: Number of write operations=2
	Job Counters 
		Launched map tasks=10
		Launched reduce tasks=1
		Data-local map tasks=8
		Rack-local map tasks=2
		Total time spent by all maps in occupied slots (ms)=600492
		Total time spent by all reduces in occupied slots (ms)=526188
		Total time spent by all map tasks (ms)=100082
		Total time spent by all reduce tasks (ms)=43849
		Total vcore-milliseconds taken by all map tasks=100082
		Total vcore-milliseconds taken by all reduce tasks=43849
		Total megabyte-milliseconds taken by all map tasks=614903808
		Total megabyte-milliseconds taken by all reduce tasks=538816512
	Map-Reduce Framework
		Map input records=6439650
		Map output records=6439650
		Map output bytes=511200894
		Map output materialized bytes=524085152
		Input split bytes=1390
		Combine input records=0
		Combine output records=0
		Reduce input groups=6439650
		Reduce shuffle bytes=524085152
		Reduce input records=6439650
		Reduce output records=128794
		Spilled Records=12879300
		Shuffled Maps =10
		Failed Shuffles=0
		Merged Map outputs=10
		GC time elapsed (ms)=4877
		CPU time spent (ms)=121970
		Physical memory (bytes) snapshot=19385864192
		Virtual memory (bytes) snapshot=83022131200
		Total committed heap usage (bytes)=23012048896
	Shuffle Errors
		BAD_ID=0
		CONNECTION=0
		IO_ERROR=0
		WRONG_LENGTH=0
		WRONG_MAP=0
		WRONG_REDUCE=0
	File Input Format Counters 
		Bytes Read=511196997
	File Output Format Counters 
		Bytes Written=4279028
18/09/12 16:21:48 INFO streaming.StreamJob: Output directory: /user/sourabhbalgi/train_accuracy_mapred

>>> Number of reducers used by train_accuracy_mapred = 1. 


>>> train_accuracy_mapred Job completed. 


>>> Deleted previous file ./train_accuracy_predlabels.txt. 

SLF4J: Class path contains multiple SLF4J bindings.
SLF4J: Found binding in [jar:file:/usr/hdp/2.6.1.0-129/hadoop/lib/slf4j-log4j12-1.7.10.jar!/org/slf4j/impl/StaticLoggerBinder.class]
SLF4J: Found binding in [jar:file:/usr/hdp/2.6.1.0-129/hadoop-mapreduce/lib/giraph-examples-1.3.0-SNAPSHOT-for-hadoop-2.7.3-jar-with-dependencies.jar!/org/slf4j/impl/StaticLoggerBinder.class]
SLF4J: See http://www.slf4j.org/codes.html#multiple_bindings for an explanation.
SLF4J: Actual binding is of type [org.slf4j.impl.Log4jLoggerFactory]

>>> Combined outputs from train_accuracy_mapred into single file ./train_accuracy_predlabels.txt. 

SLF4J: Class path contains multiple SLF4J bindings.
SLF4J: Found binding in [jar:file:/usr/hdp/2.6.1.0-129/hadoop/lib/slf4j-log4j12-1.7.10.jar!/org/slf4j/impl/StaticLoggerBinder.class]
SLF4J: Found binding in [jar:file:/usr/hdp/2.6.1.0-129/hadoop-mapreduce/lib/giraph-examples-1.3.0-SNAPSHOT-for-hadoop-2.7.3-jar-with-dependencies.jar!/org/slf4j/impl/StaticLoggerBinder.class]
SLF4J: See http://www.slf4j.org/codes.html#multiple_bindings for an explanation.
SLF4J: Actual binding is of type [org.slf4j.impl.Log4jLoggerFactory]

>>> Copied word count file to hdfs output folder. 

_Accuracy_	0.436041
