SLF4J: Class path contains multiple SLF4J bindings.
SLF4J: Found binding in [jar:file:/usr/hdp/2.6.1.0-129/hadoop/lib/slf4j-log4j12-1.7.10.jar!/org/slf4j/impl/StaticLoggerBinder.class]
SLF4J: Found binding in [jar:file:/usr/hdp/2.6.1.0-129/hadoop-mapreduce/lib/giraph-examples-1.3.0-SNAPSHOT-for-hadoop-2.7.3-jar-with-dependencies.jar!/org/slf4j/impl/StaticLoggerBinder.class]
SLF4J: See http://www.slf4j.org/codes.html#multiple_bindings for an explanation.
SLF4J: Actual binding is of type [org.slf4j.impl.Log4jLoggerFactory]
rm: `/user/sourabhbalgi/devel_docwordcount_mapred_10/*': No such file or directory
SLF4J: Class path contains multiple SLF4J bindings.
SLF4J: Found binding in [jar:file:/usr/hdp/2.6.1.0-129/hadoop/lib/slf4j-log4j12-1.7.10.jar!/org/slf4j/impl/StaticLoggerBinder.class]
SLF4J: Found binding in [jar:file:/usr/hdp/2.6.1.0-129/hadoop-mapreduce/lib/giraph-examples-1.3.0-SNAPSHOT-for-hadoop-2.7.3-jar-with-dependencies.jar!/org/slf4j/impl/StaticLoggerBinder.class]
SLF4J: See http://www.slf4j.org/codes.html#multiple_bindings for an explanation.
SLF4J: Actual binding is of type [org.slf4j.impl.Log4jLoggerFactory]
rmdir: `/user/sourabhbalgi/devel_docwordcount_mapred_10': No such file or directory
SLF4J: Class path contains multiple SLF4J bindings.
SLF4J: Found binding in [jar:file:/usr/hdp/2.6.1.0-129/hadoop/lib/slf4j-log4j12-1.7.10.jar!/org/slf4j/impl/StaticLoggerBinder.class]
SLF4J: Found binding in [jar:file:/usr/hdp/2.6.1.0-129/hadoop-mapreduce/lib/giraph-examples-1.3.0-SNAPSHOT-for-hadoop-2.7.3-jar-with-dependencies.jar!/org/slf4j/impl/StaticLoggerBinder.class]
SLF4J: See http://www.slf4j.org/codes.html#multiple_bindings for an explanation.
SLF4J: Actual binding is of type [org.slf4j.impl.Log4jLoggerFactory]
18/09/12 12:32:00 WARN streaming.StreamJob: -file option is deprecated, please use generic option -files instead.
packageJobJar: [./get_docwordcount_map.py, ./get_docwordcount_red.py] [/usr/hdp/2.6.1.0-129/hadoop-mapreduce/hadoop-streaming-2.7.3.2.6.1.0-129.jar] /tmp/streamjob6983234607818800842.jar tmpDir=null
18/09/12 12:32:01 INFO client.RMProxy: Connecting to ResourceManager at turing.cds.iisc.ac.in/10.24.1.32:8050
18/09/12 12:32:01 INFO client.AHSProxy: Connecting to Application History server at turing.cds.iisc.ac.in/10.24.1.32:10200
18/09/12 12:32:01 INFO client.RMProxy: Connecting to ResourceManager at turing.cds.iisc.ac.in/10.24.1.32:8050
18/09/12 12:32:01 INFO client.AHSProxy: Connecting to Application History server at turing.cds.iisc.ac.in/10.24.1.32:10200
18/09/12 12:32:02 INFO mapred.FileInputFormat: Total input paths to process : 1
18/09/12 12:32:02 INFO mapreduce.JobSubmitter: number of splits:2
18/09/12 12:32:02 INFO mapreduce.JobSubmitter: Submitting tokens for job: job_1524406905265_2948
18/09/12 12:32:03 INFO impl.YarnClientImpl: Submitted application application_1524406905265_2948
18/09/12 12:32:03 INFO mapreduce.Job: The url to track the job: http://turing.cds.iisc.ac.in:8088/proxy/application_1524406905265_2948/
18/09/12 12:32:03 INFO mapreduce.Job: Running job: job_1524406905265_2948
18/09/12 12:32:10 INFO mapreduce.Job: Job job_1524406905265_2948 running in uber mode : false
18/09/12 12:32:10 INFO mapreduce.Job:  map 0% reduce 0%
18/09/12 12:32:22 INFO mapreduce.Job:  map 2% reduce 0%
18/09/12 12:32:25 INFO mapreduce.Job:  map 6% reduce 0%
18/09/12 12:32:28 INFO mapreduce.Job:  map 10% reduce 0%
18/09/12 12:32:31 INFO mapreduce.Job:  map 13% reduce 0%
18/09/12 12:32:34 INFO mapreduce.Job:  map 17% reduce 0%
18/09/12 12:32:37 INFO mapreduce.Job:  map 21% reduce 0%
18/09/12 12:32:40 INFO mapreduce.Job:  map 25% reduce 0%
18/09/12 12:32:44 INFO mapreduce.Job:  map 28% reduce 0%
18/09/12 12:32:47 INFO mapreduce.Job:  map 31% reduce 0%
18/09/12 12:32:50 INFO mapreduce.Job:  map 35% reduce 0%
18/09/12 12:32:53 INFO mapreduce.Job:  map 39% reduce 0%
18/09/12 12:32:56 INFO mapreduce.Job:  map 43% reduce 0%
18/09/12 12:32:59 INFO mapreduce.Job:  map 47% reduce 0%
18/09/12 12:33:03 INFO mapreduce.Job:  map 51% reduce 0%
18/09/12 12:33:06 INFO mapreduce.Job:  map 54% reduce 0%
18/09/12 12:33:09 INFO mapreduce.Job:  map 58% reduce 0%
18/09/12 12:33:12 INFO mapreduce.Job:  map 62% reduce 0%
18/09/12 12:33:15 INFO mapreduce.Job:  map 66% reduce 0%
18/09/12 12:33:17 INFO mapreduce.Job:  map 82% reduce 0%
18/09/12 12:33:18 INFO mapreduce.Job:  map 83% reduce 0%
18/09/12 12:33:21 INFO mapreduce.Job:  map 100% reduce 0%
18/09/12 12:33:25 INFO mapreduce.Job:  map 100% reduce 10%
18/09/12 12:33:26 INFO mapreduce.Job:  map 100% reduce 50%
18/09/12 12:33:28 INFO mapreduce.Job:  map 100% reduce 60%
18/09/12 12:33:29 INFO mapreduce.Job:  map 100% reduce 87%
18/09/12 12:33:30 INFO mapreduce.Job:  map 100% reduce 94%
18/09/12 12:33:31 INFO mapreduce.Job:  map 100% reduce 97%
18/09/12 12:33:34 INFO mapreduce.Job:  map 100% reduce 100%
18/09/12 12:33:34 INFO mapreduce.Job: Job job_1524406905265_2948 completed successfully
18/09/12 12:33:34 INFO mapreduce.Job: Counters: 49
	File System Counters
		FILE: Number of bytes read=96784569
		FILE: Number of bytes written=195375500
		FILE: Number of read operations=0
		FILE: Number of large read operations=0
		FILE: Number of write operations=0
		HDFS: Number of bytes read=28494327
		HDFS: Number of bytes written=98003492
		HDFS: Number of read operations=36
		HDFS: Number of large read operations=0
		HDFS: Number of write operations=20
	Job Counters 
		Launched map tasks=2
		Launched reduce tasks=10
		Data-local map tasks=2
		Total time spent by all maps in occupied slots (ms)=802854
		Total time spent by all reduces in occupied slots (ms)=1047216
		Total time spent by all map tasks (ms)=133809
		Total time spent by all reduce tasks (ms)=87268
		Total vcore-milliseconds taken by all map tasks=133809
		Total vcore-milliseconds taken by all reduce tasks=87268
		Total megabyte-milliseconds taken by all map tasks=822122496
		Total megabyte-milliseconds taken by all reduce tasks=1072349184
	Map-Reduce Framework
		Map input records=61497
		Map output records=1945446
		Map output bytes=92893590
		Map output materialized bytes=96784629
		Input split bytes=274
		Combine input records=0
		Combine output records=0
		Reduce input groups=1585217
		Reduce shuffle bytes=96784629
		Reduce input records=1945446
		Reduce output records=1585217
		Spilled Records=3890892
		Shuffled Maps =20
		Failed Shuffles=0
		Merged Map outputs=20
		GC time elapsed (ms)=3457
		CPU time spent (ms)=174330
		Physical memory (bytes) snapshot=7212015616
		Virtual memory (bytes) snapshot=138438230016
		Total committed heap usage (bytes)=7341604864
	Shuffle Errors
		BAD_ID=0
		CONNECTION=0
		IO_ERROR=0
		WRONG_LENGTH=0
		WRONG_MAP=0
		WRONG_REDUCE=0
	File Input Format Counters 
		Bytes Read=28494053
	File Output Format Counters 
		Bytes Written=98003492
18/09/12 12:33:34 INFO streaming.StreamJob: Output directory: /user/sourabhbalgi/devel_docwordcount_mapred_10

>>> Number of reducers used by devel_docwordcount_mapred_10 = 10. 

./find_accuracy.sh: line 21: 0: command not found

>>> devel_docwordcount_mapred_10 Job completed. 

SLF4J: Class path contains multiple SLF4J bindings.
SLF4J: Found binding in [jar:file:/usr/hdp/2.6.1.0-129/hadoop/lib/slf4j-log4j12-1.7.10.jar!/org/slf4j/impl/StaticLoggerBinder.class]
SLF4J: Found binding in [jar:file:/usr/hdp/2.6.1.0-129/hadoop-mapreduce/lib/giraph-examples-1.3.0-SNAPSHOT-for-hadoop-2.7.3-jar-with-dependencies.jar!/org/slf4j/impl/StaticLoggerBinder.class]
SLF4J: See http://www.slf4j.org/codes.html#multiple_bindings for an explanation.
SLF4J: Actual binding is of type [org.slf4j.impl.Log4jLoggerFactory]
rm: `/user/sourabhbalgi/devel_postprob_mapred/*': No such file or directory
SLF4J: Class path contains multiple SLF4J bindings.
SLF4J: Found binding in [jar:file:/usr/hdp/2.6.1.0-129/hadoop/lib/slf4j-log4j12-1.7.10.jar!/org/slf4j/impl/StaticLoggerBinder.class]
SLF4J: Found binding in [jar:file:/usr/hdp/2.6.1.0-129/hadoop-mapreduce/lib/giraph-examples-1.3.0-SNAPSHOT-for-hadoop-2.7.3-jar-with-dependencies.jar!/org/slf4j/impl/StaticLoggerBinder.class]
SLF4J: See http://www.slf4j.org/codes.html#multiple_bindings for an explanation.
SLF4J: Actual binding is of type [org.slf4j.impl.Log4jLoggerFactory]
rmdir: `/user/sourabhbalgi/devel_postprob_mapred': No such file or directory
SLF4J: Class path contains multiple SLF4J bindings.
SLF4J: Found binding in [jar:file:/usr/hdp/2.6.1.0-129/hadoop/lib/slf4j-log4j12-1.7.10.jar!/org/slf4j/impl/StaticLoggerBinder.class]
SLF4J: Found binding in [jar:file:/usr/hdp/2.6.1.0-129/hadoop-mapreduce/lib/giraph-examples-1.3.0-SNAPSHOT-for-hadoop-2.7.3-jar-with-dependencies.jar!/org/slf4j/impl/StaticLoggerBinder.class]
SLF4J: See http://www.slf4j.org/codes.html#multiple_bindings for an explanation.
SLF4J: Actual binding is of type [org.slf4j.impl.Log4jLoggerFactory]
18/09/12 12:33:40 WARN streaming.StreamJob: -file option is deprecated, please use generic option -files instead.
packageJobJar: [./calc_postprob_map.py, ./calc_postprob_red.py] [/usr/hdp/2.6.1.0-129/hadoop-mapreduce/hadoop-streaming-2.7.3.2.6.1.0-129.jar] /tmp/streamjob8732693296485340940.jar tmpDir=null
18/09/12 12:33:40 INFO client.RMProxy: Connecting to ResourceManager at turing.cds.iisc.ac.in/10.24.1.32:8050
18/09/12 12:33:41 INFO client.AHSProxy: Connecting to Application History server at turing.cds.iisc.ac.in/10.24.1.32:10200
18/09/12 12:33:41 INFO client.RMProxy: Connecting to ResourceManager at turing.cds.iisc.ac.in/10.24.1.32:8050
18/09/12 12:33:41 INFO client.AHSProxy: Connecting to Application History server at turing.cds.iisc.ac.in/10.24.1.32:10200
18/09/12 12:33:41 INFO mapred.FileInputFormat: Total input paths to process : 11
18/09/12 12:33:42 INFO mapreduce.JobSubmitter: number of splits:11
18/09/12 12:33:42 INFO mapreduce.JobSubmitter: Submitting tokens for job: job_1524406905265_2949
18/09/12 12:33:42 INFO impl.YarnClientImpl: Submitted application application_1524406905265_2949
18/09/12 12:33:42 INFO mapreduce.Job: The url to track the job: http://turing.cds.iisc.ac.in:8088/proxy/application_1524406905265_2949/
18/09/12 12:33:42 INFO mapreduce.Job: Running job: job_1524406905265_2949
18/09/12 12:33:49 INFO mapreduce.Job: Job job_1524406905265_2949 running in uber mode : false
18/09/12 12:33:49 INFO mapreduce.Job:  map 0% reduce 0%
18/09/12 12:33:58 INFO mapreduce.Job:  map 18% reduce 0%
18/09/12 12:33:59 INFO mapreduce.Job:  map 55% reduce 0%
18/09/12 12:34:00 INFO mapreduce.Job:  map 64% reduce 0%
18/09/12 12:34:03 INFO mapreduce.Job:  map 91% reduce 0%
18/09/12 12:34:04 INFO mapreduce.Job:  map 94% reduce 0%
18/09/12 12:34:07 INFO mapreduce.Job:  map 97% reduce 0%
18/09/12 12:34:08 INFO mapreduce.Job:  map 100% reduce 0%
18/09/12 12:34:10 INFO mapreduce.Job:  map 100% reduce 42%
18/09/12 12:34:13 INFO mapreduce.Job:  map 100% reduce 67%
18/09/12 12:34:31 INFO mapreduce.Job:  map 100% reduce 68%
18/09/12 12:34:58 INFO mapreduce.Job:  map 100% reduce 69%
18/09/12 12:35:26 INFO mapreduce.Job:  map 100% reduce 70%
18/09/12 12:35:53 INFO mapreduce.Job:  map 100% reduce 71%
18/09/12 12:36:17 INFO mapreduce.Job:  map 100% reduce 72%
18/09/12 12:36:38 INFO mapreduce.Job:  map 100% reduce 73%
18/09/12 12:37:02 INFO mapreduce.Job:  map 100% reduce 74%
18/09/12 12:37:30 INFO mapreduce.Job:  map 100% reduce 75%
18/09/12 12:37:57 INFO mapreduce.Job:  map 100% reduce 76%
18/09/12 12:38:21 INFO mapreduce.Job:  map 100% reduce 77%
18/09/12 12:38:51 INFO mapreduce.Job:  map 100% reduce 78%
18/09/12 12:39:21 INFO mapreduce.Job:  map 100% reduce 79%
18/09/12 12:39:45 INFO mapreduce.Job:  map 100% reduce 80%
18/09/12 12:40:06 INFO mapreduce.Job:  map 100% reduce 81%
18/09/12 12:40:27 INFO mapreduce.Job:  map 100% reduce 82%
18/09/12 12:40:58 INFO mapreduce.Job:  map 100% reduce 83%
18/09/12 12:41:19 INFO mapreduce.Job:  map 100% reduce 84%
18/09/12 12:41:46 INFO mapreduce.Job:  map 100% reduce 85%
18/09/12 12:42:13 INFO mapreduce.Job:  map 100% reduce 86%
18/09/12 12:42:37 INFO mapreduce.Job:  map 100% reduce 87%
18/09/12 12:43:02 INFO mapreduce.Job:  map 100% reduce 88%
18/09/12 12:43:26 INFO mapreduce.Job:  map 100% reduce 89%
18/09/12 12:43:53 INFO mapreduce.Job:  map 100% reduce 90%
18/09/12 12:44:20 INFO mapreduce.Job:  map 100% reduce 91%
18/09/12 12:44:44 INFO mapreduce.Job:  map 100% reduce 92%
18/09/12 12:45:12 INFO mapreduce.Job:  map 100% reduce 93%
18/09/12 12:45:38 INFO mapreduce.Job:  map 100% reduce 94%
18/09/12 12:45:59 INFO mapreduce.Job:  map 100% reduce 95%
18/09/12 12:46:26 INFO mapreduce.Job:  map 100% reduce 96%
18/09/12 12:46:50 INFO mapreduce.Job:  map 100% reduce 97%
18/09/12 12:47:15 INFO mapreduce.Job:  map 100% reduce 98%
18/09/12 12:47:39 INFO mapreduce.Job:  map 100% reduce 99%
18/09/12 12:48:03 INFO mapreduce.Job:  map 100% reduce 100%
18/09/12 12:48:15 INFO mapreduce.Job: Job job_1524406905265_2949 completed successfully
18/09/12 12:48:15 INFO mapreduce.Job: Counters: 50
	File System Counters
		FILE: Number of bytes read=141147262
		FILE: Number of bytes written=284101478
		FILE: Number of read operations=0
		FILE: Number of large read operations=0
		FILE: Number of write operations=0
		HDFS: Number of bytes read=145930557
		HDFS: Number of bytes written=6005483150
		HDFS: Number of read operations=36
		HDFS: Number of large read operations=0
		HDFS: Number of write operations=2
	Job Counters 
		Launched map tasks=11
		Launched reduce tasks=1
		Data-local map tasks=9
		Rack-local map tasks=2
		Total time spent by all maps in occupied slots (ms)=584622
		Total time spent by all reduces in occupied slots (ms)=10250640
		Total time spent by all map tasks (ms)=97437
		Total time spent by all reduce tasks (ms)=854220
		Total vcore-milliseconds taken by all map tasks=97437
		Total vcore-milliseconds taken by all reduce tasks=854220
		Total megabyte-milliseconds taken by all map tasks=598652928
		Total megabyte-milliseconds taken by all reduce tasks=10496655360
	Map-Reduce Framework
		Map input records=2683324
		Map output records=2462487
		Map output bytes=136222268
		Map output materialized bytes=141147322
		Input split bytes=1563
		Combine input records=0
		Combine output records=0
		Reduce input groups=1007681
		Reduce shuffle bytes=141147322
		Reduce input records=2462487
		Reduce output records=80871650
		Spilled Records=4924974
		Shuffled Maps =11
		Failed Shuffles=0
		Merged Map outputs=11
		GC time elapsed (ms)=2287
		CPU time spent (ms)=1132880
		Physical memory (bytes) snapshot=26650628096
		Virtual memory (bytes) snapshot=90081128448
		Total committed heap usage (bytes)=26087522304
	Shuffle Errors
		BAD_ID=0
		CONNECTION=0
		IO_ERROR=0
		WRONG_LENGTH=0
		WRONG_MAP=0
		WRONG_REDUCE=0
	File Input Format Counters 
		Bytes Read=145928994
	File Output Format Counters 
		Bytes Written=6005483150
18/09/12 12:48:15 INFO streaming.StreamJob: Output directory: /user/sourabhbalgi/devel_postprob_mapred

>>> Number of reducers used by devel_postprob_mapred = 1. 


>>> devel_postprob_mapred Job completed. 

SLF4J: Class path contains multiple SLF4J bindings.
SLF4J: Found binding in [jar:file:/usr/hdp/2.6.1.0-129/hadoop/lib/slf4j-log4j12-1.7.10.jar!/org/slf4j/impl/StaticLoggerBinder.class]
SLF4J: Found binding in [jar:file:/usr/hdp/2.6.1.0-129/hadoop-mapreduce/lib/giraph-examples-1.3.0-SNAPSHOT-for-hadoop-2.7.3-jar-with-dependencies.jar!/org/slf4j/impl/StaticLoggerBinder.class]
SLF4J: See http://www.slf4j.org/codes.html#multiple_bindings for an explanation.
SLF4J: Actual binding is of type [org.slf4j.impl.Log4jLoggerFactory]
rm: `/user/sourabhbalgi/devel_accuracy_mapred_10/*': No such file or directory
SLF4J: Class path contains multiple SLF4J bindings.
SLF4J: Found binding in [jar:file:/usr/hdp/2.6.1.0-129/hadoop/lib/slf4j-log4j12-1.7.10.jar!/org/slf4j/impl/StaticLoggerBinder.class]
SLF4J: Found binding in [jar:file:/usr/hdp/2.6.1.0-129/hadoop-mapreduce/lib/giraph-examples-1.3.0-SNAPSHOT-for-hadoop-2.7.3-jar-with-dependencies.jar!/org/slf4j/impl/StaticLoggerBinder.class]
SLF4J: See http://www.slf4j.org/codes.html#multiple_bindings for an explanation.
SLF4J: Actual binding is of type [org.slf4j.impl.Log4jLoggerFactory]
rmdir: `/user/sourabhbalgi/devel_accuracy_mapred_10': No such file or directory
SLF4J: Class path contains multiple SLF4J bindings.
SLF4J: Found binding in [jar:file:/usr/hdp/2.6.1.0-129/hadoop/lib/slf4j-log4j12-1.7.10.jar!/org/slf4j/impl/StaticLoggerBinder.class]
SLF4J: Found binding in [jar:file:/usr/hdp/2.6.1.0-129/hadoop-mapreduce/lib/giraph-examples-1.3.0-SNAPSHOT-for-hadoop-2.7.3-jar-with-dependencies.jar!/org/slf4j/impl/StaticLoggerBinder.class]
SLF4J: See http://www.slf4j.org/codes.html#multiple_bindings for an explanation.
SLF4J: Actual binding is of type [org.slf4j.impl.Log4jLoggerFactory]
18/09/12 12:48:20 WARN streaming.StreamJob: -file option is deprecated, please use generic option -files instead.
packageJobJar: [./calc_accuracy_map_n.py, ./calc_accuracy_red_n.py] [/usr/hdp/2.6.1.0-129/hadoop-mapreduce/hadoop-streaming-2.7.3.2.6.1.0-129.jar] /tmp/streamjob5178049764143837113.jar tmpDir=null
18/09/12 12:48:21 INFO client.RMProxy: Connecting to ResourceManager at turing.cds.iisc.ac.in/10.24.1.32:8050
18/09/12 12:48:22 INFO client.AHSProxy: Connecting to Application History server at turing.cds.iisc.ac.in/10.24.1.32:10200
18/09/12 12:48:22 INFO client.RMProxy: Connecting to ResourceManager at turing.cds.iisc.ac.in/10.24.1.32:8050
18/09/12 12:48:22 INFO client.AHSProxy: Connecting to Application History server at turing.cds.iisc.ac.in/10.24.1.32:10200
18/09/12 12:48:22 INFO mapred.FileInputFormat: Total input paths to process : 1
18/09/12 12:48:23 INFO mapreduce.JobSubmitter: number of splits:45
18/09/12 12:48:23 INFO mapreduce.JobSubmitter: Submitting tokens for job: job_1524406905265_2950
18/09/12 12:48:23 INFO impl.YarnClientImpl: Submitted application application_1524406905265_2950
18/09/12 12:48:23 INFO mapreduce.Job: The url to track the job: http://turing.cds.iisc.ac.in:8088/proxy/application_1524406905265_2950/
18/09/12 12:48:23 INFO mapreduce.Job: Running job: job_1524406905265_2950
18/09/12 12:48:30 INFO mapreduce.Job: Job job_1524406905265_2950 running in uber mode : false
18/09/12 12:48:30 INFO mapreduce.Job:  map 0% reduce 0%
18/09/12 12:48:43 INFO mapreduce.Job:  map 2% reduce 0%
18/09/12 12:48:44 INFO mapreduce.Job:  map 9% reduce 0%
18/09/12 12:48:45 INFO mapreduce.Job:  map 26% reduce 0%
18/09/12 12:48:46 INFO mapreduce.Job:  map 32% reduce 0%
18/09/12 12:48:47 INFO mapreduce.Job:  map 37% reduce 0%
18/09/12 12:48:48 INFO mapreduce.Job:  map 51% reduce 0%
18/09/12 12:48:49 INFO mapreduce.Job:  map 62% reduce 0%
18/09/12 12:48:50 INFO mapreduce.Job:  map 64% reduce 0%
18/09/12 12:48:51 INFO mapreduce.Job:  map 68% reduce 0%
18/09/12 12:48:52 INFO mapreduce.Job:  map 76% reduce 0%
18/09/12 12:48:53 INFO mapreduce.Job:  map 81% reduce 0%
18/09/12 12:48:54 INFO mapreduce.Job:  map 89% reduce 0%
18/09/12 12:48:55 INFO mapreduce.Job:  map 91% reduce 0%
18/09/12 12:48:57 INFO mapreduce.Job:  map 96% reduce 0%
18/09/12 12:48:58 INFO mapreduce.Job:  map 97% reduce 0%
18/09/12 12:49:00 INFO mapreduce.Job:  map 97% reduce 23%
18/09/12 12:49:01 INFO mapreduce.Job:  map 97% reduce 29%
18/09/12 12:49:02 INFO mapreduce.Job:  map 99% reduce 29%
18/09/12 12:49:03 INFO mapreduce.Job:  map 100% reduce 30%
18/09/12 12:49:04 INFO mapreduce.Job:  map 100% reduce 31%
18/09/12 12:49:06 INFO mapreduce.Job:  map 100% reduce 34%
18/09/12 12:49:07 INFO mapreduce.Job:  map 100% reduce 35%
18/09/12 12:49:09 INFO mapreduce.Job:  map 100% reduce 45%
18/09/12 12:49:10 INFO mapreduce.Job:  map 100% reduce 46%
18/09/12 12:49:12 INFO mapreduce.Job:  map 100% reduce 58%
18/09/12 12:49:13 INFO mapreduce.Job:  map 100% reduce 60%
18/09/12 12:49:15 INFO mapreduce.Job:  map 100% reduce 65%
18/09/12 12:49:16 INFO mapreduce.Job:  map 100% reduce 66%
18/09/12 12:49:18 INFO mapreduce.Job:  map 100% reduce 69%
18/09/12 12:49:21 INFO mapreduce.Job:  map 100% reduce 73%
18/09/12 12:49:25 INFO mapreduce.Job:  map 100% reduce 77%
18/09/12 12:49:28 INFO mapreduce.Job:  map 100% reduce 81%
18/09/12 12:49:31 INFO mapreduce.Job:  map 100% reduce 85%
18/09/12 12:49:34 INFO mapreduce.Job:  map 100% reduce 89%
18/09/12 12:49:37 INFO mapreduce.Job:  map 100% reduce 93%
18/09/12 12:49:40 INFO mapreduce.Job:  map 100% reduce 97%
18/09/12 12:49:43 INFO mapreduce.Job:  map 100% reduce 99%
18/09/12 12:49:44 INFO mapreduce.Job:  map 100% reduce 100%
18/09/12 12:49:50 INFO mapreduce.Job: Job job_1524406905265_2950 completed successfully
18/09/12 12:49:50 INFO mapreduce.Job: Counters: 50
	File System Counters
		FILE: Number of bytes read=6167227910
		FILE: Number of bytes written=12342746045
		FILE: Number of read operations=0
		FILE: Number of large read operations=0
		FILE: Number of write operations=0
		HDFS: Number of bytes read=6011256438
		HDFS: Number of bytes written=121397828
		HDFS: Number of read operations=165
		HDFS: Number of large read operations=0
		HDFS: Number of write operations=20
	Job Counters 
		Launched map tasks=45
		Launched reduce tasks=10
		Data-local map tasks=40
		Rack-local map tasks=5
		Total time spent by all maps in occupied slots (ms)=5419800
		Total time spent by all reduces in occupied slots (ms)=6272568
		Total time spent by all map tasks (ms)=903300
		Total time spent by all reduce tasks (ms)=522714
		Total vcore-milliseconds taken by all map tasks=903300
		Total vcore-milliseconds taken by all reduce tasks=522714
		Total megabyte-milliseconds taken by all map tasks=5549875200
		Total megabyte-milliseconds taken by all reduce tasks=6423109632
	Map-Reduce Framework
		Map input records=80871650
		Map output records=80871650
		Map output bytes=6005483850
		Map output materialized bytes=6167230550
		Input split bytes=6120
		Combine input records=0
		Combine output records=0
		Reduce input groups=1610800
		Reduce shuffle bytes=6167230550
		Reduce input records=80871650
		Reduce output records=1610800
		Spilled Records=161743300
		Shuffled Maps =450
		Failed Shuffles=0
		Merged Map outputs=450
		GC time elapsed (ms)=60435
		CPU time spent (ms)=1438450
		Physical memory (bytes) snapshot=115510067200
		Virtual memory (bytes) snapshot=442031996928
		Total committed heap usage (bytes)=119149690880
	Shuffle Errors
		BAD_ID=0
		CONNECTION=0
		IO_ERROR=0
		WRONG_LENGTH=0
		WRONG_MAP=0
		WRONG_REDUCE=0
	File Input Format Counters 
		Bytes Read=6011250318
	File Output Format Counters 
		Bytes Written=121397828
18/09/12 12:49:50 INFO streaming.StreamJob: Output directory: /user/sourabhbalgi/devel_accuracy_mapred_10

>>> Number of reducers used by devel_accuracy_mapred = 10. 


>>> devel_accuracy_mapred Job completed. 

SLF4J: Class path contains multiple SLF4J bindings.
SLF4J: Found binding in [jar:file:/usr/hdp/2.6.1.0-129/hadoop/lib/slf4j-log4j12-1.7.10.jar!/org/slf4j/impl/StaticLoggerBinder.class]
SLF4J: Found binding in [jar:file:/usr/hdp/2.6.1.0-129/hadoop-mapreduce/lib/giraph-examples-1.3.0-SNAPSHOT-for-hadoop-2.7.3-jar-with-dependencies.jar!/org/slf4j/impl/StaticLoggerBinder.class]
SLF4J: See http://www.slf4j.org/codes.html#multiple_bindings for an explanation.
SLF4J: Actual binding is of type [org.slf4j.impl.Log4jLoggerFactory]
rm: `/user/sourabhbalgi/devel_accuracy_mapred/*': No such file or directory
SLF4J: Class path contains multiple SLF4J bindings.
SLF4J: Found binding in [jar:file:/usr/hdp/2.6.1.0-129/hadoop/lib/slf4j-log4j12-1.7.10.jar!/org/slf4j/impl/StaticLoggerBinder.class]
SLF4J: Found binding in [jar:file:/usr/hdp/2.6.1.0-129/hadoop-mapreduce/lib/giraph-examples-1.3.0-SNAPSHOT-for-hadoop-2.7.3-jar-with-dependencies.jar!/org/slf4j/impl/StaticLoggerBinder.class]
SLF4J: See http://www.slf4j.org/codes.html#multiple_bindings for an explanation.
SLF4J: Actual binding is of type [org.slf4j.impl.Log4jLoggerFactory]
rmdir: `/user/sourabhbalgi/devel_accuracy_mapred': No such file or directory
SLF4J: Class path contains multiple SLF4J bindings.
SLF4J: Found binding in [jar:file:/usr/hdp/2.6.1.0-129/hadoop/lib/slf4j-log4j12-1.7.10.jar!/org/slf4j/impl/StaticLoggerBinder.class]
SLF4J: Found binding in [jar:file:/usr/hdp/2.6.1.0-129/hadoop-mapreduce/lib/giraph-examples-1.3.0-SNAPSHOT-for-hadoop-2.7.3-jar-with-dependencies.jar!/org/slf4j/impl/StaticLoggerBinder.class]
SLF4J: See http://www.slf4j.org/codes.html#multiple_bindings for an explanation.
SLF4J: Actual binding is of type [org.slf4j.impl.Log4jLoggerFactory]
18/09/12 12:49:55 WARN streaming.StreamJob: -file option is deprecated, please use generic option -files instead.
packageJobJar: [./calc_accuracy_map_final.py, ./calc_accuracy_red_final.py] [/usr/hdp/2.6.1.0-129/hadoop-mapreduce/hadoop-streaming-2.7.3.2.6.1.0-129.jar] /tmp/streamjob8461087918725650752.jar tmpDir=null
18/09/12 12:49:56 INFO client.RMProxy: Connecting to ResourceManager at turing.cds.iisc.ac.in/10.24.1.32:8050
18/09/12 12:49:56 INFO client.AHSProxy: Connecting to Application History server at turing.cds.iisc.ac.in/10.24.1.32:10200
18/09/12 12:49:56 INFO client.RMProxy: Connecting to ResourceManager at turing.cds.iisc.ac.in/10.24.1.32:8050
18/09/12 12:49:56 INFO client.AHSProxy: Connecting to Application History server at turing.cds.iisc.ac.in/10.24.1.32:10200
18/09/12 12:49:57 INFO mapred.FileInputFormat: Total input paths to process : 10
18/09/12 12:49:58 INFO mapreduce.JobSubmitter: number of splits:10
18/09/12 12:49:58 INFO mapreduce.JobSubmitter: Submitting tokens for job: job_1524406905265_2951
18/09/12 12:49:59 INFO impl.YarnClientImpl: Submitted application application_1524406905265_2951
18/09/12 12:49:59 INFO mapreduce.Job: The url to track the job: http://turing.cds.iisc.ac.in:8088/proxy/application_1524406905265_2951/
18/09/12 12:49:59 INFO mapreduce.Job: Running job: job_1524406905265_2951
18/09/12 12:50:06 INFO mapreduce.Job: Job job_1524406905265_2951 running in uber mode : false
18/09/12 12:50:06 INFO mapreduce.Job:  map 0% reduce 0%
18/09/12 12:50:14 INFO mapreduce.Job:  map 20% reduce 0%
18/09/12 12:50:15 INFO mapreduce.Job:  map 50% reduce 0%
18/09/12 12:50:16 INFO mapreduce.Job:  map 90% reduce 0%
18/09/12 12:50:17 INFO mapreduce.Job:  map 100% reduce 0%
18/09/12 12:50:25 INFO mapreduce.Job:  map 100% reduce 70%
18/09/12 12:50:28 INFO mapreduce.Job:  map 100% reduce 85%
18/09/12 12:50:32 INFO mapreduce.Job:  map 100% reduce 100%
18/09/12 12:50:33 INFO mapreduce.Job: Job job_1524406905265_2951 completed successfully
18/09/12 12:50:33 INFO mapreduce.Job: Counters: 50
	File System Counters
		FILE: Number of bytes read=124619446
		FILE: Number of bytes written=250895007
		FILE: Number of read operations=0
		FILE: Number of large read operations=0
		FILE: Number of write operations=0
		HDFS: Number of bytes read=121399218
		HDFS: Number of bytes written=1072823
		HDFS: Number of read operations=33
		HDFS: Number of large read operations=0
		HDFS: Number of write operations=2
	Job Counters 
		Launched map tasks=10
		Launched reduce tasks=1
		Data-local map tasks=6
		Rack-local map tasks=4
		Total time spent by all maps in occupied slots (ms)=424674
		Total time spent by all reduces in occupied slots (ms)=183936
		Total time spent by all map tasks (ms)=70779
		Total time spent by all reduce tasks (ms)=15328
		Total vcore-milliseconds taken by all map tasks=70779
		Total vcore-milliseconds taken by all reduce tasks=15328
		Total megabyte-milliseconds taken by all map tasks=434866176
		Total megabyte-milliseconds taken by all reduce tasks=188350464
	Map-Reduce Framework
		Map input records=1610800
		Map output records=1610800
		Map output bytes=121397834
		Map output materialized bytes=124619500
		Input split bytes=1390
		Combine input records=0
		Combine output records=0
		Reduce input groups=1610800
		Reduce shuffle bytes=124619500
		Reduce input records=1610800
		Reduce output records=32217
		Spilled Records=3221600
		Shuffled Maps =10
		Failed Shuffles=0
		Merged Map outputs=10
		GC time elapsed (ms)=1153
		CPU time spent (ms)=50500
		Physical memory (bytes) snapshot=24197853184
		Virtual memory (bytes) snapshot=83012796416
		Total committed heap usage (bytes)=23860871168
	Shuffle Errors
		BAD_ID=0
		CONNECTION=0
		IO_ERROR=0
		WRONG_LENGTH=0
		WRONG_MAP=0
		WRONG_REDUCE=0
	File Input Format Counters 
		Bytes Read=121397828
	File Output Format Counters 
		Bytes Written=1072823
18/09/12 12:50:33 INFO streaming.StreamJob: Output directory: /user/sourabhbalgi/devel_accuracy_mapred

>>> Number of reducers used by devel_accuracy_mapred = 1. 


>>> devel_accuracy_mapred Job completed. 

rm: cannot remove './devel_accuracy_predlabels.txt': No such file or directory

>>> Deleted previous file ./devel_accuracy_predlabels.txt. 

SLF4J: Class path contains multiple SLF4J bindings.
SLF4J: Found binding in [jar:file:/usr/hdp/2.6.1.0-129/hadoop/lib/slf4j-log4j12-1.7.10.jar!/org/slf4j/impl/StaticLoggerBinder.class]
SLF4J: Found binding in [jar:file:/usr/hdp/2.6.1.0-129/hadoop-mapreduce/lib/giraph-examples-1.3.0-SNAPSHOT-for-hadoop-2.7.3-jar-with-dependencies.jar!/org/slf4j/impl/StaticLoggerBinder.class]
SLF4J: See http://www.slf4j.org/codes.html#multiple_bindings for an explanation.
SLF4J: Actual binding is of type [org.slf4j.impl.Log4jLoggerFactory]

>>> Combined outputs from devel_accuracy_mapred into single file ./devel_accuracy_predlabels.txt. 

SLF4J: Class path contains multiple SLF4J bindings.
SLF4J: Found binding in [jar:file:/usr/hdp/2.6.1.0-129/hadoop/lib/slf4j-log4j12-1.7.10.jar!/org/slf4j/impl/StaticLoggerBinder.class]
SLF4J: Found binding in [jar:file:/usr/hdp/2.6.1.0-129/hadoop-mapreduce/lib/giraph-examples-1.3.0-SNAPSHOT-for-hadoop-2.7.3-jar-with-dependencies.jar!/org/slf4j/impl/StaticLoggerBinder.class]
SLF4J: See http://www.slf4j.org/codes.html#multiple_bindings for an explanation.
SLF4J: Actual binding is of type [org.slf4j.impl.Log4jLoggerFactory]

>>> Copied word count file to hdfs output folder. 

_Accuracy_	0.300348
