SLF4J: Class path contains multiple SLF4J bindings.
SLF4J: Found binding in [jar:file:/usr/hdp/2.6.1.0-129/hadoop/lib/slf4j-log4j12-1.7.10.jar!/org/slf4j/impl/StaticLoggerBinder.class]
SLF4J: Found binding in [jar:file:/usr/hdp/2.6.1.0-129/hadoop-mapreduce/lib/giraph-examples-1.3.0-SNAPSHOT-for-hadoop-2.7.3-jar-with-dependencies.jar!/org/slf4j/impl/StaticLoggerBinder.class]
SLF4J: See http://www.slf4j.org/codes.html#multiple_bindings for an explanation.
SLF4J: Actual binding is of type [org.slf4j.impl.Log4jLoggerFactory]
rm: `/user/sourabhbalgi/devel_accuracy_mapred/*': No such file or directory
SLF4J: Class path contains multiple SLF4J bindings.
SLF4J: Found binding in [jar:file:/usr/hdp/2.6.1.0-129/hadoop/lib/slf4j-log4j12-1.7.10.jar!/org/slf4j/impl/StaticLoggerBinder.class]
SLF4J: Found binding in [jar:file:/usr/hdp/2.6.1.0-129/hadoop-mapreduce/lib/giraph-examples-1.3.0-SNAPSHOT-for-hadoop-2.7.3-jar-with-dependencies.jar!/org/slf4j/impl/StaticLoggerBinder.class]
SLF4J: See http://www.slf4j.org/codes.html#multiple_bindings for an explanation.
SLF4J: Actual binding is of type [org.slf4j.impl.Log4jLoggerFactory]
rmdir: `/user/sourabhbalgi/devel_accuracy_mapred': No such file or directory
SLF4J: Class path contains multiple SLF4J bindings.
SLF4J: Found binding in [jar:file:/usr/hdp/2.6.1.0-129/hadoop/lib/slf4j-log4j12-1.7.10.jar!/org/slf4j/impl/StaticLoggerBinder.class]
SLF4J: Found binding in [jar:file:/usr/hdp/2.6.1.0-129/hadoop-mapreduce/lib/giraph-examples-1.3.0-SNAPSHOT-for-hadoop-2.7.3-jar-with-dependencies.jar!/org/slf4j/impl/StaticLoggerBinder.class]
SLF4J: See http://www.slf4j.org/codes.html#multiple_bindings for an explanation.
SLF4J: Actual binding is of type [org.slf4j.impl.Log4jLoggerFactory]
18/09/11 23:39:54 WARN streaming.StreamJob: -file option is deprecated, please use generic option -files instead.
packageJobJar: [./calc_accuracy_map_final.py, ./calc_accuracy_red_final.py] [/usr/hdp/2.6.1.0-129/hadoop-mapreduce/hadoop-streaming-2.7.3.2.6.1.0-129.jar] /tmp/streamjob3099773612101399533.jar tmpDir=null
18/09/11 23:39:55 INFO client.RMProxy: Connecting to ResourceManager at turing.cds.iisc.ac.in/10.24.1.32:8050
18/09/11 23:39:55 INFO client.AHSProxy: Connecting to Application History server at turing.cds.iisc.ac.in/10.24.1.32:10200
18/09/11 23:39:55 INFO client.RMProxy: Connecting to ResourceManager at turing.cds.iisc.ac.in/10.24.1.32:8050
18/09/11 23:39:55 INFO client.AHSProxy: Connecting to Application History server at turing.cds.iisc.ac.in/10.24.1.32:10200
18/09/11 23:39:56 INFO mapred.FileInputFormat: Total input paths to process : 10
18/09/11 23:39:56 INFO mapreduce.JobSubmitter: number of splits:10
18/09/11 23:39:57 INFO mapreduce.JobSubmitter: Submitting tokens for job: job_1524406905265_2925
18/09/11 23:39:57 INFO impl.YarnClientImpl: Submitted application application_1524406905265_2925
18/09/11 23:39:57 INFO mapreduce.Job: The url to track the job: http://turing.cds.iisc.ac.in:8088/proxy/application_1524406905265_2925/
18/09/11 23:39:57 INFO mapreduce.Job: Running job: job_1524406905265_2925
18/09/11 23:40:05 INFO mapreduce.Job: Job job_1524406905265_2925 running in uber mode : false
18/09/11 23:40:05 INFO mapreduce.Job:  map 0% reduce 0%
18/09/11 23:40:12 INFO mapreduce.Job:  map 20% reduce 0%
18/09/11 23:40:13 INFO mapreduce.Job:  map 60% reduce 0%
18/09/11 23:40:14 INFO mapreduce.Job:  map 100% reduce 0%
18/09/11 23:40:25 INFO mapreduce.Job:  map 100% reduce 71%
18/09/11 23:40:28 INFO mapreduce.Job:  map 100% reduce 86%
18/09/11 23:40:31 INFO mapreduce.Job:  map 100% reduce 100%
18/09/11 23:40:31 INFO mapreduce.Job: Job job_1524406905265_2925 completed successfully
18/09/11 23:40:31 INFO mapreduce.Job: Counters: 50
	File System Counters
		FILE: Number of bytes read=124619446
		FILE: Number of bytes written=250895007
		FILE: Number of read operations=0
		FILE: Number of large read operations=0
		FILE: Number of write operations=0
		HDFS: Number of bytes read=121399218
		HDFS: Number of bytes written=1072823
		HDFS: Number of read operations=33
		HDFS: Number of large read operations=0
		HDFS: Number of write operations=2
	Job Counters 
		Launched map tasks=10
		Launched reduce tasks=1
		Data-local map tasks=7
		Rack-local map tasks=3
		Total time spent by all maps in occupied slots (ms)=398040
		Total time spent by all reduces in occupied slots (ms)=184344
		Total time spent by all map tasks (ms)=66340
		Total time spent by all reduce tasks (ms)=15362
		Total vcore-milliseconds taken by all map tasks=66340
		Total vcore-milliseconds taken by all reduce tasks=15362
		Total megabyte-milliseconds taken by all map tasks=407592960
		Total megabyte-milliseconds taken by all reduce tasks=188768256
	Map-Reduce Framework
		Map input records=1610800
		Map output records=1610800
		Map output bytes=121397834
		Map output materialized bytes=124619500
		Input split bytes=1390
		Combine input records=0
		Combine output records=0
		Reduce input groups=1610800
		Reduce shuffle bytes=124619500
		Reduce input records=1610800
		Reduce output records=32217
		Spilled Records=3221600
		Shuffled Maps =10
		Failed Shuffles=0
		Merged Map outputs=10
		GC time elapsed (ms)=1029
		CPU time spent (ms)=48460
		Physical memory (bytes) snapshot=24219983872
		Virtual memory (bytes) snapshot=83022163968
		Total committed heap usage (bytes)=23908581376
	Shuffle Errors
		BAD_ID=0
		CONNECTION=0
		IO_ERROR=0
		WRONG_LENGTH=0
		WRONG_MAP=0
		WRONG_REDUCE=0
	File Input Format Counters 
		Bytes Read=121397828
	File Output Format Counters 
		Bytes Written=1072823
18/09/11 23:40:31 INFO streaming.StreamJob: Output directory: /user/sourabhbalgi/devel_accuracy_mapred

>>> Number of reducers used by devel_accuracy_mapred = 1. 


>>> devel_accuracy_mapred Job completed. 

rm: cannot remove './devel_accuracy.txt': No such file or directory

>>> Deleted previous file ./devel_accuracy.txt. 

SLF4J: Class path contains multiple SLF4J bindings.
SLF4J: Found binding in [jar:file:/usr/hdp/2.6.1.0-129/hadoop/lib/slf4j-log4j12-1.7.10.jar!/org/slf4j/impl/StaticLoggerBinder.class]
SLF4J: Found binding in [jar:file:/usr/hdp/2.6.1.0-129/hadoop-mapreduce/lib/giraph-examples-1.3.0-SNAPSHOT-for-hadoop-2.7.3-jar-with-dependencies.jar!/org/slf4j/impl/StaticLoggerBinder.class]
SLF4J: See http://www.slf4j.org/codes.html#multiple_bindings for an explanation.
SLF4J: Actual binding is of type [org.slf4j.impl.Log4jLoggerFactory]

>>> Combined outputs from devel_accuracy_mapred into single file ./devel_accuracy_predlabels.txt. 

SLF4J: Class path contains multiple SLF4J bindings.
SLF4J: Found binding in [jar:file:/usr/hdp/2.6.1.0-129/hadoop/lib/slf4j-log4j12-1.7.10.jar!/org/slf4j/impl/StaticLoggerBinder.class]
SLF4J: Found binding in [jar:file:/usr/hdp/2.6.1.0-129/hadoop-mapreduce/lib/giraph-examples-1.3.0-SNAPSHOT-for-hadoop-2.7.3-jar-with-dependencies.jar!/org/slf4j/impl/StaticLoggerBinder.class]
SLF4J: See http://www.slf4j.org/codes.html#multiple_bindings for an explanation.
SLF4J: Actual binding is of type [org.slf4j.impl.Log4jLoggerFactory]

>>> Copied word count file to hdfs output folder. 

