SLF4J: Class path contains multiple SLF4J bindings.
SLF4J: Found binding in [jar:file:/usr/hdp/2.6.1.0-129/hadoop/lib/slf4j-log4j12-1.7.10.jar!/org/slf4j/impl/StaticLoggerBinder.class]
SLF4J: Found binding in [jar:file:/usr/hdp/2.6.1.0-129/hadoop-mapreduce/lib/giraph-examples-1.3.0-SNAPSHOT-for-hadoop-2.7.3-jar-with-dependencies.jar!/org/slf4j/impl/StaticLoggerBinder.class]
SLF4J: See http://www.slf4j.org/codes.html#multiple_bindings for an explanation.
SLF4J: Actual binding is of type [org.slf4j.impl.Log4jLoggerFactory]
Found 5 items
drwx------   - sourabhbalgi sourabhbalgi          0 2018-09-10 23:30 /user/sourabhbalgi/.Trash
drwx------   - sourabhbalgi sourabhbalgi          0 2018-09-10 23:21 /user/sourabhbalgi/.staging
drwxr-xr-x   - sourabhbalgi sourabhbalgi          0 2018-09-10 23:21 /user/sourabhbalgi/modelparams_mapred
drwxr-xr-x   - sourabhbalgi sourabhbalgi          0 2018-09-10 23:20 /user/sourabhbalgi/modelparams_mapred_5
drwxr-xr-x   - sourabhbalgi sourabhbalgi          0 2018-09-10 23:14 /user/sourabhbalgi/out_ds222_as1
SLF4J: Class path contains multiple SLF4J bindings.
SLF4J: Found binding in [jar:file:/usr/hdp/2.6.1.0-129/hadoop/lib/slf4j-log4j12-1.7.10.jar!/org/slf4j/impl/StaticLoggerBinder.class]
SLF4J: Found binding in [jar:file:/usr/hdp/2.6.1.0-129/hadoop-mapreduce/lib/giraph-examples-1.3.0-SNAPSHOT-for-hadoop-2.7.3-jar-with-dependencies.jar!/org/slf4j/impl/StaticLoggerBinder.class]
SLF4J: See http://www.slf4j.org/codes.html#multiple_bindings for an explanation.
SLF4J: Actual binding is of type [org.slf4j.impl.Log4jLoggerFactory]
Deleted /user/sourabhbalgi/.Trash
18/09/10 23:30:14 INFO fs.TrashPolicyDefault: Moved: 'hdfs://turing.cds.iisc.ac.in:8020/user/sourabhbalgi/.staging' to trash at: hdfs://turing.cds.iisc.ac.in:8020/user/sourabhbalgi/.Trash/Current/user/sourabhbalgi/.staging
18/09/10 23:30:14 INFO fs.TrashPolicyDefault: Moved: 'hdfs://turing.cds.iisc.ac.in:8020/user/sourabhbalgi/modelparams_mapred' to trash at: hdfs://turing.cds.iisc.ac.in:8020/user/sourabhbalgi/.Trash/Current/user/sourabhbalgi/modelparams_mapred
18/09/10 23:30:14 INFO fs.TrashPolicyDefault: Moved: 'hdfs://turing.cds.iisc.ac.in:8020/user/sourabhbalgi/modelparams_mapred_5' to trash at: hdfs://turing.cds.iisc.ac.in:8020/user/sourabhbalgi/.Trash/Current/user/sourabhbalgi/modelparams_mapred_5
18/09/10 23:30:14 INFO fs.TrashPolicyDefault: Moved: 'hdfs://turing.cds.iisc.ac.in:8020/user/sourabhbalgi/out_ds222_as1' to trash at: hdfs://turing.cds.iisc.ac.in:8020/user/sourabhbalgi/.Trash/Current/user/sourabhbalgi/out_ds222_as1
rm: `hdfs': No such file or directory
rm: `dfs': No such file or directory
rm: `-rm': No such file or directory
rm: `-r': No such file or directory
Deleted /user/sourabhbalgi/.Trash
rm: File does not exist: hdfs://turing.cds.iisc.ac.in:8020/user/sourabhbalgi/.staging
rm: File does not exist: hdfs://turing.cds.iisc.ac.in:8020/user/sourabhbalgi/modelparams_mapred
rm: File does not exist: hdfs://turing.cds.iisc.ac.in:8020/user/sourabhbalgi/modelparams_mapred_5
rm: File does not exist: hdfs://turing.cds.iisc.ac.in:8020/user/sourabhbalgi/out_ds222_as1
SLF4J: Class path contains multiple SLF4J bindings.
SLF4J: Found binding in [jar:file:/usr/hdp/2.6.1.0-129/hadoop/lib/slf4j-log4j12-1.7.10.jar!/org/slf4j/impl/StaticLoggerBinder.class]
SLF4J: Found binding in [jar:file:/usr/hdp/2.6.1.0-129/hadoop-mapreduce/lib/giraph-examples-1.3.0-SNAPSHOT-for-hadoop-2.7.3-jar-with-dependencies.jar!/org/slf4j/impl/StaticLoggerBinder.class]
SLF4J: See http://www.slf4j.org/codes.html#multiple_bindings for an explanation.
SLF4J: Actual binding is of type [org.slf4j.impl.Log4jLoggerFactory]

>>> Creating output folder out_ds222_as1 on hdfs to store output files of mapreduce. 

SLF4J: Class path contains multiple SLF4J bindings.
SLF4J: Found binding in [jar:file:/usr/hdp/2.6.1.0-129/hadoop/lib/slf4j-log4j12-1.7.10.jar!/org/slf4j/impl/StaticLoggerBinder.class]
SLF4J: Found binding in [jar:file:/usr/hdp/2.6.1.0-129/hadoop-mapreduce/lib/giraph-examples-1.3.0-SNAPSHOT-for-hadoop-2.7.3-jar-with-dependencies.jar!/org/slf4j/impl/StaticLoggerBinder.class]
SLF4J: See http://www.slf4j.org/codes.html#multiple_bindings for an explanation.
SLF4J: Actual binding is of type [org.slf4j.impl.Log4jLoggerFactory]

>>> Starting get_modelparams_mapred to get model parameters ... 

SLF4J: Class path contains multiple SLF4J bindings.
SLF4J: Found binding in [jar:file:/usr/hdp/2.6.1.0-129/hadoop/lib/slf4j-log4j12-1.7.10.jar!/org/slf4j/impl/StaticLoggerBinder.class]
SLF4J: Found binding in [jar:file:/usr/hdp/2.6.1.0-129/hadoop-mapreduce/lib/giraph-examples-1.3.0-SNAPSHOT-for-hadoop-2.7.3-jar-with-dependencies.jar!/org/slf4j/impl/StaticLoggerBinder.class]
SLF4J: See http://www.slf4j.org/codes.html#multiple_bindings for an explanation.
SLF4J: Actual binding is of type [org.slf4j.impl.Log4jLoggerFactory]
rm: `/user/sourabhbalgi/modelparams_mapred_8/*': No such file or directory
SLF4J: Class path contains multiple SLF4J bindings.
SLF4J: Found binding in [jar:file:/usr/hdp/2.6.1.0-129/hadoop/lib/slf4j-log4j12-1.7.10.jar!/org/slf4j/impl/StaticLoggerBinder.class]
SLF4J: Found binding in [jar:file:/usr/hdp/2.6.1.0-129/hadoop-mapreduce/lib/giraph-examples-1.3.0-SNAPSHOT-for-hadoop-2.7.3-jar-with-dependencies.jar!/org/slf4j/impl/StaticLoggerBinder.class]
SLF4J: See http://www.slf4j.org/codes.html#multiple_bindings for an explanation.
SLF4J: Actual binding is of type [org.slf4j.impl.Log4jLoggerFactory]
rmdir: `/user/sourabhbalgi/modelparams_mapred_8': No such file or directory
SLF4J: Class path contains multiple SLF4J bindings.
SLF4J: Found binding in [jar:file:/usr/hdp/2.6.1.0-129/hadoop/lib/slf4j-log4j12-1.7.10.jar!/org/slf4j/impl/StaticLoggerBinder.class]
SLF4J: Found binding in [jar:file:/usr/hdp/2.6.1.0-129/hadoop-mapreduce/lib/giraph-examples-1.3.0-SNAPSHOT-for-hadoop-2.7.3-jar-with-dependencies.jar!/org/slf4j/impl/StaticLoggerBinder.class]
SLF4J: See http://www.slf4j.org/codes.html#multiple_bindings for an explanation.
SLF4J: Actual binding is of type [org.slf4j.impl.Log4jLoggerFactory]
18/09/10 23:30:24 WARN streaming.StreamJob: -file option is deprecated, please use generic option -files instead.
packageJobJar: [./get_modelparams_map_n.py, ./get_modelparams_red_n.py] [/usr/hdp/2.6.1.0-129/hadoop-mapreduce/hadoop-streaming-2.7.3.2.6.1.0-129.jar] /tmp/streamjob3441827333145033667.jar tmpDir=null
18/09/10 23:30:25 INFO client.RMProxy: Connecting to ResourceManager at turing.cds.iisc.ac.in/10.24.1.32:8050
18/09/10 23:30:25 INFO client.AHSProxy: Connecting to Application History server at turing.cds.iisc.ac.in/10.24.1.32:10200
18/09/10 23:30:25 INFO client.RMProxy: Connecting to ResourceManager at turing.cds.iisc.ac.in/10.24.1.32:8050
18/09/10 23:30:25 INFO client.AHSProxy: Connecting to Application History server at turing.cds.iisc.ac.in/10.24.1.32:10200
18/09/10 23:30:26 INFO mapred.FileInputFormat: Total input paths to process : 1
18/09/10 23:30:26 INFO mapreduce.JobSubmitter: number of splits:2
18/09/10 23:30:26 INFO mapreduce.JobSubmitter: Submitting tokens for job: job_1524406905265_2865
18/09/10 23:30:26 INFO impl.YarnClientImpl: Submitted application application_1524406905265_2865
18/09/10 23:30:26 INFO mapreduce.Job: The url to track the job: http://turing.cds.iisc.ac.in:8088/proxy/application_1524406905265_2865/
18/09/10 23:30:26 INFO mapreduce.Job: Running job: job_1524406905265_2865
18/09/10 23:30:35 INFO mapreduce.Job: Job job_1524406905265_2865 running in uber mode : false
18/09/10 23:30:35 INFO mapreduce.Job:  map 0% reduce 0%
18/09/10 23:30:57 INFO mapreduce.Job:  map 1% reduce 0%
18/09/10 23:31:00 INFO mapreduce.Job:  map 2% reduce 0%
18/09/10 23:31:03 INFO mapreduce.Job:  map 3% reduce 0%
18/09/10 23:31:06 INFO mapreduce.Job:  map 4% reduce 0%
18/09/10 23:31:11 INFO mapreduce.Job:  map 5% reduce 0%
18/09/10 23:31:15 INFO mapreduce.Job:  map 6% reduce 0%
18/09/10 23:31:18 INFO mapreduce.Job:  map 7% reduce 0%
18/09/10 23:31:21 INFO mapreduce.Job:  map 8% reduce 0%
18/09/10 23:31:27 INFO mapreduce.Job:  map 9% reduce 0%
18/09/10 23:31:30 INFO mapreduce.Job:  map 10% reduce 0%
18/09/10 23:31:33 INFO mapreduce.Job:  map 11% reduce 0%
18/09/10 23:31:36 INFO mapreduce.Job:  map 12% reduce 0%
18/09/10 23:31:39 INFO mapreduce.Job:  map 13% reduce 0%
18/09/10 23:31:46 INFO mapreduce.Job:  map 14% reduce 0%
18/09/10 23:31:49 INFO mapreduce.Job:  map 15% reduce 0%
18/09/10 23:31:52 INFO mapreduce.Job:  map 16% reduce 0%
18/09/10 23:31:55 INFO mapreduce.Job:  map 17% reduce 0%
18/09/10 23:32:01 INFO mapreduce.Job:  map 18% reduce 0%
18/09/10 23:32:04 INFO mapreduce.Job:  map 19% reduce 0%
18/09/10 23:32:07 INFO mapreduce.Job:  map 20% reduce 0%
18/09/10 23:32:10 INFO mapreduce.Job:  map 21% reduce 0%
18/09/10 23:32:13 INFO mapreduce.Job:  map 22% reduce 0%
18/09/10 23:32:16 INFO mapreduce.Job:  map 23% reduce 0%
18/09/10 23:32:22 INFO mapreduce.Job:  map 24% reduce 0%
18/09/10 23:32:25 INFO mapreduce.Job:  map 25% reduce 0%
18/09/10 23:32:28 INFO mapreduce.Job:  map 26% reduce 0%
18/09/10 23:32:31 INFO mapreduce.Job:  map 27% reduce 0%
18/09/10 23:32:34 INFO mapreduce.Job:  map 28% reduce 0%
18/09/10 23:32:39 INFO mapreduce.Job:  map 29% reduce 0%
18/09/10 23:32:42 INFO mapreduce.Job:  map 30% reduce 0%
18/09/10 23:32:46 INFO mapreduce.Job:  map 31% reduce 0%
18/09/10 23:32:49 INFO mapreduce.Job:  map 32% reduce 0%
18/09/10 23:32:56 INFO mapreduce.Job:  map 33% reduce 0%
18/09/10 23:32:59 INFO mapreduce.Job:  map 34% reduce 0%
18/09/10 23:33:02 INFO mapreduce.Job:  map 35% reduce 0%
18/09/10 23:33:06 INFO mapreduce.Job:  map 36% reduce 0%
18/09/10 23:33:09 INFO mapreduce.Job:  map 37% reduce 0%
18/09/10 23:33:14 INFO mapreduce.Job:  map 38% reduce 0%
18/09/10 23:33:17 INFO mapreduce.Job:  map 39% reduce 0%
18/09/10 23:33:21 INFO mapreduce.Job:  map 40% reduce 0%
18/09/10 23:33:24 INFO mapreduce.Job:  map 41% reduce 0%
18/09/10 23:33:29 INFO mapreduce.Job:  map 42% reduce 0%
18/09/10 23:33:32 INFO mapreduce.Job:  map 43% reduce 0%
18/09/10 23:33:35 INFO mapreduce.Job:  map 44% reduce 0%
18/09/10 23:33:39 INFO mapreduce.Job:  map 45% reduce 0%
18/09/10 23:33:42 INFO mapreduce.Job:  map 46% reduce 0%
18/09/10 23:33:45 INFO mapreduce.Job:  map 47% reduce 0%
18/09/10 23:33:48 INFO mapreduce.Job:  map 48% reduce 0%
18/09/10 23:33:53 INFO mapreduce.Job:  map 49% reduce 0%
18/09/10 23:33:56 INFO mapreduce.Job:  map 50% reduce 0%
18/09/10 23:33:59 INFO mapreduce.Job:  map 51% reduce 0%
18/09/10 23:34:03 INFO mapreduce.Job:  map 52% reduce 0%
18/09/10 23:34:06 INFO mapreduce.Job:  map 53% reduce 0%
18/09/10 23:34:11 INFO mapreduce.Job:  map 54% reduce 0%
18/09/10 23:34:14 INFO mapreduce.Job:  map 55% reduce 0%
18/09/10 23:34:17 INFO mapreduce.Job:  map 56% reduce 0%
18/09/10 23:34:21 INFO mapreduce.Job:  map 57% reduce 0%
18/09/10 23:34:24 INFO mapreduce.Job:  map 58% reduce 0%
18/09/10 23:34:29 INFO mapreduce.Job:  map 59% reduce 0%
18/09/10 23:34:32 INFO mapreduce.Job:  map 60% reduce 0%
18/09/10 23:34:35 INFO mapreduce.Job:  map 61% reduce 0%
18/09/10 23:34:39 INFO mapreduce.Job:  map 62% reduce 0%
18/09/10 23:34:42 INFO mapreduce.Job:  map 63% reduce 0%
18/09/10 23:34:48 INFO mapreduce.Job:  map 64% reduce 0%
18/09/10 23:34:54 INFO mapreduce.Job:  map 65% reduce 0%
18/09/10 23:35:00 INFO mapreduce.Job:  map 66% reduce 0%
18/09/10 23:35:01 INFO mapreduce.Job:  map 82% reduce 0%
18/09/10 23:35:03 INFO mapreduce.Job:  map 83% reduce 0%
18/09/10 23:35:12 INFO mapreduce.Job:  map 83% reduce 2%
18/09/10 23:35:13 INFO mapreduce.Job:  map 83% reduce 17%
18/09/10 23:35:23 INFO mapreduce.Job:  map 100% reduce 17%
18/09/10 23:35:25 INFO mapreduce.Job:  map 100% reduce 29%
18/09/10 23:35:26 INFO mapreduce.Job:  map 100% reduce 33%
18/09/10 23:35:27 INFO mapreduce.Job:  map 100% reduce 39%
18/09/10 23:35:28 INFO mapreduce.Job:  map 100% reduce 68%
18/09/10 23:35:29 INFO mapreduce.Job:  map 100% reduce 72%
18/09/10 23:35:30 INFO mapreduce.Job:  map 100% reduce 73%
18/09/10 23:35:31 INFO mapreduce.Job:  map 100% reduce 83%
18/09/10 23:35:32 INFO mapreduce.Job:  map 100% reduce 85%
18/09/10 23:35:33 INFO mapreduce.Job:  map 100% reduce 90%
18/09/10 23:35:34 INFO mapreduce.Job:  map 100% reduce 95%
18/09/10 23:35:35 INFO mapreduce.Job:  map 100% reduce 96%
18/09/10 23:35:37 INFO mapreduce.Job:  map 100% reduce 99%
18/09/10 23:35:38 INFO mapreduce.Job:  map 100% reduce 100%
18/09/10 23:35:39 INFO mapreduce.Job: Job job_1524406905265_2865 completed successfully
18/09/10 23:35:40 INFO mapreduce.Job: Counters: 49
	File System Counters
		FILE: Number of bytes read=571351458
		FILE: Number of bytes written=1144208120
		FILE: Number of read operations=0
		FILE: Number of large read operations=0
		FILE: Number of write operations=0
		HDFS: Number of bytes read=131308644
		HDFS: Number of bytes written=51169182
		HDFS: Number of read operations=30
		HDFS: Number of large read operations=0
		HDFS: Number of write operations=16
	Job Counters 
		Launched map tasks=2
		Launched reduce tasks=8
		Rack-local map tasks=2
		Total time spent by all maps in occupied slots (ms)=3292932
		Total time spent by all reduces in occupied slots (ms)=2977416
		Total time spent by all map tasks (ms)=548822
		Total time spent by all reduce tasks (ms)=248118
		Total vcore-milliseconds taken by all map tasks=548822
		Total vcore-milliseconds taken by all reduce tasks=248118
		Total megabyte-milliseconds taken by all map tasks=3371962368
		Total megabyte-milliseconds taken by all reduce tasks=3048873984
	Map-Reduce Framework
		Map input records=214997
		Map output records=13611693
		Map output bytes=544128024
		Map output materialized bytes=571351506
		Input split bytes=274
		Combine input records=0
		Combine output records=0
		Reduce input groups=877220
		Reduce shuffle bytes=571351506
		Reduce input records=13611693
		Reduce output records=1754798
		Spilled Records=27223386
		Shuffled Maps =16
		Failed Shuffles=0
		Merged Map outputs=16
		GC time elapsed (ms)=5175
		CPU time spent (ms)=687100
		Physical memory (bytes) snapshot=8304439296
		Virtual memory (bytes) snapshot=113596280832
		Total committed heap usage (bytes)=8879341568
	Shuffle Errors
		BAD_ID=0
		CONNECTION=0
		IO_ERROR=0
		WRONG_LENGTH=0
		WRONG_MAP=0
		WRONG_REDUCE=0
	File Input Format Counters 
		Bytes Read=131308370
	File Output Format Counters 
		Bytes Written=51169182
18/09/10 23:35:40 INFO streaming.StreamJob: Output directory: /user/sourabhbalgi/modelparams_mapred_8

>>> Number of reducers used by get_modelparams_mapred = 8. 


>>> get_modelparams_mapred Job completed. 

SLF4J: Class path contains multiple SLF4J bindings.
SLF4J: Found binding in [jar:file:/usr/hdp/2.6.1.0-129/hadoop/lib/slf4j-log4j12-1.7.10.jar!/org/slf4j/impl/StaticLoggerBinder.class]
SLF4J: Found binding in [jar:file:/usr/hdp/2.6.1.0-129/hadoop-mapreduce/lib/giraph-examples-1.3.0-SNAPSHOT-for-hadoop-2.7.3-jar-with-dependencies.jar!/org/slf4j/impl/StaticLoggerBinder.class]
SLF4J: See http://www.slf4j.org/codes.html#multiple_bindings for an explanation.
SLF4J: Actual binding is of type [org.slf4j.impl.Log4jLoggerFactory]
rm: `/user/sourabhbalgi/modelparams_mapred/*': No such file or directory
SLF4J: Class path contains multiple SLF4J bindings.
SLF4J: Found binding in [jar:file:/usr/hdp/2.6.1.0-129/hadoop/lib/slf4j-log4j12-1.7.10.jar!/org/slf4j/impl/StaticLoggerBinder.class]
SLF4J: Found binding in [jar:file:/usr/hdp/2.6.1.0-129/hadoop-mapreduce/lib/giraph-examples-1.3.0-SNAPSHOT-for-hadoop-2.7.3-jar-with-dependencies.jar!/org/slf4j/impl/StaticLoggerBinder.class]
SLF4J: See http://www.slf4j.org/codes.html#multiple_bindings for an explanation.
SLF4J: Actual binding is of type [org.slf4j.impl.Log4jLoggerFactory]
rmdir: `/user/sourabhbalgi/modelparams_mapred': No such file or directory
SLF4J: Class path contains multiple SLF4J bindings.
SLF4J: Found binding in [jar:file:/usr/hdp/2.6.1.0-129/hadoop/lib/slf4j-log4j12-1.7.10.jar!/org/slf4j/impl/StaticLoggerBinder.class]
SLF4J: Found binding in [jar:file:/usr/hdp/2.6.1.0-129/hadoop-mapreduce/lib/giraph-examples-1.3.0-SNAPSHOT-for-hadoop-2.7.3-jar-with-dependencies.jar!/org/slf4j/impl/StaticLoggerBinder.class]
SLF4J: See http://www.slf4j.org/codes.html#multiple_bindings for an explanation.
SLF4J: Actual binding is of type [org.slf4j.impl.Log4jLoggerFactory]
18/09/10 23:35:45 WARN streaming.StreamJob: -file option is deprecated, please use generic option -files instead.
packageJobJar: [./get_modelparams_map_final.py, ./get_modelparams_red_final.py] [/usr/hdp/2.6.1.0-129/hadoop-mapreduce/hadoop-streaming-2.7.3.2.6.1.0-129.jar] /tmp/streamjob4081906080028718227.jar tmpDir=null
18/09/10 23:35:46 INFO client.RMProxy: Connecting to ResourceManager at turing.cds.iisc.ac.in/10.24.1.32:8050
18/09/10 23:35:46 INFO client.AHSProxy: Connecting to Application History server at turing.cds.iisc.ac.in/10.24.1.32:10200
18/09/10 23:35:46 INFO client.RMProxy: Connecting to ResourceManager at turing.cds.iisc.ac.in/10.24.1.32:8050
18/09/10 23:35:46 INFO client.AHSProxy: Connecting to Application History server at turing.cds.iisc.ac.in/10.24.1.32:10200
18/09/10 23:35:48 INFO mapred.FileInputFormat: Total input paths to process : 8
18/09/10 23:35:49 INFO mapreduce.JobSubmitter: number of splits:8
18/09/10 23:35:49 INFO mapreduce.JobSubmitter: Submitting tokens for job: job_1524406905265_2866
18/09/10 23:35:49 INFO impl.YarnClientImpl: Submitted application application_1524406905265_2866
18/09/10 23:35:50 INFO mapreduce.Job: The url to track the job: http://turing.cds.iisc.ac.in:8088/proxy/application_1524406905265_2866/
18/09/10 23:35:50 INFO mapreduce.Job: Running job: job_1524406905265_2866
18/09/10 23:35:58 INFO mapreduce.Job: Job job_1524406905265_2866 running in uber mode : false
18/09/10 23:35:58 INFO mapreduce.Job:  map 0% reduce 0%
18/09/10 23:36:05 INFO mapreduce.Job:  map 13% reduce 0%
18/09/10 23:36:06 INFO mapreduce.Job:  map 50% reduce 0%
18/09/10 23:36:07 INFO mapreduce.Job:  map 100% reduce 0%
18/09/10 23:36:17 INFO mapreduce.Job:  map 100% reduce 68%
18/09/10 23:36:20 INFO mapreduce.Job:  map 100% reduce 70%
18/09/10 23:36:23 INFO mapreduce.Job:  map 100% reduce 73%
18/09/10 23:36:26 INFO mapreduce.Job:  map 100% reduce 75%
18/09/10 23:36:29 INFO mapreduce.Job:  map 100% reduce 77%
18/09/10 23:36:32 INFO mapreduce.Job:  map 100% reduce 80%
18/09/10 23:36:35 INFO mapreduce.Job:  map 100% reduce 84%
18/09/10 23:36:38 INFO mapreduce.Job:  map 100% reduce 88%
18/09/10 23:36:41 INFO mapreduce.Job:  map 100% reduce 91%
18/09/10 23:36:45 INFO mapreduce.Job:  map 100% reduce 94%
18/09/10 23:36:48 INFO mapreduce.Job:  map 100% reduce 97%
18/09/10 23:36:51 INFO mapreduce.Job:  map 100% reduce 100%
18/09/10 23:36:52 INFO mapreduce.Job: Job job_1524406905265_2866 completed successfully
18/09/10 23:36:52 INFO mapreduce.Job: Counters: 50
	File System Counters
		FILE: Number of bytes read=54678784
		FILE: Number of bytes written=110712505
		FILE: Number of read operations=0
		FILE: Number of large read operations=0
		FILE: Number of write operations=0
		HDFS: Number of bytes read=51170262
		HDFS: Number of bytes written=47925220
		HDFS: Number of read operations=27
		HDFS: Number of large read operations=0
		HDFS: Number of write operations=2
	Job Counters 
		Launched map tasks=8
		Launched reduce tasks=1
		Data-local map tasks=5
		Rack-local map tasks=3
		Total time spent by all maps in occupied slots (ms)=323568
		Total time spent by all reduces in occupied slots (ms)=510084
		Total time spent by all map tasks (ms)=53928
		Total time spent by all reduce tasks (ms)=42507
		Total vcore-milliseconds taken by all map tasks=53928
		Total vcore-milliseconds taken by all reduce tasks=42507
		Total megabyte-milliseconds taken by all map tasks=331333632
		Total megabyte-milliseconds taken by all reduce tasks=522326016
	Map-Reduce Framework
		Map input records=1754798
		Map output records=1754798
		Map output bytes=51169182
		Map output materialized bytes=54678826
		Input split bytes=1080
		Combine input records=0
		Combine output records=0
		Reduce input groups=1098100
		Reduce shuffle bytes=54678826
		Reduce input records=1754798
		Reduce output records=1098100
		Spilled Records=3509596
		Shuffled Maps =8
		Failed Shuffles=0
		Merged Map outputs=8
		GC time elapsed (ms)=817
		CPU time spent (ms)=79780
		Physical memory (bytes) snapshot=19339567104
		Virtual memory (bytes) snapshot=68889518080
		Total committed heap usage (bytes)=19095617536
	Shuffle Errors
		BAD_ID=0
		CONNECTION=0
		IO_ERROR=0
		WRONG_LENGTH=0
		WRONG_MAP=0
		WRONG_REDUCE=0
	File Input Format Counters 
		Bytes Read=51169182
	File Output Format Counters 
		Bytes Written=47925220
18/09/10 23:36:52 INFO streaming.StreamJob: Output directory: /user/sourabhbalgi/modelparams_mapred

>>> Completed get_modelparams_mapred Job. 

rm: cannot remove './modelparams_8.txt': No such file or directory

>>> Deleted previous file ./modelparams_8.txt. 

SLF4J: Class path contains multiple SLF4J bindings.
SLF4J: Found binding in [jar:file:/usr/hdp/2.6.1.0-129/hadoop/lib/slf4j-log4j12-1.7.10.jar!/org/slf4j/impl/StaticLoggerBinder.class]
SLF4J: Found binding in [jar:file:/usr/hdp/2.6.1.0-129/hadoop-mapreduce/lib/giraph-examples-1.3.0-SNAPSHOT-for-hadoop-2.7.3-jar-with-dependencies.jar!/org/slf4j/impl/StaticLoggerBinder.class]
SLF4J: See http://www.slf4j.org/codes.html#multiple_bindings for an explanation.
SLF4J: Actual binding is of type [org.slf4j.impl.Log4jLoggerFactory]

>>> Combined outputs from get_modelparams_mapred into single file ./modelparams_8.txt. 

_vocablen 220836	
220837
43
50
877220
