SLF4J: Class path contains multiple SLF4J bindings.
SLF4J: Found binding in [jar:file:/usr/hdp/2.6.1.0-129/hadoop/lib/slf4j-log4j12-1.7.10.jar!/org/slf4j/impl/StaticLoggerBinder.class]
SLF4J: Found binding in [jar:file:/usr/hdp/2.6.1.0-129/hadoop-mapreduce/lib/giraph-examples-1.3.0-SNAPSHOT-for-hadoop-2.7.3-jar-with-dependencies.jar!/org/slf4j/impl/StaticLoggerBinder.class]
SLF4J: See http://www.slf4j.org/codes.html#multiple_bindings for an explanation.
SLF4J: Actual binding is of type [org.slf4j.impl.Log4jLoggerFactory]
Found 4 items
drwx------   - sourabhbalgi sourabhbalgi          0 2018-09-10 23:36 /user/sourabhbalgi/.staging
drwxr-xr-x   - sourabhbalgi sourabhbalgi          0 2018-09-10 23:36 /user/sourabhbalgi/modelparams_mapred
drwxr-xr-x   - sourabhbalgi sourabhbalgi          0 2018-09-10 23:35 /user/sourabhbalgi/modelparams_mapred_8
drwxr-xr-x   - sourabhbalgi sourabhbalgi          0 2018-09-10 23:30 /user/sourabhbalgi/out_ds222_as1
SLF4J: Class path contains multiple SLF4J bindings.
SLF4J: Found binding in [jar:file:/usr/hdp/2.6.1.0-129/hadoop/lib/slf4j-log4j12-1.7.10.jar!/org/slf4j/impl/StaticLoggerBinder.class]
SLF4J: Found binding in [jar:file:/usr/hdp/2.6.1.0-129/hadoop-mapreduce/lib/giraph-examples-1.3.0-SNAPSHOT-for-hadoop-2.7.3-jar-with-dependencies.jar!/org/slf4j/impl/StaticLoggerBinder.class]
SLF4J: See http://www.slf4j.org/codes.html#multiple_bindings for an explanation.
SLF4J: Actual binding is of type [org.slf4j.impl.Log4jLoggerFactory]
18/09/10 23:42:42 INFO fs.TrashPolicyDefault: Moved: 'hdfs://turing.cds.iisc.ac.in:8020/user/sourabhbalgi/.staging' to trash at: hdfs://turing.cds.iisc.ac.in:8020/user/sourabhbalgi/.Trash/Current/user/sourabhbalgi/.staging
18/09/10 23:42:42 INFO fs.TrashPolicyDefault: Moved: 'hdfs://turing.cds.iisc.ac.in:8020/user/sourabhbalgi/modelparams_mapred' to trash at: hdfs://turing.cds.iisc.ac.in:8020/user/sourabhbalgi/.Trash/Current/user/sourabhbalgi/modelparams_mapred
18/09/10 23:42:42 INFO fs.TrashPolicyDefault: Moved: 'hdfs://turing.cds.iisc.ac.in:8020/user/sourabhbalgi/modelparams_mapred_8' to trash at: hdfs://turing.cds.iisc.ac.in:8020/user/sourabhbalgi/.Trash/Current/user/sourabhbalgi/modelparams_mapred_8
18/09/10 23:42:42 INFO fs.TrashPolicyDefault: Moved: 'hdfs://turing.cds.iisc.ac.in:8020/user/sourabhbalgi/out_ds222_as1' to trash at: hdfs://turing.cds.iisc.ac.in:8020/user/sourabhbalgi/.Trash/Current/user/sourabhbalgi/out_ds222_as1
rm: `hdfs': No such file or directory
rm: `dfs': No such file or directory
rm: `-rm': No such file or directory
rm: `-r': No such file or directory
rm: File does not exist: hdfs://turing.cds.iisc.ac.in:8020/user/sourabhbalgi/.staging
rm: File does not exist: hdfs://turing.cds.iisc.ac.in:8020/user/sourabhbalgi/modelparams_mapred
rm: File does not exist: hdfs://turing.cds.iisc.ac.in:8020/user/sourabhbalgi/modelparams_mapred_8
rm: File does not exist: hdfs://turing.cds.iisc.ac.in:8020/user/sourabhbalgi/out_ds222_as1
SLF4J: Class path contains multiple SLF4J bindings.
SLF4J: Found binding in [jar:file:/usr/hdp/2.6.1.0-129/hadoop/lib/slf4j-log4j12-1.7.10.jar!/org/slf4j/impl/StaticLoggerBinder.class]
SLF4J: Found binding in [jar:file:/usr/hdp/2.6.1.0-129/hadoop-mapreduce/lib/giraph-examples-1.3.0-SNAPSHOT-for-hadoop-2.7.3-jar-with-dependencies.jar!/org/slf4j/impl/StaticLoggerBinder.class]
SLF4J: See http://www.slf4j.org/codes.html#multiple_bindings for an explanation.
SLF4J: Actual binding is of type [org.slf4j.impl.Log4jLoggerFactory]
Found 1 items
drwx------   - sourabhbalgi sourabhbalgi          0 2018-09-10 23:42 /user/sourabhbalgi/.Trash

>>> Creating output folder out_ds222_as1 on hdfs to store output files of mapreduce. 

SLF4J: Class path contains multiple SLF4J bindings.
SLF4J: Found binding in [jar:file:/usr/hdp/2.6.1.0-129/hadoop/lib/slf4j-log4j12-1.7.10.jar!/org/slf4j/impl/StaticLoggerBinder.class]
SLF4J: Found binding in [jar:file:/usr/hdp/2.6.1.0-129/hadoop-mapreduce/lib/giraph-examples-1.3.0-SNAPSHOT-for-hadoop-2.7.3-jar-with-dependencies.jar!/org/slf4j/impl/StaticLoggerBinder.class]
SLF4J: See http://www.slf4j.org/codes.html#multiple_bindings for an explanation.
SLF4J: Actual binding is of type [org.slf4j.impl.Log4jLoggerFactory]

>>> Starting get_modelparams_mapred to get model parameters ... 

SLF4J: Class path contains multiple SLF4J bindings.
SLF4J: Found binding in [jar:file:/usr/hdp/2.6.1.0-129/hadoop/lib/slf4j-log4j12-1.7.10.jar!/org/slf4j/impl/StaticLoggerBinder.class]
SLF4J: Found binding in [jar:file:/usr/hdp/2.6.1.0-129/hadoop-mapreduce/lib/giraph-examples-1.3.0-SNAPSHOT-for-hadoop-2.7.3-jar-with-dependencies.jar!/org/slf4j/impl/StaticLoggerBinder.class]
SLF4J: See http://www.slf4j.org/codes.html#multiple_bindings for an explanation.
SLF4J: Actual binding is of type [org.slf4j.impl.Log4jLoggerFactory]
rm: `/user/sourabhbalgi/modelparams_mapred_10/*': No such file or directory
SLF4J: Class path contains multiple SLF4J bindings.
SLF4J: Found binding in [jar:file:/usr/hdp/2.6.1.0-129/hadoop/lib/slf4j-log4j12-1.7.10.jar!/org/slf4j/impl/StaticLoggerBinder.class]
SLF4J: Found binding in [jar:file:/usr/hdp/2.6.1.0-129/hadoop-mapreduce/lib/giraph-examples-1.3.0-SNAPSHOT-for-hadoop-2.7.3-jar-with-dependencies.jar!/org/slf4j/impl/StaticLoggerBinder.class]
SLF4J: See http://www.slf4j.org/codes.html#multiple_bindings for an explanation.
SLF4J: Actual binding is of type [org.slf4j.impl.Log4jLoggerFactory]
rmdir: `/user/sourabhbalgi/modelparams_mapred_10': No such file or directory
SLF4J: Class path contains multiple SLF4J bindings.
SLF4J: Found binding in [jar:file:/usr/hdp/2.6.1.0-129/hadoop/lib/slf4j-log4j12-1.7.10.jar!/org/slf4j/impl/StaticLoggerBinder.class]
SLF4J: Found binding in [jar:file:/usr/hdp/2.6.1.0-129/hadoop-mapreduce/lib/giraph-examples-1.3.0-SNAPSHOT-for-hadoop-2.7.3-jar-with-dependencies.jar!/org/slf4j/impl/StaticLoggerBinder.class]
SLF4J: See http://www.slf4j.org/codes.html#multiple_bindings for an explanation.
SLF4J: Actual binding is of type [org.slf4j.impl.Log4jLoggerFactory]
18/09/10 23:42:53 WARN streaming.StreamJob: -file option is deprecated, please use generic option -files instead.
packageJobJar: [./get_modelparams_map_n.py, ./get_modelparams_red_n.py] [/usr/hdp/2.6.1.0-129/hadoop-mapreduce/hadoop-streaming-2.7.3.2.6.1.0-129.jar] /tmp/streamjob1778432959232540601.jar tmpDir=null
18/09/10 23:42:54 INFO client.RMProxy: Connecting to ResourceManager at turing.cds.iisc.ac.in/10.24.1.32:8050
18/09/10 23:42:54 INFO client.AHSProxy: Connecting to Application History server at turing.cds.iisc.ac.in/10.24.1.32:10200
18/09/10 23:42:54 INFO client.RMProxy: Connecting to ResourceManager at turing.cds.iisc.ac.in/10.24.1.32:8050
18/09/10 23:42:54 INFO client.AHSProxy: Connecting to Application History server at turing.cds.iisc.ac.in/10.24.1.32:10200
18/09/10 23:42:55 INFO mapred.FileInputFormat: Total input paths to process : 1
18/09/10 23:42:55 INFO mapreduce.JobSubmitter: number of splits:2
18/09/10 23:42:55 INFO mapreduce.JobSubmitter: Submitting tokens for job: job_1524406905265_2867
18/09/10 23:42:55 INFO impl.YarnClientImpl: Submitted application application_1524406905265_2867
18/09/10 23:42:55 INFO mapreduce.Job: The url to track the job: http://turing.cds.iisc.ac.in:8088/proxy/application_1524406905265_2867/
18/09/10 23:42:55 INFO mapreduce.Job: Running job: job_1524406905265_2867
18/09/10 23:43:02 INFO mapreduce.Job: Job job_1524406905265_2867 running in uber mode : false
18/09/10 23:43:02 INFO mapreduce.Job:  map 0% reduce 0%
18/09/10 23:43:16 INFO mapreduce.Job:  map 1% reduce 0%
18/09/10 23:43:21 INFO mapreduce.Job:  map 2% reduce 0%
18/09/10 23:43:25 INFO mapreduce.Job:  map 3% reduce 0%
18/09/10 23:43:28 INFO mapreduce.Job:  map 4% reduce 0%
18/09/10 23:43:33 INFO mapreduce.Job:  map 5% reduce 0%
18/09/10 23:43:36 INFO mapreduce.Job:  map 6% reduce 0%
18/09/10 23:43:40 INFO mapreduce.Job:  map 7% reduce 0%
18/09/10 23:43:43 INFO mapreduce.Job:  map 8% reduce 0%
18/09/10 23:43:49 INFO mapreduce.Job:  map 9% reduce 0%
18/09/10 23:43:52 INFO mapreduce.Job:  map 10% reduce 0%
18/09/10 23:43:55 INFO mapreduce.Job:  map 11% reduce 0%
18/09/10 23:43:58 INFO mapreduce.Job:  map 12% reduce 0%
18/09/10 23:44:04 INFO mapreduce.Job:  map 13% reduce 0%
18/09/10 23:44:07 INFO mapreduce.Job:  map 14% reduce 0%
18/09/10 23:44:10 INFO mapreduce.Job:  map 15% reduce 0%
18/09/10 23:44:13 INFO mapreduce.Job:  map 16% reduce 0%
18/09/10 23:44:16 INFO mapreduce.Job:  map 17% reduce 0%
18/09/10 23:44:22 INFO mapreduce.Job:  map 18% reduce 0%
18/09/10 23:44:25 INFO mapreduce.Job:  map 19% reduce 0%
18/09/10 23:44:29 INFO mapreduce.Job:  map 20% reduce 0%
18/09/10 23:44:32 INFO mapreduce.Job:  map 21% reduce 0%
18/09/10 23:44:35 INFO mapreduce.Job:  map 22% reduce 0%
18/09/10 23:44:40 INFO mapreduce.Job:  map 23% reduce 0%
18/09/10 23:44:43 INFO mapreduce.Job:  map 24% reduce 0%
18/09/10 23:44:47 INFO mapreduce.Job:  map 25% reduce 0%
18/09/10 23:44:50 INFO mapreduce.Job:  map 26% reduce 0%
18/09/10 23:44:53 INFO mapreduce.Job:  map 27% reduce 0%
18/09/10 23:44:58 INFO mapreduce.Job:  map 28% reduce 0%
18/09/10 23:45:01 INFO mapreduce.Job:  map 29% reduce 0%
18/09/10 23:45:05 INFO mapreduce.Job:  map 30% reduce 0%
18/09/10 23:45:08 INFO mapreduce.Job:  map 31% reduce 0%
18/09/10 23:45:15 INFO mapreduce.Job:  map 32% reduce 0%
18/09/10 23:45:18 INFO mapreduce.Job:  map 33% reduce 0%
18/09/10 23:45:21 INFO mapreduce.Job:  map 34% reduce 0%
18/09/10 23:45:24 INFO mapreduce.Job:  map 35% reduce 0%
18/09/10 23:45:29 INFO mapreduce.Job:  map 36% reduce 0%
18/09/10 23:45:32 INFO mapreduce.Job:  map 37% reduce 0%
18/09/10 23:45:36 INFO mapreduce.Job:  map 38% reduce 0%
18/09/10 23:45:39 INFO mapreduce.Job:  map 39% reduce 0%
18/09/10 23:45:44 INFO mapreduce.Job:  map 40% reduce 0%
18/09/10 23:45:47 INFO mapreduce.Job:  map 41% reduce 0%
18/09/10 23:45:50 INFO mapreduce.Job:  map 42% reduce 0%
18/09/10 23:45:54 INFO mapreduce.Job:  map 43% reduce 0%
18/09/10 23:45:57 INFO mapreduce.Job:  map 44% reduce 0%
18/09/10 23:46:02 INFO mapreduce.Job:  map 45% reduce 0%
18/09/10 23:46:06 INFO mapreduce.Job:  map 46% reduce 0%
18/09/10 23:46:09 INFO mapreduce.Job:  map 47% reduce 0%
18/09/10 23:46:12 INFO mapreduce.Job:  map 48% reduce 0%
18/09/10 23:46:15 INFO mapreduce.Job:  map 49% reduce 0%
18/09/10 23:46:18 INFO mapreduce.Job:  map 50% reduce 0%
18/09/10 23:46:24 INFO mapreduce.Job:  map 51% reduce 0%
18/09/10 23:46:27 INFO mapreduce.Job:  map 52% reduce 0%
18/09/10 23:46:30 INFO mapreduce.Job:  map 53% reduce 0%
18/09/10 23:46:33 INFO mapreduce.Job:  map 54% reduce 0%
18/09/10 23:46:36 INFO mapreduce.Job:  map 55% reduce 0%
18/09/10 23:46:42 INFO mapreduce.Job:  map 56% reduce 0%
18/09/10 23:46:45 INFO mapreduce.Job:  map 57% reduce 0%
18/09/10 23:46:48 INFO mapreduce.Job:  map 58% reduce 0%
18/09/10 23:46:51 INFO mapreduce.Job:  map 59% reduce 0%
18/09/10 23:46:54 INFO mapreduce.Job:  map 60% reduce 0%
18/09/10 23:47:00 INFO mapreduce.Job:  map 61% reduce 0%
18/09/10 23:47:03 INFO mapreduce.Job:  map 62% reduce 0%
18/09/10 23:47:06 INFO mapreduce.Job:  map 63% reduce 0%
18/09/10 23:47:09 INFO mapreduce.Job:  map 64% reduce 0%
18/09/10 23:47:15 INFO mapreduce.Job:  map 65% reduce 0%
18/09/10 23:47:22 INFO mapreduce.Job:  map 66% reduce 0%
18/09/10 23:47:25 INFO mapreduce.Job:  map 83% reduce 0%
18/09/10 23:47:38 INFO mapreduce.Job:  map 83% reduce 12%
18/09/10 23:47:39 INFO mapreduce.Job:  map 83% reduce 15%
18/09/10 23:47:41 INFO mapreduce.Job:  map 83% reduce 17%
18/09/10 23:47:46 INFO mapreduce.Job:  map 100% reduce 17%
18/09/10 23:47:47 INFO mapreduce.Job:  map 100% reduce 20%
18/09/10 23:47:50 INFO mapreduce.Job:  map 100% reduce 57%
18/09/10 23:47:51 INFO mapreduce.Job:  map 100% reduce 68%
18/09/10 23:47:53 INFO mapreduce.Job:  map 100% reduce 78%
18/09/10 23:47:54 INFO mapreduce.Job:  map 100% reduce 82%
18/09/10 23:47:55 INFO mapreduce.Job:  map 100% reduce 84%
18/09/10 23:47:56 INFO mapreduce.Job:  map 100% reduce 98%
18/09/10 23:47:57 INFO mapreduce.Job:  map 100% reduce 99%
18/09/10 23:47:58 INFO mapreduce.Job:  map 100% reduce 100%
18/09/10 23:47:59 INFO mapreduce.Job: Job job_1524406905265_2867 completed successfully
18/09/10 23:47:59 INFO mapreduce.Job: Counters: 49
	File System Counters
		FILE: Number of bytes read=571351470
		FILE: Number of bytes written=1144509218
		FILE: Number of read operations=0
		FILE: Number of large read operations=0
		FILE: Number of write operations=0
		HDFS: Number of bytes read=131308644
		HDFS: Number of bytes written=51173537
		HDFS: Number of read operations=36
		HDFS: Number of large read operations=0
		HDFS: Number of write operations=20
	Job Counters 
		Launched map tasks=2
		Launched reduce tasks=10
		Rack-local map tasks=2
		Total time spent by all maps in occupied slots (ms)=3250326
		Total time spent by all reduces in occupied slots (ms)=3364644
		Total time spent by all map tasks (ms)=541721
		Total time spent by all reduce tasks (ms)=280387
		Total vcore-milliseconds taken by all map tasks=541721
		Total vcore-milliseconds taken by all reduce tasks=280387
		Total megabyte-milliseconds taken by all map tasks=3328333824
		Total megabyte-milliseconds taken by all reduce tasks=3445395456
	Map-Reduce Framework
		Map input records=214997
		Map output records=13611693
		Map output bytes=544128024
		Map output materialized bytes=571351530
		Input split bytes=274
		Combine input records=0
		Combine output records=0
		Reduce input groups=877220
		Reduce shuffle bytes=571351530
		Reduce input records=13611693
		Reduce output records=1754900
		Spilled Records=27223386
		Shuffled Maps =20
		Failed Shuffles=0
		Merged Map outputs=20
		GC time elapsed (ms)=5072
		CPU time spent (ms)=692480
		Physical memory (bytes) snapshot=8494338048
		Virtual memory (bytes) snapshot=138463170560
		Total committed heap usage (bytes)=8595177472
	Shuffle Errors
		BAD_ID=0
		CONNECTION=0
		IO_ERROR=0
		WRONG_LENGTH=0
		WRONG_MAP=0
		WRONG_REDUCE=0
	File Input Format Counters 
		Bytes Read=131308370
	File Output Format Counters 
		Bytes Written=51173537
18/09/10 23:47:59 INFO streaming.StreamJob: Output directory: /user/sourabhbalgi/modelparams_mapred_10

>>> Number of reducers used by get_modelparams_mapred = 10. 


>>> get_modelparams_mapred Job completed. 

SLF4J: Class path contains multiple SLF4J bindings.
SLF4J: Found binding in [jar:file:/usr/hdp/2.6.1.0-129/hadoop/lib/slf4j-log4j12-1.7.10.jar!/org/slf4j/impl/StaticLoggerBinder.class]
SLF4J: Found binding in [jar:file:/usr/hdp/2.6.1.0-129/hadoop-mapreduce/lib/giraph-examples-1.3.0-SNAPSHOT-for-hadoop-2.7.3-jar-with-dependencies.jar!/org/slf4j/impl/StaticLoggerBinder.class]
SLF4J: See http://www.slf4j.org/codes.html#multiple_bindings for an explanation.
SLF4J: Actual binding is of type [org.slf4j.impl.Log4jLoggerFactory]
rm: `/user/sourabhbalgi/modelparams_mapred/*': No such file or directory
SLF4J: Class path contains multiple SLF4J bindings.
SLF4J: Found binding in [jar:file:/usr/hdp/2.6.1.0-129/hadoop/lib/slf4j-log4j12-1.7.10.jar!/org/slf4j/impl/StaticLoggerBinder.class]
SLF4J: Found binding in [jar:file:/usr/hdp/2.6.1.0-129/hadoop-mapreduce/lib/giraph-examples-1.3.0-SNAPSHOT-for-hadoop-2.7.3-jar-with-dependencies.jar!/org/slf4j/impl/StaticLoggerBinder.class]
SLF4J: See http://www.slf4j.org/codes.html#multiple_bindings for an explanation.
SLF4J: Actual binding is of type [org.slf4j.impl.Log4jLoggerFactory]
rmdir: `/user/sourabhbalgi/modelparams_mapred': No such file or directory
SLF4J: Class path contains multiple SLF4J bindings.
SLF4J: Found binding in [jar:file:/usr/hdp/2.6.1.0-129/hadoop/lib/slf4j-log4j12-1.7.10.jar!/org/slf4j/impl/StaticLoggerBinder.class]
SLF4J: Found binding in [jar:file:/usr/hdp/2.6.1.0-129/hadoop-mapreduce/lib/giraph-examples-1.3.0-SNAPSHOT-for-hadoop-2.7.3-jar-with-dependencies.jar!/org/slf4j/impl/StaticLoggerBinder.class]
SLF4J: See http://www.slf4j.org/codes.html#multiple_bindings for an explanation.
SLF4J: Actual binding is of type [org.slf4j.impl.Log4jLoggerFactory]
18/09/10 23:48:05 WARN streaming.StreamJob: -file option is deprecated, please use generic option -files instead.
packageJobJar: [./get_modelparams_map_final.py, ./get_modelparams_red_final.py] [/usr/hdp/2.6.1.0-129/hadoop-mapreduce/hadoop-streaming-2.7.3.2.6.1.0-129.jar] /tmp/streamjob4997450772009703823.jar tmpDir=null
18/09/10 23:48:06 INFO client.RMProxy: Connecting to ResourceManager at turing.cds.iisc.ac.in/10.24.1.32:8050
18/09/10 23:48:06 INFO client.AHSProxy: Connecting to Application History server at turing.cds.iisc.ac.in/10.24.1.32:10200
18/09/10 23:48:06 INFO client.RMProxy: Connecting to ResourceManager at turing.cds.iisc.ac.in/10.24.1.32:8050
18/09/10 23:48:06 INFO client.AHSProxy: Connecting to Application History server at turing.cds.iisc.ac.in/10.24.1.32:10200
18/09/10 23:48:07 INFO mapred.FileInputFormat: Total input paths to process : 10
18/09/10 23:48:07 INFO mapreduce.JobSubmitter: number of splits:10
18/09/10 23:48:07 INFO mapreduce.JobSubmitter: Submitting tokens for job: job_1524406905265_2868
18/09/10 23:48:08 INFO impl.YarnClientImpl: Submitted application application_1524406905265_2868
18/09/10 23:48:08 INFO mapreduce.Job: The url to track the job: http://turing.cds.iisc.ac.in:8088/proxy/application_1524406905265_2868/
18/09/10 23:48:08 INFO mapreduce.Job: Running job: job_1524406905265_2868
18/09/10 23:48:15 INFO mapreduce.Job: Job job_1524406905265_2868 running in uber mode : false
18/09/10 23:48:15 INFO mapreduce.Job:  map 0% reduce 0%
18/09/10 23:48:23 INFO mapreduce.Job:  map 30% reduce 0%
18/09/10 23:48:24 INFO mapreduce.Job:  map 40% reduce 0%
18/09/10 23:48:25 INFO mapreduce.Job:  map 80% reduce 0%
18/09/10 23:48:29 INFO mapreduce.Job:  map 100% reduce 0%
18/09/10 23:48:35 INFO mapreduce.Job:  map 100% reduce 68%
18/09/10 23:48:38 INFO mapreduce.Job:  map 100% reduce 70%
18/09/10 23:48:41 INFO mapreduce.Job:  map 100% reduce 72%
18/09/10 23:48:44 INFO mapreduce.Job:  map 100% reduce 75%
18/09/10 23:48:47 INFO mapreduce.Job:  map 100% reduce 77%
18/09/10 23:48:50 INFO mapreduce.Job:  map 100% reduce 79%
18/09/10 23:48:53 INFO mapreduce.Job:  map 100% reduce 83%
18/09/10 23:48:57 INFO mapreduce.Job:  map 100% reduce 87%
18/09/10 23:49:00 INFO mapreduce.Job:  map 100% reduce 90%
18/09/10 23:49:03 INFO mapreduce.Job:  map 100% reduce 93%
18/09/10 23:49:06 INFO mapreduce.Job:  map 100% reduce 96%
18/09/10 23:49:09 INFO mapreduce.Job:  map 100% reduce 99%
18/09/10 23:49:10 INFO mapreduce.Job:  map 100% reduce 100%
18/09/10 23:49:10 INFO mapreduce.Job: Job job_1524406905265_2868 completed successfully
18/09/10 23:49:10 INFO mapreduce.Job: Counters: 50
	File System Counters
		FILE: Number of bytes read=54683343
		FILE: Number of bytes written=111022768
		FILE: Number of read operations=0
		FILE: Number of large read operations=0
		FILE: Number of write operations=0
		HDFS: Number of bytes read=51174897
		HDFS: Number of bytes written=47925157
		HDFS: Number of read operations=33
		HDFS: Number of large read operations=0
		HDFS: Number of write operations=2
	Job Counters 
		Launched map tasks=10
		Launched reduce tasks=1
		Data-local map tasks=7
		Rack-local map tasks=3
		Total time spent by all maps in occupied slots (ms)=466296
		Total time spent by all reduces in occupied slots (ms)=532524
		Total time spent by all map tasks (ms)=77716
		Total time spent by all reduce tasks (ms)=44377
		Total vcore-milliseconds taken by all map tasks=77716
		Total vcore-milliseconds taken by all reduce tasks=44377
		Total megabyte-milliseconds taken by all map tasks=477487104
		Total megabyte-milliseconds taken by all reduce tasks=545304576
	Map-Reduce Framework
		Map input records=1754900
		Map output records=1754900
		Map output bytes=51173537
		Map output materialized bytes=54683397
		Input split bytes=1360
		Combine input records=0
		Combine output records=0
		Reduce input groups=1098098
		Reduce shuffle bytes=54683397
		Reduce input records=1754900
		Reduce output records=1098098
		Spilled Records=3509800
		Shuffled Maps =10
		Failed Shuffles=0
		Merged Map outputs=10
		GC time elapsed (ms)=1061
		CPU time spent (ms)=86910
		Physical memory (bytes) snapshot=24020811776
		Virtual memory (bytes) snapshot=83024560128
		Total committed heap usage (bytes)=23499112448
	Shuffle Errors
		BAD_ID=0
		CONNECTION=0
		IO_ERROR=0
		WRONG_LENGTH=0
		WRONG_MAP=0
		WRONG_REDUCE=0
	File Input Format Counters 
		Bytes Read=51173537
	File Output Format Counters 
		Bytes Written=47925157
18/09/10 23:49:10 INFO streaming.StreamJob: Output directory: /user/sourabhbalgi/modelparams_mapred

>>> Completed get_modelparams_mapred Job. 

rm: cannot remove './modelparams_10.txt': No such file or directory

>>> Deleted previous file ./modelparams_10.txt. 

SLF4J: Class path contains multiple SLF4J bindings.
SLF4J: Found binding in [jar:file:/usr/hdp/2.6.1.0-129/hadoop/lib/slf4j-log4j12-1.7.10.jar!/org/slf4j/impl/StaticLoggerBinder.class]
SLF4J: Found binding in [jar:file:/usr/hdp/2.6.1.0-129/hadoop-mapreduce/lib/giraph-examples-1.3.0-SNAPSHOT-for-hadoop-2.7.3-jar-with-dependencies.jar!/org/slf4j/impl/StaticLoggerBinder.class]
SLF4J: See http://www.slf4j.org/codes.html#multiple_bindings for an explanation.
SLF4J: Actual binding is of type [org.slf4j.impl.Log4jLoggerFactory]

>>> Combined outputs from get_modelparams_mapred into single file ./modelparams_10.txt. 

_vocablen 220836	
220837
41
50
877220
