SLF4J: Class path contains multiple SLF4J bindings.
SLF4J: Found binding in [jar:file:/usr/hdp/2.6.1.0-129/hadoop/lib/slf4j-log4j12-1.7.10.jar!/org/slf4j/impl/StaticLoggerBinder.class]
SLF4J: Found binding in [jar:file:/usr/hdp/2.6.1.0-129/hadoop-mapreduce/lib/giraph-examples-1.3.0-SNAPSHOT-for-hadoop-2.7.3-jar-with-dependencies.jar!/org/slf4j/impl/StaticLoggerBinder.class]
SLF4J: See http://www.slf4j.org/codes.html#multiple_bindings for an explanation.
SLF4J: Actual binding is of type [org.slf4j.impl.Log4jLoggerFactory]
Found 4 items
drwx------   - sourabhbalgi sourabhbalgi          0 2018-09-12 11:54 /user/sourabhbalgi/.staging
drwxr-xr-x   - sourabhbalgi sourabhbalgi          0 2018-09-12 11:54 /user/sourabhbalgi/modelparams_mapred
drwxr-xr-x   - sourabhbalgi sourabhbalgi          0 2018-09-12 11:52 /user/sourabhbalgi/modelparams_mapred_2
drwxr-xr-x   - sourabhbalgi sourabhbalgi          0 2018-09-12 11:47 /user/sourabhbalgi/out_ds222_as1
SLF4J: Class path contains multiple SLF4J bindings.
SLF4J: Found binding in [jar:file:/usr/hdp/2.6.1.0-129/hadoop/lib/slf4j-log4j12-1.7.10.jar!/org/slf4j/impl/StaticLoggerBinder.class]
SLF4J: Found binding in [jar:file:/usr/hdp/2.6.1.0-129/hadoop-mapreduce/lib/giraph-examples-1.3.0-SNAPSHOT-for-hadoop-2.7.3-jar-with-dependencies.jar!/org/slf4j/impl/StaticLoggerBinder.class]
SLF4J: See http://www.slf4j.org/codes.html#multiple_bindings for an explanation.
SLF4J: Actual binding is of type [org.slf4j.impl.Log4jLoggerFactory]
18/09/12 11:58:13 INFO fs.TrashPolicyDefault: Moved: 'hdfs://turing.cds.iisc.ac.in:8020/user/sourabhbalgi/.staging' to trash at: hdfs://turing.cds.iisc.ac.in:8020/user/sourabhbalgi/.Trash/Current/user/sourabhbalgi/.staging
18/09/12 11:58:13 INFO fs.TrashPolicyDefault: Moved: 'hdfs://turing.cds.iisc.ac.in:8020/user/sourabhbalgi/modelparams_mapred' to trash at: hdfs://turing.cds.iisc.ac.in:8020/user/sourabhbalgi/.Trash/Current/user/sourabhbalgi/modelparams_mapred
18/09/12 11:58:13 INFO fs.TrashPolicyDefault: Moved: 'hdfs://turing.cds.iisc.ac.in:8020/user/sourabhbalgi/modelparams_mapred_2' to trash at: hdfs://turing.cds.iisc.ac.in:8020/user/sourabhbalgi/.Trash/Current/user/sourabhbalgi/modelparams_mapred_2
18/09/12 11:58:13 INFO fs.TrashPolicyDefault: Moved: 'hdfs://turing.cds.iisc.ac.in:8020/user/sourabhbalgi/out_ds222_as1' to trash at: hdfs://turing.cds.iisc.ac.in:8020/user/sourabhbalgi/.Trash/Current/user/sourabhbalgi/out_ds222_as1
rm: `hdfs': No such file or directory
rm: `dfs': No such file or directory
rm: `-rm': No such file or directory
rm: `-r': No such file or directory
rm: File does not exist: hdfs://turing.cds.iisc.ac.in:8020/user/sourabhbalgi/.staging
rm: File does not exist: hdfs://turing.cds.iisc.ac.in:8020/user/sourabhbalgi/modelparams_mapred
rm: File does not exist: hdfs://turing.cds.iisc.ac.in:8020/user/sourabhbalgi/modelparams_mapred_2
rm: File does not exist: hdfs://turing.cds.iisc.ac.in:8020/user/sourabhbalgi/out_ds222_as1
SLF4J: Class path contains multiple SLF4J bindings.
SLF4J: Found binding in [jar:file:/usr/hdp/2.6.1.0-129/hadoop/lib/slf4j-log4j12-1.7.10.jar!/org/slf4j/impl/StaticLoggerBinder.class]
SLF4J: Found binding in [jar:file:/usr/hdp/2.6.1.0-129/hadoop-mapreduce/lib/giraph-examples-1.3.0-SNAPSHOT-for-hadoop-2.7.3-jar-with-dependencies.jar!/org/slf4j/impl/StaticLoggerBinder.class]
SLF4J: See http://www.slf4j.org/codes.html#multiple_bindings for an explanation.
SLF4J: Actual binding is of type [org.slf4j.impl.Log4jLoggerFactory]
Found 1 items
drwx------   - sourabhbalgi sourabhbalgi          0 2018-09-12 11:58 /user/sourabhbalgi/.Trash

>>> Creating output folder out_ds222_as1 on hdfs to store output files of mapreduce. 

SLF4J: Class path contains multiple SLF4J bindings.
SLF4J: Found binding in [jar:file:/usr/hdp/2.6.1.0-129/hadoop/lib/slf4j-log4j12-1.7.10.jar!/org/slf4j/impl/StaticLoggerBinder.class]
SLF4J: Found binding in [jar:file:/usr/hdp/2.6.1.0-129/hadoop-mapreduce/lib/giraph-examples-1.3.0-SNAPSHOT-for-hadoop-2.7.3-jar-with-dependencies.jar!/org/slf4j/impl/StaticLoggerBinder.class]
SLF4J: See http://www.slf4j.org/codes.html#multiple_bindings for an explanation.
SLF4J: Actual binding is of type [org.slf4j.impl.Log4jLoggerFactory]

>>> Starting get_modelparams_mapred to get model parameters ... 

SLF4J: Class path contains multiple SLF4J bindings.
SLF4J: Found binding in [jar:file:/usr/hdp/2.6.1.0-129/hadoop/lib/slf4j-log4j12-1.7.10.jar!/org/slf4j/impl/StaticLoggerBinder.class]
SLF4J: Found binding in [jar:file:/usr/hdp/2.6.1.0-129/hadoop-mapreduce/lib/giraph-examples-1.3.0-SNAPSHOT-for-hadoop-2.7.3-jar-with-dependencies.jar!/org/slf4j/impl/StaticLoggerBinder.class]
SLF4J: See http://www.slf4j.org/codes.html#multiple_bindings for an explanation.
SLF4J: Actual binding is of type [org.slf4j.impl.Log4jLoggerFactory]
rm: `/user/sourabhbalgi/modelparams_mapred_5/*': No such file or directory
SLF4J: Class path contains multiple SLF4J bindings.
SLF4J: Found binding in [jar:file:/usr/hdp/2.6.1.0-129/hadoop/lib/slf4j-log4j12-1.7.10.jar!/org/slf4j/impl/StaticLoggerBinder.class]
SLF4J: Found binding in [jar:file:/usr/hdp/2.6.1.0-129/hadoop-mapreduce/lib/giraph-examples-1.3.0-SNAPSHOT-for-hadoop-2.7.3-jar-with-dependencies.jar!/org/slf4j/impl/StaticLoggerBinder.class]
SLF4J: See http://www.slf4j.org/codes.html#multiple_bindings for an explanation.
SLF4J: Actual binding is of type [org.slf4j.impl.Log4jLoggerFactory]
rmdir: `/user/sourabhbalgi/modelparams_mapred_5': No such file or directory
SLF4J: Class path contains multiple SLF4J bindings.
SLF4J: Found binding in [jar:file:/usr/hdp/2.6.1.0-129/hadoop/lib/slf4j-log4j12-1.7.10.jar!/org/slf4j/impl/StaticLoggerBinder.class]
SLF4J: Found binding in [jar:file:/usr/hdp/2.6.1.0-129/hadoop-mapreduce/lib/giraph-examples-1.3.0-SNAPSHOT-for-hadoop-2.7.3-jar-with-dependencies.jar!/org/slf4j/impl/StaticLoggerBinder.class]
SLF4J: See http://www.slf4j.org/codes.html#multiple_bindings for an explanation.
SLF4J: Actual binding is of type [org.slf4j.impl.Log4jLoggerFactory]
18/09/12 11:58:23 WARN streaming.StreamJob: -file option is deprecated, please use generic option -files instead.
packageJobJar: [./get_modelparams_map_n.py, ./get_modelparams_red_n.py] [/usr/hdp/2.6.1.0-129/hadoop-mapreduce/hadoop-streaming-2.7.3.2.6.1.0-129.jar] /tmp/streamjob3745706342216762871.jar tmpDir=null
18/09/12 11:58:24 INFO client.RMProxy: Connecting to ResourceManager at turing.cds.iisc.ac.in/10.24.1.32:8050
18/09/12 11:58:24 INFO client.AHSProxy: Connecting to Application History server at turing.cds.iisc.ac.in/10.24.1.32:10200
18/09/12 11:58:24 INFO client.RMProxy: Connecting to ResourceManager at turing.cds.iisc.ac.in/10.24.1.32:8050
18/09/12 11:58:24 INFO client.AHSProxy: Connecting to Application History server at turing.cds.iisc.ac.in/10.24.1.32:10200
18/09/12 11:58:25 INFO mapred.FileInputFormat: Total input paths to process : 1
18/09/12 11:58:25 INFO mapreduce.JobSubmitter: number of splits:2
18/09/12 11:58:26 INFO mapreduce.JobSubmitter: Submitting tokens for job: job_1524406905265_2938
18/09/12 11:58:26 INFO impl.YarnClientImpl: Submitted application application_1524406905265_2938
18/09/12 11:58:26 INFO mapreduce.Job: The url to track the job: http://turing.cds.iisc.ac.in:8088/proxy/application_1524406905265_2938/
18/09/12 11:58:26 INFO mapreduce.Job: Running job: job_1524406905265_2938
18/09/12 11:58:33 INFO mapreduce.Job: Job job_1524406905265_2938 running in uber mode : false
18/09/12 11:58:33 INFO mapreduce.Job:  map 0% reduce 0%
18/09/12 11:58:52 INFO mapreduce.Job:  map 1% reduce 0%
18/09/12 11:58:57 INFO mapreduce.Job:  map 2% reduce 0%
18/09/12 11:59:00 INFO mapreduce.Job:  map 3% reduce 0%
18/09/12 11:59:04 INFO mapreduce.Job:  map 4% reduce 0%
18/09/12 11:59:06 INFO mapreduce.Job:  map 5% reduce 0%
18/09/12 11:59:12 INFO mapreduce.Job:  map 6% reduce 0%
18/09/12 11:59:16 INFO mapreduce.Job:  map 7% reduce 0%
18/09/12 11:59:19 INFO mapreduce.Job:  map 8% reduce 0%
18/09/12 11:59:22 INFO mapreduce.Job:  map 9% reduce 0%
18/09/12 11:59:28 INFO mapreduce.Job:  map 10% reduce 0%
18/09/12 11:59:31 INFO mapreduce.Job:  map 11% reduce 0%
18/09/12 11:59:34 INFO mapreduce.Job:  map 12% reduce 0%
18/09/12 11:59:37 INFO mapreduce.Job:  map 13% reduce 0%
18/09/12 11:59:40 INFO mapreduce.Job:  map 14% reduce 0%
18/09/12 11:59:46 INFO mapreduce.Job:  map 15% reduce 0%
18/09/12 11:59:49 INFO mapreduce.Job:  map 16% reduce 0%
18/09/12 11:59:52 INFO mapreduce.Job:  map 17% reduce 0%
18/09/12 11:59:55 INFO mapreduce.Job:  map 18% reduce 0%
18/09/12 12:00:01 INFO mapreduce.Job:  map 19% reduce 0%
18/09/12 12:00:04 INFO mapreduce.Job:  map 20% reduce 0%
18/09/12 12:00:07 INFO mapreduce.Job:  map 21% reduce 0%
18/09/12 12:00:10 INFO mapreduce.Job:  map 22% reduce 0%
18/09/12 12:00:13 INFO mapreduce.Job:  map 23% reduce 0%
18/09/12 12:00:16 INFO mapreduce.Job:  map 24% reduce 0%
18/09/12 12:00:22 INFO mapreduce.Job:  map 25% reduce 0%
18/09/12 12:00:25 INFO mapreduce.Job:  map 26% reduce 0%
18/09/12 12:00:28 INFO mapreduce.Job:  map 27% reduce 0%
18/09/12 12:00:31 INFO mapreduce.Job:  map 28% reduce 0%
18/09/12 12:00:34 INFO mapreduce.Job:  map 29% reduce 0%
18/09/12 12:00:41 INFO mapreduce.Job:  map 30% reduce 0%
18/09/12 12:00:44 INFO mapreduce.Job:  map 31% reduce 0%
18/09/12 12:00:47 INFO mapreduce.Job:  map 32% reduce 0%
18/09/12 12:00:50 INFO mapreduce.Job:  map 33% reduce 0%
18/09/12 12:00:56 INFO mapreduce.Job:  map 34% reduce 0%
18/09/12 12:00:59 INFO mapreduce.Job:  map 35% reduce 0%
18/09/12 12:01:02 INFO mapreduce.Job:  map 36% reduce 0%
18/09/12 12:01:05 INFO mapreduce.Job:  map 37% reduce 0%
18/09/12 12:01:08 INFO mapreduce.Job:  map 38% reduce 0%
18/09/12 12:01:14 INFO mapreduce.Job:  map 39% reduce 0%
18/09/12 12:01:18 INFO mapreduce.Job:  map 40% reduce 0%
18/09/12 12:01:21 INFO mapreduce.Job:  map 41% reduce 0%
18/09/12 12:01:24 INFO mapreduce.Job:  map 42% reduce 0%
18/09/12 12:01:30 INFO mapreduce.Job:  map 43% reduce 0%
18/09/12 12:01:33 INFO mapreduce.Job:  map 44% reduce 0%
18/09/12 12:01:36 INFO mapreduce.Job:  map 45% reduce 0%
18/09/12 12:01:39 INFO mapreduce.Job:  map 46% reduce 0%
18/09/12 12:01:42 INFO mapreduce.Job:  map 47% reduce 0%
18/09/12 12:01:45 INFO mapreduce.Job:  map 48% reduce 0%
18/09/12 12:01:48 INFO mapreduce.Job:  map 49% reduce 0%
18/09/12 12:01:54 INFO mapreduce.Job:  map 50% reduce 0%
18/09/12 12:01:57 INFO mapreduce.Job:  map 51% reduce 0%
18/09/12 12:02:00 INFO mapreduce.Job:  map 52% reduce 0%
18/09/12 12:02:03 INFO mapreduce.Job:  map 53% reduce 0%
18/09/12 12:02:06 INFO mapreduce.Job:  map 54% reduce 0%
18/09/12 12:02:12 INFO mapreduce.Job:  map 55% reduce 0%
18/09/12 12:02:15 INFO mapreduce.Job:  map 56% reduce 0%
18/09/12 12:02:18 INFO mapreduce.Job:  map 57% reduce 0%
18/09/12 12:02:21 INFO mapreduce.Job:  map 58% reduce 0%
18/09/12 12:02:24 INFO mapreduce.Job:  map 59% reduce 0%
18/09/12 12:02:30 INFO mapreduce.Job:  map 60% reduce 0%
18/09/12 12:02:33 INFO mapreduce.Job:  map 61% reduce 0%
18/09/12 12:02:36 INFO mapreduce.Job:  map 62% reduce 0%
18/09/12 12:02:40 INFO mapreduce.Job:  map 63% reduce 0%
18/09/12 12:02:42 INFO mapreduce.Job:  map 64% reduce 0%
18/09/12 12:02:48 INFO mapreduce.Job:  map 65% reduce 0%
18/09/12 12:02:54 INFO mapreduce.Job:  map 66% reduce 0%
18/09/12 12:02:59 INFO mapreduce.Job:  map 83% reduce 0%
18/09/12 12:03:11 INFO mapreduce.Job:  map 83% reduce 17%
18/09/12 12:03:17 INFO mapreduce.Job:  map 100% reduce 17%
18/09/12 12:03:20 INFO mapreduce.Job:  map 100% reduce 43%
18/09/12 12:03:22 INFO mapreduce.Job:  map 100% reduce 49%
18/09/12 12:03:24 INFO mapreduce.Job:  map 100% reduce 65%
18/09/12 12:03:25 INFO mapreduce.Job:  map 100% reduce 70%
18/09/12 12:03:27 INFO mapreduce.Job:  map 100% reduce 77%
18/09/12 12:03:28 INFO mapreduce.Job:  map 100% reduce 79%
18/09/12 12:03:30 INFO mapreduce.Job:  map 100% reduce 87%
18/09/12 12:03:31 INFO mapreduce.Job:  map 100% reduce 89%
18/09/12 12:03:33 INFO mapreduce.Job:  map 100% reduce 96%
18/09/12 12:03:34 INFO mapreduce.Job:  map 100% reduce 98%
18/09/12 12:03:36 INFO mapreduce.Job:  map 100% reduce 100%
18/09/12 12:03:37 INFO mapreduce.Job: Job job_1524406905265_2938 completed successfully
18/09/12 12:03:37 INFO mapreduce.Job: Counters: 49
	File System Counters
		FILE: Number of bytes read=571351440
		FILE: Number of bytes written=1143756579
		FILE: Number of read operations=0
		FILE: Number of large read operations=0
		FILE: Number of write operations=0
		HDFS: Number of bytes read=131308644
		HDFS: Number of bytes written=51162659
		HDFS: Number of read operations=21
		HDFS: Number of large read operations=0
		HDFS: Number of write operations=10
	Job Counters 
		Launched map tasks=2
		Launched reduce tasks=5
		Rack-local map tasks=2
		Total time spent by all maps in occupied slots (ms)=3269634
		Total time spent by all reduces in occupied slots (ms)=1899108
		Total time spent by all map tasks (ms)=544939
		Total time spent by all reduce tasks (ms)=158259
		Total vcore-milliseconds taken by all map tasks=544939
		Total vcore-milliseconds taken by all reduce tasks=158259
		Total megabyte-milliseconds taken by all map tasks=3348105216
		Total megabyte-milliseconds taken by all reduce tasks=1944686592
	Map-Reduce Framework
		Map input records=214997
		Map output records=13611693
		Map output bytes=544128024
		Map output materialized bytes=571351470
		Input split bytes=274
		Combine input records=0
		Combine output records=0
		Reduce input groups=877220
		Reduce shuffle bytes=571351470
		Reduce input records=13611693
		Reduce output records=1754645
		Spilled Records=27223386
		Shuffled Maps =10
		Failed Shuffles=0
		Merged Map outputs=10
		GC time elapsed (ms)=4396
		CPU time spent (ms)=675600
		Physical memory (bytes) snapshot=7486119936
		Virtual memory (bytes) snapshot=76292890624
		Total committed heap usage (bytes)=7815561216
	Shuffle Errors
		BAD_ID=0
		CONNECTION=0
		IO_ERROR=0
		WRONG_LENGTH=0
		WRONG_MAP=0
		WRONG_REDUCE=0
	File Input Format Counters 
		Bytes Read=131308370
	File Output Format Counters 
		Bytes Written=51162659
18/09/12 12:03:37 INFO streaming.StreamJob: Output directory: /user/sourabhbalgi/modelparams_mapred_5

>>> Number of reducers used by get_modelparams_mapred = 5. 


>>> get_modelparams_mapred Job completed. 

SLF4J: Class path contains multiple SLF4J bindings.
SLF4J: Found binding in [jar:file:/usr/hdp/2.6.1.0-129/hadoop/lib/slf4j-log4j12-1.7.10.jar!/org/slf4j/impl/StaticLoggerBinder.class]
SLF4J: Found binding in [jar:file:/usr/hdp/2.6.1.0-129/hadoop-mapreduce/lib/giraph-examples-1.3.0-SNAPSHOT-for-hadoop-2.7.3-jar-with-dependencies.jar!/org/slf4j/impl/StaticLoggerBinder.class]
SLF4J: See http://www.slf4j.org/codes.html#multiple_bindings for an explanation.
SLF4J: Actual binding is of type [org.slf4j.impl.Log4jLoggerFactory]
rm: `/user/sourabhbalgi/modelparams_mapred/*': No such file or directory
SLF4J: Class path contains multiple SLF4J bindings.
SLF4J: Found binding in [jar:file:/usr/hdp/2.6.1.0-129/hadoop/lib/slf4j-log4j12-1.7.10.jar!/org/slf4j/impl/StaticLoggerBinder.class]
SLF4J: Found binding in [jar:file:/usr/hdp/2.6.1.0-129/hadoop-mapreduce/lib/giraph-examples-1.3.0-SNAPSHOT-for-hadoop-2.7.3-jar-with-dependencies.jar!/org/slf4j/impl/StaticLoggerBinder.class]
SLF4J: See http://www.slf4j.org/codes.html#multiple_bindings for an explanation.
SLF4J: Actual binding is of type [org.slf4j.impl.Log4jLoggerFactory]
rmdir: `/user/sourabhbalgi/modelparams_mapred': No such file or directory
SLF4J: Class path contains multiple SLF4J bindings.
SLF4J: Found binding in [jar:file:/usr/hdp/2.6.1.0-129/hadoop/lib/slf4j-log4j12-1.7.10.jar!/org/slf4j/impl/StaticLoggerBinder.class]
SLF4J: Found binding in [jar:file:/usr/hdp/2.6.1.0-129/hadoop-mapreduce/lib/giraph-examples-1.3.0-SNAPSHOT-for-hadoop-2.7.3-jar-with-dependencies.jar!/org/slf4j/impl/StaticLoggerBinder.class]
SLF4J: See http://www.slf4j.org/codes.html#multiple_bindings for an explanation.
SLF4J: Actual binding is of type [org.slf4j.impl.Log4jLoggerFactory]
18/09/12 12:03:42 WARN streaming.StreamJob: -file option is deprecated, please use generic option -files instead.
packageJobJar: [./get_modelparams_map_final.py, ./get_modelparams_red_final.py] [/usr/hdp/2.6.1.0-129/hadoop-mapreduce/hadoop-streaming-2.7.3.2.6.1.0-129.jar] /tmp/streamjob2549665939708194406.jar tmpDir=null
18/09/12 12:03:43 INFO client.RMProxy: Connecting to ResourceManager at turing.cds.iisc.ac.in/10.24.1.32:8050
18/09/12 12:03:43 INFO client.AHSProxy: Connecting to Application History server at turing.cds.iisc.ac.in/10.24.1.32:10200
18/09/12 12:03:44 INFO client.RMProxy: Connecting to ResourceManager at turing.cds.iisc.ac.in/10.24.1.32:8050
18/09/12 12:03:44 INFO client.AHSProxy: Connecting to Application History server at turing.cds.iisc.ac.in/10.24.1.32:10200
18/09/12 12:03:44 INFO mapred.FileInputFormat: Total input paths to process : 5
18/09/12 12:03:46 INFO mapreduce.JobSubmitter: number of splits:5
18/09/12 12:03:47 INFO mapreduce.JobSubmitter: Submitting tokens for job: job_1524406905265_2939
18/09/12 12:03:47 INFO impl.YarnClientImpl: Submitted application application_1524406905265_2939
18/09/12 12:03:47 INFO mapreduce.Job: The url to track the job: http://turing.cds.iisc.ac.in:8088/proxy/application_1524406905265_2939/
18/09/12 12:03:47 INFO mapreduce.Job: Running job: job_1524406905265_2939
18/09/12 12:03:54 INFO mapreduce.Job: Job job_1524406905265_2939 running in uber mode : false
18/09/12 12:03:54 INFO mapreduce.Job:  map 0% reduce 0%
18/09/12 12:04:02 INFO mapreduce.Job:  map 20% reduce 0%
18/09/12 12:04:04 INFO mapreduce.Job:  map 40% reduce 0%
18/09/12 12:04:05 INFO mapreduce.Job:  map 60% reduce 0%
18/09/12 12:04:08 INFO mapreduce.Job:  map 100% reduce 0%
18/09/12 12:04:15 INFO mapreduce.Job:  map 100% reduce 68%
18/09/12 12:04:18 INFO mapreduce.Job:  map 100% reduce 70%
18/09/12 12:04:21 INFO mapreduce.Job:  map 100% reduce 73%
18/09/12 12:04:24 INFO mapreduce.Job:  map 100% reduce 75%
18/09/12 12:04:27 INFO mapreduce.Job:  map 100% reduce 77%
18/09/12 12:04:30 INFO mapreduce.Job:  map 100% reduce 80%
18/09/12 12:04:33 INFO mapreduce.Job:  map 100% reduce 84%
18/09/12 12:04:36 INFO mapreduce.Job:  map 100% reduce 88%
18/09/12 12:04:39 INFO mapreduce.Job:  map 100% reduce 91%
18/09/12 12:04:42 INFO mapreduce.Job:  map 100% reduce 95%
18/09/12 12:04:45 INFO mapreduce.Job:  map 100% reduce 98%
18/09/12 12:04:47 INFO mapreduce.Job:  map 100% reduce 100%
18/09/12 12:04:49 INFO mapreduce.Job: Job job_1524406905265_2939 completed successfully
18/09/12 12:04:49 INFO mapreduce.Job: Counters: 50
	File System Counters
		FILE: Number of bytes read=54671955
		FILE: Number of bytes written=110247239
		FILE: Number of read operations=0
		FILE: Number of large read operations=0
		FILE: Number of write operations=0
		HDFS: Number of bytes read=51163334
		HDFS: Number of bytes written=47925502
		HDFS: Number of read operations=18
		HDFS: Number of large read operations=0
		HDFS: Number of write operations=2
	Job Counters 
		Launched map tasks=5
		Launched reduce tasks=1
		Data-local map tasks=2
		Rack-local map tasks=3
		Total time spent by all maps in occupied slots (ms)=271044
		Total time spent by all reduces in occupied slots (ms)=510048
		Total time spent by all map tasks (ms)=45174
		Total time spent by all reduce tasks (ms)=42504
		Total vcore-milliseconds taken by all map tasks=45174
		Total vcore-milliseconds taken by all reduce tasks=42504
		Total megabyte-milliseconds taken by all map tasks=277549056
		Total megabyte-milliseconds taken by all reduce tasks=522289152
	Map-Reduce Framework
		Map input records=1754645
		Map output records=1754645
		Map output bytes=51162659
		Map output materialized bytes=54671979
		Input split bytes=675
		Combine input records=0
		Combine output records=0
		Reduce input groups=1098107
		Reduce shuffle bytes=54671979
		Reduce input records=1754645
		Reduce output records=1098107
		Spilled Records=3509290
		Shuffled Maps =5
		Failed Shuffles=0
		Merged Map outputs=5
		GC time elapsed (ms)=654
		CPU time spent (ms)=67080
		Physical memory (bytes) snapshot=12227244032
		Virtual memory (bytes) snapshot=47725490176
		Total committed heap usage (bytes)=12011438080
	Shuffle Errors
		BAD_ID=0
		CONNECTION=0
		IO_ERROR=0
		WRONG_LENGTH=0
		WRONG_MAP=0
		WRONG_REDUCE=0
	File Input Format Counters 
		Bytes Read=51162659
	File Output Format Counters 
		Bytes Written=47925502
18/09/12 12:04:49 INFO streaming.StreamJob: Output directory: /user/sourabhbalgi/modelparams_mapred

>>> Completed get_modelparams_mapred Job. 

rm: cannot remove './modelparams_5.txt': No such file or directory

>>> Deleted previous file ./modelparams_5.txt. 

SLF4J: Class path contains multiple SLF4J bindings.
SLF4J: Found binding in [jar:file:/usr/hdp/2.6.1.0-129/hadoop/lib/slf4j-log4j12-1.7.10.jar!/org/slf4j/impl/StaticLoggerBinder.class]
SLF4J: Found binding in [jar:file:/usr/hdp/2.6.1.0-129/hadoop-mapreduce/lib/giraph-examples-1.3.0-SNAPSHOT-for-hadoop-2.7.3-jar-with-dependencies.jar!/org/slf4j/impl/StaticLoggerBinder.class]
SLF4J: See http://www.slf4j.org/codes.html#multiple_bindings for an explanation.
SLF4J: Actual binding is of type [org.slf4j.impl.Log4jLoggerFactory]

>>> Combined outputs from get_modelparams_mapred into single file ./modelparams_5.txt. 

_vocablen 220836	
220836
50
50
877220
