SLF4J: Class path contains multiple SLF4J bindings.
SLF4J: Found binding in [jar:file:/usr/hdp/2.6.1.0-129/hadoop/lib/slf4j-log4j12-1.7.10.jar!/org/slf4j/impl/StaticLoggerBinder.class]
SLF4J: Found binding in [jar:file:/usr/hdp/2.6.1.0-129/hadoop-mapreduce/lib/giraph-examples-1.3.0-SNAPSHOT-for-hadoop-2.7.3-jar-with-dependencies.jar!/org/slf4j/impl/StaticLoggerBinder.class]
SLF4J: See http://www.slf4j.org/codes.html#multiple_bindings for an explanation.
SLF4J: Actual binding is of type [org.slf4j.impl.Log4jLoggerFactory]
Found 5 items
drwx------   - sourabhbalgi sourabhbalgi          0 2018-09-12 11:38 /user/sourabhbalgi/.Trash
drwx------   - sourabhbalgi sourabhbalgi          0 2018-09-12 11:46 /user/sourabhbalgi/.staging
drwxr-xr-x   - sourabhbalgi sourabhbalgi          0 2018-09-12 11:46 /user/sourabhbalgi/modelparams_mapred
drwxr-xr-x   - sourabhbalgi sourabhbalgi          0 2018-09-12 11:45 /user/sourabhbalgi/modelparams_mapred_1
drwxr-xr-x   - sourabhbalgi sourabhbalgi          0 2018-09-12 11:38 /user/sourabhbalgi/out_ds222_as1
SLF4J: Class path contains multiple SLF4J bindings.
SLF4J: Found binding in [jar:file:/usr/hdp/2.6.1.0-129/hadoop/lib/slf4j-log4j12-1.7.10.jar!/org/slf4j/impl/StaticLoggerBinder.class]
SLF4J: Found binding in [jar:file:/usr/hdp/2.6.1.0-129/hadoop-mapreduce/lib/giraph-examples-1.3.0-SNAPSHOT-for-hadoop-2.7.3-jar-with-dependencies.jar!/org/slf4j/impl/StaticLoggerBinder.class]
SLF4J: See http://www.slf4j.org/codes.html#multiple_bindings for an explanation.
SLF4J: Actual binding is of type [org.slf4j.impl.Log4jLoggerFactory]
Deleted /user/sourabhbalgi/.Trash
18/09/12 11:47:09 INFO fs.TrashPolicyDefault: Moved: 'hdfs://turing.cds.iisc.ac.in:8020/user/sourabhbalgi/.staging' to trash at: hdfs://turing.cds.iisc.ac.in:8020/user/sourabhbalgi/.Trash/Current/user/sourabhbalgi/.staging
18/09/12 11:47:09 INFO fs.TrashPolicyDefault: Moved: 'hdfs://turing.cds.iisc.ac.in:8020/user/sourabhbalgi/modelparams_mapred' to trash at: hdfs://turing.cds.iisc.ac.in:8020/user/sourabhbalgi/.Trash/Current/user/sourabhbalgi/modelparams_mapred
18/09/12 11:47:09 INFO fs.TrashPolicyDefault: Moved: 'hdfs://turing.cds.iisc.ac.in:8020/user/sourabhbalgi/modelparams_mapred_1' to trash at: hdfs://turing.cds.iisc.ac.in:8020/user/sourabhbalgi/.Trash/Current/user/sourabhbalgi/modelparams_mapred_1
18/09/12 11:47:09 INFO fs.TrashPolicyDefault: Moved: 'hdfs://turing.cds.iisc.ac.in:8020/user/sourabhbalgi/out_ds222_as1' to trash at: hdfs://turing.cds.iisc.ac.in:8020/user/sourabhbalgi/.Trash/Current/user/sourabhbalgi/out_ds222_as1
rm: `hdfs': No such file or directory
rm: `dfs': No such file or directory
rm: `-rm': No such file or directory
rm: `-r': No such file or directory
Deleted /user/sourabhbalgi/.Trash
rm: File does not exist: hdfs://turing.cds.iisc.ac.in:8020/user/sourabhbalgi/.staging
rm: File does not exist: hdfs://turing.cds.iisc.ac.in:8020/user/sourabhbalgi/modelparams_mapred
rm: File does not exist: hdfs://turing.cds.iisc.ac.in:8020/user/sourabhbalgi/modelparams_mapred_1
rm: File does not exist: hdfs://turing.cds.iisc.ac.in:8020/user/sourabhbalgi/out_ds222_as1
SLF4J: Class path contains multiple SLF4J bindings.
SLF4J: Found binding in [jar:file:/usr/hdp/2.6.1.0-129/hadoop/lib/slf4j-log4j12-1.7.10.jar!/org/slf4j/impl/StaticLoggerBinder.class]
SLF4J: Found binding in [jar:file:/usr/hdp/2.6.1.0-129/hadoop-mapreduce/lib/giraph-examples-1.3.0-SNAPSHOT-for-hadoop-2.7.3-jar-with-dependencies.jar!/org/slf4j/impl/StaticLoggerBinder.class]
SLF4J: See http://www.slf4j.org/codes.html#multiple_bindings for an explanation.
SLF4J: Actual binding is of type [org.slf4j.impl.Log4jLoggerFactory]

>>> Creating output folder out_ds222_as1 on hdfs to store output files of mapreduce. 

SLF4J: Class path contains multiple SLF4J bindings.
SLF4J: Found binding in [jar:file:/usr/hdp/2.6.1.0-129/hadoop/lib/slf4j-log4j12-1.7.10.jar!/org/slf4j/impl/StaticLoggerBinder.class]
SLF4J: Found binding in [jar:file:/usr/hdp/2.6.1.0-129/hadoop-mapreduce/lib/giraph-examples-1.3.0-SNAPSHOT-for-hadoop-2.7.3-jar-with-dependencies.jar!/org/slf4j/impl/StaticLoggerBinder.class]
SLF4J: See http://www.slf4j.org/codes.html#multiple_bindings for an explanation.
SLF4J: Actual binding is of type [org.slf4j.impl.Log4jLoggerFactory]

>>> Starting get_modelparams_mapred to get model parameters ... 

SLF4J: Class path contains multiple SLF4J bindings.
SLF4J: Found binding in [jar:file:/usr/hdp/2.6.1.0-129/hadoop/lib/slf4j-log4j12-1.7.10.jar!/org/slf4j/impl/StaticLoggerBinder.class]
SLF4J: Found binding in [jar:file:/usr/hdp/2.6.1.0-129/hadoop-mapreduce/lib/giraph-examples-1.3.0-SNAPSHOT-for-hadoop-2.7.3-jar-with-dependencies.jar!/org/slf4j/impl/StaticLoggerBinder.class]
SLF4J: See http://www.slf4j.org/codes.html#multiple_bindings for an explanation.
SLF4J: Actual binding is of type [org.slf4j.impl.Log4jLoggerFactory]
rm: `/user/sourabhbalgi/modelparams_mapred_2/*': No such file or directory
SLF4J: Class path contains multiple SLF4J bindings.
SLF4J: Found binding in [jar:file:/usr/hdp/2.6.1.0-129/hadoop/lib/slf4j-log4j12-1.7.10.jar!/org/slf4j/impl/StaticLoggerBinder.class]
SLF4J: Found binding in [jar:file:/usr/hdp/2.6.1.0-129/hadoop-mapreduce/lib/giraph-examples-1.3.0-SNAPSHOT-for-hadoop-2.7.3-jar-with-dependencies.jar!/org/slf4j/impl/StaticLoggerBinder.class]
SLF4J: See http://www.slf4j.org/codes.html#multiple_bindings for an explanation.
SLF4J: Actual binding is of type [org.slf4j.impl.Log4jLoggerFactory]
rmdir: `/user/sourabhbalgi/modelparams_mapred_2': No such file or directory
SLF4J: Class path contains multiple SLF4J bindings.
SLF4J: Found binding in [jar:file:/usr/hdp/2.6.1.0-129/hadoop/lib/slf4j-log4j12-1.7.10.jar!/org/slf4j/impl/StaticLoggerBinder.class]
SLF4J: Found binding in [jar:file:/usr/hdp/2.6.1.0-129/hadoop-mapreduce/lib/giraph-examples-1.3.0-SNAPSHOT-for-hadoop-2.7.3-jar-with-dependencies.jar!/org/slf4j/impl/StaticLoggerBinder.class]
SLF4J: See http://www.slf4j.org/codes.html#multiple_bindings for an explanation.
SLF4J: Actual binding is of type [org.slf4j.impl.Log4jLoggerFactory]
18/09/12 11:47:19 WARN streaming.StreamJob: -file option is deprecated, please use generic option -files instead.
packageJobJar: [./get_modelparams_map_n.py, ./get_modelparams_red_n.py] [/usr/hdp/2.6.1.0-129/hadoop-mapreduce/hadoop-streaming-2.7.3.2.6.1.0-129.jar] /tmp/streamjob4089372455234819210.jar tmpDir=null
18/09/12 11:47:20 INFO client.RMProxy: Connecting to ResourceManager at turing.cds.iisc.ac.in/10.24.1.32:8050
18/09/12 11:47:21 INFO client.AHSProxy: Connecting to Application History server at turing.cds.iisc.ac.in/10.24.1.32:10200
18/09/12 11:47:21 INFO client.RMProxy: Connecting to ResourceManager at turing.cds.iisc.ac.in/10.24.1.32:8050
18/09/12 11:47:21 INFO client.AHSProxy: Connecting to Application History server at turing.cds.iisc.ac.in/10.24.1.32:10200
18/09/12 11:47:22 INFO mapred.FileInputFormat: Total input paths to process : 1
18/09/12 11:47:22 INFO mapreduce.JobSubmitter: number of splits:2
18/09/12 11:47:22 INFO mapreduce.JobSubmitter: Submitting tokens for job: job_1524406905265_2936
18/09/12 11:47:22 INFO impl.YarnClientImpl: Submitted application application_1524406905265_2936
18/09/12 11:47:22 INFO mapreduce.Job: The url to track the job: http://turing.cds.iisc.ac.in:8088/proxy/application_1524406905265_2936/
18/09/12 11:47:22 INFO mapreduce.Job: Running job: job_1524406905265_2936
18/09/12 11:47:30 INFO mapreduce.Job: Job job_1524406905265_2936 running in uber mode : false
18/09/12 11:47:30 INFO mapreduce.Job:  map 0% reduce 0%
18/09/12 11:47:45 INFO mapreduce.Job:  map 1% reduce 0%
18/09/12 11:47:49 INFO mapreduce.Job:  map 2% reduce 0%
18/09/12 11:47:52 INFO mapreduce.Job:  map 3% reduce 0%
18/09/12 11:47:57 INFO mapreduce.Job:  map 4% reduce 0%
18/09/12 11:48:00 INFO mapreduce.Job:  map 5% reduce 0%
18/09/12 11:48:04 INFO mapreduce.Job:  map 6% reduce 0%
18/09/12 11:48:07 INFO mapreduce.Job:  map 7% reduce 0%
18/09/12 11:48:13 INFO mapreduce.Job:  map 8% reduce 0%
18/09/12 11:48:16 INFO mapreduce.Job:  map 9% reduce 0%
18/09/12 11:48:19 INFO mapreduce.Job:  map 10% reduce 0%
18/09/12 11:48:22 INFO mapreduce.Job:  map 11% reduce 0%
18/09/12 11:48:25 INFO mapreduce.Job:  map 12% reduce 0%
18/09/12 11:48:31 INFO mapreduce.Job:  map 13% reduce 0%
18/09/12 11:48:34 INFO mapreduce.Job:  map 14% reduce 0%
18/09/12 11:48:37 INFO mapreduce.Job:  map 15% reduce 0%
18/09/12 11:48:41 INFO mapreduce.Job:  map 16% reduce 0%
18/09/12 11:48:44 INFO mapreduce.Job:  map 17% reduce 0%
18/09/12 11:48:49 INFO mapreduce.Job:  map 18% reduce 0%
18/09/12 11:48:52 INFO mapreduce.Job:  map 19% reduce 0%
18/09/12 11:48:56 INFO mapreduce.Job:  map 20% reduce 0%
18/09/12 11:48:59 INFO mapreduce.Job:  map 21% reduce 0%
18/09/12 11:49:02 INFO mapreduce.Job:  map 22% reduce 0%
18/09/12 11:49:07 INFO mapreduce.Job:  map 23% reduce 0%
18/09/12 11:49:10 INFO mapreduce.Job:  map 24% reduce 0%
18/09/12 11:49:13 INFO mapreduce.Job:  map 25% reduce 0%
18/09/12 11:49:17 INFO mapreduce.Job:  map 26% reduce 0%
18/09/12 11:49:20 INFO mapreduce.Job:  map 27% reduce 0%
18/09/12 11:49:25 INFO mapreduce.Job:  map 28% reduce 0%
18/09/12 11:49:28 INFO mapreduce.Job:  map 29% reduce 0%
18/09/12 11:49:31 INFO mapreduce.Job:  map 30% reduce 0%
18/09/12 11:49:35 INFO mapreduce.Job:  map 31% reduce 0%
18/09/12 11:49:38 INFO mapreduce.Job:  map 32% reduce 0%
18/09/12 11:49:44 INFO mapreduce.Job:  map 33% reduce 0%
18/09/12 11:49:47 INFO mapreduce.Job:  map 34% reduce 0%
18/09/12 11:49:50 INFO mapreduce.Job:  map 35% reduce 0%
18/09/12 11:49:53 INFO mapreduce.Job:  map 36% reduce 0%
18/09/12 11:49:59 INFO mapreduce.Job:  map 37% reduce 0%
18/09/12 11:50:02 INFO mapreduce.Job:  map 38% reduce 0%
18/09/12 11:50:05 INFO mapreduce.Job:  map 39% reduce 0%
18/09/12 11:50:08 INFO mapreduce.Job:  map 40% reduce 0%
18/09/12 11:50:11 INFO mapreduce.Job:  map 41% reduce 0%
18/09/12 11:50:17 INFO mapreduce.Job:  map 42% reduce 0%
18/09/12 11:50:20 INFO mapreduce.Job:  map 43% reduce 0%
18/09/12 11:50:23 INFO mapreduce.Job:  map 44% reduce 0%
18/09/12 11:50:26 INFO mapreduce.Job:  map 45% reduce 0%
18/09/12 11:50:29 INFO mapreduce.Job:  map 46% reduce 0%
18/09/12 11:50:32 INFO mapreduce.Job:  map 47% reduce 0%
18/09/12 11:50:38 INFO mapreduce.Job:  map 48% reduce 0%
18/09/12 11:50:41 INFO mapreduce.Job:  map 49% reduce 0%
18/09/12 11:50:44 INFO mapreduce.Job:  map 50% reduce 0%
18/09/12 11:50:47 INFO mapreduce.Job:  map 51% reduce 0%
18/09/12 11:50:50 INFO mapreduce.Job:  map 52% reduce 0%
18/09/12 11:50:53 INFO mapreduce.Job:  map 53% reduce 0%
18/09/12 11:51:00 INFO mapreduce.Job:  map 54% reduce 0%
18/09/12 11:51:03 INFO mapreduce.Job:  map 55% reduce 0%
18/09/12 11:51:06 INFO mapreduce.Job:  map 56% reduce 0%
18/09/12 11:51:09 INFO mapreduce.Job:  map 57% reduce 0%
18/09/12 11:51:15 INFO mapreduce.Job:  map 58% reduce 0%
18/09/12 11:51:18 INFO mapreduce.Job:  map 59% reduce 0%
18/09/12 11:51:21 INFO mapreduce.Job:  map 60% reduce 0%
18/09/12 11:51:24 INFO mapreduce.Job:  map 61% reduce 0%
18/09/12 11:51:27 INFO mapreduce.Job:  map 62% reduce 0%
18/09/12 11:51:33 INFO mapreduce.Job:  map 63% reduce 0%
18/09/12 11:51:36 INFO mapreduce.Job:  map 64% reduce 0%
18/09/12 11:51:44 INFO mapreduce.Job:  map 81% reduce 0%
18/09/12 11:51:48 INFO mapreduce.Job:  map 82% reduce 0%
18/09/12 11:51:54 INFO mapreduce.Job:  map 83% reduce 0%
18/09/12 11:51:57 INFO mapreduce.Job:  map 83% reduce 17%
18/09/12 11:52:15 INFO mapreduce.Job:  map 100% reduce 17%
18/09/12 11:52:19 INFO mapreduce.Job:  map 100% reduce 42%
18/09/12 11:52:22 INFO mapreduce.Job:  map 100% reduce 66%
18/09/12 11:52:25 INFO mapreduce.Job:  map 100% reduce 68%
18/09/12 11:52:28 INFO mapreduce.Job:  map 100% reduce 72%
18/09/12 11:52:30 INFO mapreduce.Job:  map 100% reduce 74%
18/09/12 11:52:31 INFO mapreduce.Job:  map 100% reduce 76%
18/09/12 11:52:33 INFO mapreduce.Job:  map 100% reduce 78%
18/09/12 11:52:34 INFO mapreduce.Job:  map 100% reduce 80%
18/09/12 11:52:36 INFO mapreduce.Job:  map 100% reduce 82%
18/09/12 11:52:37 INFO mapreduce.Job:  map 100% reduce 84%
18/09/12 11:52:39 INFO mapreduce.Job:  map 100% reduce 86%
18/09/12 11:52:40 INFO mapreduce.Job:  map 100% reduce 88%
18/09/12 11:52:42 INFO mapreduce.Job:  map 100% reduce 90%
18/09/12 11:52:43 INFO mapreduce.Job:  map 100% reduce 91%
18/09/12 11:52:45 INFO mapreduce.Job:  map 100% reduce 93%
18/09/12 11:52:46 INFO mapreduce.Job:  map 100% reduce 95%
18/09/12 11:52:48 INFO mapreduce.Job:  map 100% reduce 97%
18/09/12 11:52:49 INFO mapreduce.Job:  map 100% reduce 98%
18/09/12 11:52:52 INFO mapreduce.Job:  map 100% reduce 100%
18/09/12 11:52:53 INFO mapreduce.Job: Job job_1524406905265_2936 completed successfully
18/09/12 11:52:54 INFO mapreduce.Job: Counters: 49
	File System Counters
		FILE: Number of bytes read=571351422
		FILE: Number of bytes written=1143304938
		FILE: Number of read operations=0
		FILE: Number of large read operations=0
		FILE: Number of write operations=0
		HDFS: Number of bytes read=131308644
		HDFS: Number of bytes written=51156118
		HDFS: Number of read operations=12
		HDFS: Number of large read operations=0
		HDFS: Number of write operations=4
	Job Counters 
		Launched map tasks=2
		Launched reduce tasks=2
		Rack-local map tasks=2
		Total time spent by all maps in occupied slots (ms)=3212010
		Total time spent by all reduces in occupied slots (ms)=1502208
		Total time spent by all map tasks (ms)=535335
		Total time spent by all reduce tasks (ms)=125184
		Total vcore-milliseconds taken by all map tasks=535335
		Total vcore-milliseconds taken by all reduce tasks=125184
		Total megabyte-milliseconds taken by all map tasks=3289098240
		Total megabyte-milliseconds taken by all reduce tasks=1538260992
	Map-Reduce Framework
		Map input records=214997
		Map output records=13611693
		Map output bytes=544128024
		Map output materialized bytes=571351434
		Input split bytes=274
		Combine input records=0
		Combine output records=0
		Reduce input groups=877220
		Reduce shuffle bytes=571351434
		Reduce input records=13611693
		Reduce output records=1754492
		Spilled Records=27223386
		Shuffled Maps =4
		Failed Shuffles=0
		Merged Map outputs=4
		GC time elapsed (ms)=2592
		CPU time spent (ms)=660020
		Physical memory (bytes) snapshot=6315270144
		Virtual memory (bytes) snapshot=38984331264
		Total committed heap usage (bytes)=6770655232
	Shuffle Errors
		BAD_ID=0
		CONNECTION=0
		IO_ERROR=0
		WRONG_LENGTH=0
		WRONG_MAP=0
		WRONG_REDUCE=0
	File Input Format Counters 
		Bytes Read=131308370
	File Output Format Counters 
		Bytes Written=51156118
18/09/12 11:52:54 INFO streaming.StreamJob: Output directory: /user/sourabhbalgi/modelparams_mapred_2

>>> Number of reducers used by get_modelparams_mapred = 2. 


>>> get_modelparams_mapred Job completed. 

SLF4J: Class path contains multiple SLF4J bindings.
SLF4J: Found binding in [jar:file:/usr/hdp/2.6.1.0-129/hadoop/lib/slf4j-log4j12-1.7.10.jar!/org/slf4j/impl/StaticLoggerBinder.class]
SLF4J: Found binding in [jar:file:/usr/hdp/2.6.1.0-129/hadoop-mapreduce/lib/giraph-examples-1.3.0-SNAPSHOT-for-hadoop-2.7.3-jar-with-dependencies.jar!/org/slf4j/impl/StaticLoggerBinder.class]
SLF4J: See http://www.slf4j.org/codes.html#multiple_bindings for an explanation.
SLF4J: Actual binding is of type [org.slf4j.impl.Log4jLoggerFactory]
rm: `/user/sourabhbalgi/modelparams_mapred/*': No such file or directory
SLF4J: Class path contains multiple SLF4J bindings.
SLF4J: Found binding in [jar:file:/usr/hdp/2.6.1.0-129/hadoop/lib/slf4j-log4j12-1.7.10.jar!/org/slf4j/impl/StaticLoggerBinder.class]
SLF4J: Found binding in [jar:file:/usr/hdp/2.6.1.0-129/hadoop-mapreduce/lib/giraph-examples-1.3.0-SNAPSHOT-for-hadoop-2.7.3-jar-with-dependencies.jar!/org/slf4j/impl/StaticLoggerBinder.class]
SLF4J: See http://www.slf4j.org/codes.html#multiple_bindings for an explanation.
SLF4J: Actual binding is of type [org.slf4j.impl.Log4jLoggerFactory]
rmdir: `/user/sourabhbalgi/modelparams_mapred': No such file or directory
SLF4J: Class path contains multiple SLF4J bindings.
SLF4J: Found binding in [jar:file:/usr/hdp/2.6.1.0-129/hadoop/lib/slf4j-log4j12-1.7.10.jar!/org/slf4j/impl/StaticLoggerBinder.class]
SLF4J: Found binding in [jar:file:/usr/hdp/2.6.1.0-129/hadoop-mapreduce/lib/giraph-examples-1.3.0-SNAPSHOT-for-hadoop-2.7.3-jar-with-dependencies.jar!/org/slf4j/impl/StaticLoggerBinder.class]
SLF4J: See http://www.slf4j.org/codes.html#multiple_bindings for an explanation.
SLF4J: Actual binding is of type [org.slf4j.impl.Log4jLoggerFactory]
18/09/12 11:52:59 WARN streaming.StreamJob: -file option is deprecated, please use generic option -files instead.
packageJobJar: [./get_modelparams_map_final.py, ./get_modelparams_red_final.py] [/usr/hdp/2.6.1.0-129/hadoop-mapreduce/hadoop-streaming-2.7.3.2.6.1.0-129.jar] /tmp/streamjob3851375377293551315.jar tmpDir=null
18/09/12 11:53:00 INFO client.RMProxy: Connecting to ResourceManager at turing.cds.iisc.ac.in/10.24.1.32:8050
18/09/12 11:53:00 INFO client.AHSProxy: Connecting to Application History server at turing.cds.iisc.ac.in/10.24.1.32:10200
18/09/12 11:53:00 INFO client.RMProxy: Connecting to ResourceManager at turing.cds.iisc.ac.in/10.24.1.32:8050
18/09/12 11:53:00 INFO client.AHSProxy: Connecting to Application History server at turing.cds.iisc.ac.in/10.24.1.32:10200
18/09/12 11:53:02 INFO mapred.FileInputFormat: Total input paths to process : 2
18/09/12 11:53:03 INFO mapreduce.JobSubmitter: number of splits:2
18/09/12 11:53:03 INFO mapreduce.JobSubmitter: Submitting tokens for job: job_1524406905265_2937
18/09/12 11:53:03 INFO impl.YarnClientImpl: Submitted application application_1524406905265_2937
18/09/12 11:53:03 INFO mapreduce.Job: The url to track the job: http://turing.cds.iisc.ac.in:8088/proxy/application_1524406905265_2937/
18/09/12 11:53:03 INFO mapreduce.Job: Running job: job_1524406905265_2937
18/09/12 11:53:10 INFO mapreduce.Job: Job job_1524406905265_2937 running in uber mode : false
18/09/12 11:53:10 INFO mapreduce.Job:  map 0% reduce 0%
18/09/12 11:53:21 INFO mapreduce.Job:  map 50% reduce 0%
18/09/12 11:53:24 INFO mapreduce.Job:  map 100% reduce 0%
18/09/12 11:53:36 INFO mapreduce.Job:  map 100% reduce 68%
18/09/12 11:53:39 INFO mapreduce.Job:  map 100% reduce 70%
18/09/12 11:53:42 INFO mapreduce.Job:  map 100% reduce 72%
18/09/12 11:53:44 INFO mapreduce.Job:  map 100% reduce 74%
18/09/12 11:53:47 INFO mapreduce.Job:  map 100% reduce 77%
18/09/12 11:53:50 INFO mapreduce.Job:  map 100% reduce 79%
18/09/12 11:53:53 INFO mapreduce.Job:  map 100% reduce 83%
18/09/12 11:53:56 INFO mapreduce.Job:  map 100% reduce 87%
18/09/12 11:53:59 INFO mapreduce.Job:  map 100% reduce 90%
18/09/12 11:54:02 INFO mapreduce.Job:  map 100% reduce 93%
18/09/12 11:54:05 INFO mapreduce.Job:  map 100% reduce 96%
18/09/12 11:54:08 INFO mapreduce.Job:  map 100% reduce 99%
18/09/12 11:54:10 INFO mapreduce.Job:  map 100% reduce 100%
18/09/12 11:54:10 INFO mapreduce.Job: Job job_1524406905265_2937 completed successfully
18/09/12 11:54:11 INFO mapreduce.Job: Counters: 49
	File System Counters
		FILE: Number of bytes read=54665108
		FILE: Number of bytes written=109781847
		FILE: Number of read operations=0
		FILE: Number of large read operations=0
		FILE: Number of write operations=0
		HDFS: Number of bytes read=51156388
		HDFS: Number of bytes written=47925502
		HDFS: Number of read operations=9
		HDFS: Number of large read operations=0
		HDFS: Number of write operations=2
	Job Counters 
		Launched map tasks=2
		Launched reduce tasks=1
		Rack-local map tasks=2
		Total time spent by all maps in occupied slots (ms)=128184
		Total time spent by all reduces in occupied slots (ms)=548652
		Total time spent by all map tasks (ms)=21364
		Total time spent by all reduce tasks (ms)=45721
		Total vcore-milliseconds taken by all map tasks=21364
		Total vcore-milliseconds taken by all reduce tasks=45721
		Total megabyte-milliseconds taken by all map tasks=131260416
		Total megabyte-milliseconds taken by all reduce tasks=561819648
	Map-Reduce Framework
		Map input records=1754492
		Map output records=1754492
		Map output bytes=51156118
		Map output materialized bytes=54665114
		Input split bytes=270
		Combine input records=0
		Combine output records=0
		Reduce input groups=1098107
		Reduce shuffle bytes=54665114
		Reduce input records=1754492
		Reduce output records=1098107
		Spilled Records=3508984
		Shuffled Maps =2
		Failed Shuffles=0
		Merged Map outputs=2
		GC time elapsed (ms)=832
		CPU time spent (ms)=63360
		Physical memory (bytes) snapshot=5224079360
		Virtual memory (bytes) snapshot=26549088256
		Total committed heap usage (bytes)=5375000576
	Shuffle Errors
		BAD_ID=0
		CONNECTION=0
		IO_ERROR=0
		WRONG_LENGTH=0
		WRONG_MAP=0
		WRONG_REDUCE=0
	File Input Format Counters 
		Bytes Read=51156118
	File Output Format Counters 
		Bytes Written=47925502
18/09/12 11:54:11 INFO streaming.StreamJob: Output directory: /user/sourabhbalgi/modelparams_mapred

>>> Completed get_modelparams_mapred Job. 

rm: cannot remove './modelparams_2.txt': No such file or directory

>>> Deleted previous file ./modelparams_2.txt. 

SLF4J: Class path contains multiple SLF4J bindings.
SLF4J: Found binding in [jar:file:/usr/hdp/2.6.1.0-129/hadoop/lib/slf4j-log4j12-1.7.10.jar!/org/slf4j/impl/StaticLoggerBinder.class]
SLF4J: Found binding in [jar:file:/usr/hdp/2.6.1.0-129/hadoop-mapreduce/lib/giraph-examples-1.3.0-SNAPSHOT-for-hadoop-2.7.3-jar-with-dependencies.jar!/org/slf4j/impl/StaticLoggerBinder.class]
SLF4J: See http://www.slf4j.org/codes.html#multiple_bindings for an explanation.
SLF4J: Actual binding is of type [org.slf4j.impl.Log4jLoggerFactory]

>>> Combined outputs from get_modelparams_mapred into single file ./modelparams_2.txt. 

_vocablen 220836	
220836
50
50
877220
