SLF4J: Class path contains multiple SLF4J bindings.
SLF4J: Found binding in [jar:file:/usr/hdp/2.6.1.0-129/hadoop/lib/slf4j-log4j12-1.7.10.jar!/org/slf4j/impl/StaticLoggerBinder.class]
SLF4J: Found binding in [jar:file:/usr/hdp/2.6.1.0-129/hadoop-mapreduce/lib/giraph-examples-1.3.0-SNAPSHOT-for-hadoop-2.7.3-jar-with-dependencies.jar!/org/slf4j/impl/StaticLoggerBinder.class]
SLF4J: See http://www.slf4j.org/codes.html#multiple_bindings for an explanation.
SLF4J: Actual binding is of type [org.slf4j.impl.Log4jLoggerFactory]
Found 3 items
drwx------   - sourabhbalgi sourabhbalgi          0 2018-09-10 22:46 /user/sourabhbalgi/.staging
drwxr-xr-x   - sourabhbalgi sourabhbalgi          0 2018-09-10 22:46 /user/sourabhbalgi/modelparams_mapred_1
drwxr-xr-x   - sourabhbalgi sourabhbalgi          0 2018-09-10 22:46 /user/sourabhbalgi/out_ds222_as1
SLF4J: Class path contains multiple SLF4J bindings.
SLF4J: Found binding in [jar:file:/usr/hdp/2.6.1.0-129/hadoop/lib/slf4j-log4j12-1.7.10.jar!/org/slf4j/impl/StaticLoggerBinder.class]
SLF4J: Found binding in [jar:file:/usr/hdp/2.6.1.0-129/hadoop-mapreduce/lib/giraph-examples-1.3.0-SNAPSHOT-for-hadoop-2.7.3-jar-with-dependencies.jar!/org/slf4j/impl/StaticLoggerBinder.class]
SLF4J: See http://www.slf4j.org/codes.html#multiple_bindings for an explanation.
SLF4J: Actual binding is of type [org.slf4j.impl.Log4jLoggerFactory]
18/09/10 22:52:11 INFO fs.TrashPolicyDefault: Moved: 'hdfs://turing.cds.iisc.ac.in:8020/user/sourabhbalgi/.staging' to trash at: hdfs://turing.cds.iisc.ac.in:8020/user/sourabhbalgi/.Trash/Current/user/sourabhbalgi/.staging
18/09/10 22:52:11 INFO fs.TrashPolicyDefault: Moved: 'hdfs://turing.cds.iisc.ac.in:8020/user/sourabhbalgi/modelparams_mapred_1' to trash at: hdfs://turing.cds.iisc.ac.in:8020/user/sourabhbalgi/.Trash/Current/user/sourabhbalgi/modelparams_mapred_1
18/09/10 22:52:11 INFO fs.TrashPolicyDefault: Moved: 'hdfs://turing.cds.iisc.ac.in:8020/user/sourabhbalgi/out_ds222_as1' to trash at: hdfs://turing.cds.iisc.ac.in:8020/user/sourabhbalgi/.Trash/Current/user/sourabhbalgi/out_ds222_as1
rm: `hdfs': No such file or directory
rm: `dfs': No such file or directory
rm: `-rm': No such file or directory
rm: `-r': No such file or directory
rm: File does not exist: hdfs://turing.cds.iisc.ac.in:8020/user/sourabhbalgi/.staging
rm: File does not exist: hdfs://turing.cds.iisc.ac.in:8020/user/sourabhbalgi/modelparams_mapred_1
rm: File does not exist: hdfs://turing.cds.iisc.ac.in:8020/user/sourabhbalgi/out_ds222_as1
SLF4J: Class path contains multiple SLF4J bindings.
SLF4J: Found binding in [jar:file:/usr/hdp/2.6.1.0-129/hadoop/lib/slf4j-log4j12-1.7.10.jar!/org/slf4j/impl/StaticLoggerBinder.class]
SLF4J: Found binding in [jar:file:/usr/hdp/2.6.1.0-129/hadoop-mapreduce/lib/giraph-examples-1.3.0-SNAPSHOT-for-hadoop-2.7.3-jar-with-dependencies.jar!/org/slf4j/impl/StaticLoggerBinder.class]
SLF4J: See http://www.slf4j.org/codes.html#multiple_bindings for an explanation.
SLF4J: Actual binding is of type [org.slf4j.impl.Log4jLoggerFactory]
Found 1 items
drwx------   - sourabhbalgi sourabhbalgi          0 2018-09-10 22:52 /user/sourabhbalgi/.Trash

>>> Creating output folder out_ds222_as1 on hdfs to store output files of mapreduce. 

SLF4J: Class path contains multiple SLF4J bindings.
SLF4J: Found binding in [jar:file:/usr/hdp/2.6.1.0-129/hadoop/lib/slf4j-log4j12-1.7.10.jar!/org/slf4j/impl/StaticLoggerBinder.class]
SLF4J: Found binding in [jar:file:/usr/hdp/2.6.1.0-129/hadoop-mapreduce/lib/giraph-examples-1.3.0-SNAPSHOT-for-hadoop-2.7.3-jar-with-dependencies.jar!/org/slf4j/impl/StaticLoggerBinder.class]
SLF4J: See http://www.slf4j.org/codes.html#multiple_bindings for an explanation.
SLF4J: Actual binding is of type [org.slf4j.impl.Log4jLoggerFactory]

>>> Starting get_modelparams_mapred to get model parameters ... 

SLF4J: Class path contains multiple SLF4J bindings.
SLF4J: Found binding in [jar:file:/usr/hdp/2.6.1.0-129/hadoop/lib/slf4j-log4j12-1.7.10.jar!/org/slf4j/impl/StaticLoggerBinder.class]
SLF4J: Found binding in [jar:file:/usr/hdp/2.6.1.0-129/hadoop-mapreduce/lib/giraph-examples-1.3.0-SNAPSHOT-for-hadoop-2.7.3-jar-with-dependencies.jar!/org/slf4j/impl/StaticLoggerBinder.class]
SLF4J: See http://www.slf4j.org/codes.html#multiple_bindings for an explanation.
SLF4J: Actual binding is of type [org.slf4j.impl.Log4jLoggerFactory]
rm: `/user/sourabhbalgi/modelparams_mapred_1/*': No such file or directory
SLF4J: Class path contains multiple SLF4J bindings.
SLF4J: Found binding in [jar:file:/usr/hdp/2.6.1.0-129/hadoop/lib/slf4j-log4j12-1.7.10.jar!/org/slf4j/impl/StaticLoggerBinder.class]
SLF4J: Found binding in [jar:file:/usr/hdp/2.6.1.0-129/hadoop-mapreduce/lib/giraph-examples-1.3.0-SNAPSHOT-for-hadoop-2.7.3-jar-with-dependencies.jar!/org/slf4j/impl/StaticLoggerBinder.class]
SLF4J: See http://www.slf4j.org/codes.html#multiple_bindings for an explanation.
SLF4J: Actual binding is of type [org.slf4j.impl.Log4jLoggerFactory]
rmdir: `/user/sourabhbalgi/modelparams_mapred_1': No such file or directory
SLF4J: Class path contains multiple SLF4J bindings.
SLF4J: Found binding in [jar:file:/usr/hdp/2.6.1.0-129/hadoop/lib/slf4j-log4j12-1.7.10.jar!/org/slf4j/impl/StaticLoggerBinder.class]
SLF4J: Found binding in [jar:file:/usr/hdp/2.6.1.0-129/hadoop-mapreduce/lib/giraph-examples-1.3.0-SNAPSHOT-for-hadoop-2.7.3-jar-with-dependencies.jar!/org/slf4j/impl/StaticLoggerBinder.class]
SLF4J: See http://www.slf4j.org/codes.html#multiple_bindings for an explanation.
SLF4J: Actual binding is of type [org.slf4j.impl.Log4jLoggerFactory]
18/09/10 22:52:21 WARN streaming.StreamJob: -file option is deprecated, please use generic option -files instead.
packageJobJar: [./get_modelparams_map_n.py, ./get_modelparams_red_n.py] [/usr/hdp/2.6.1.0-129/hadoop-mapreduce/hadoop-streaming-2.7.3.2.6.1.0-129.jar] /tmp/streamjob6042319948763092703.jar tmpDir=null
18/09/10 22:52:22 INFO client.RMProxy: Connecting to ResourceManager at turing.cds.iisc.ac.in/10.24.1.32:8050
18/09/10 22:52:22 INFO client.AHSProxy: Connecting to Application History server at turing.cds.iisc.ac.in/10.24.1.32:10200
18/09/10 22:52:22 INFO client.RMProxy: Connecting to ResourceManager at turing.cds.iisc.ac.in/10.24.1.32:8050
18/09/10 22:52:22 INFO client.AHSProxy: Connecting to Application History server at turing.cds.iisc.ac.in/10.24.1.32:10200
18/09/10 22:52:23 INFO mapred.FileInputFormat: Total input paths to process : 1
18/09/10 22:52:23 INFO mapreduce.JobSubmitter: number of splits:2
18/09/10 22:52:23 INFO mapreduce.JobSubmitter: Submitting tokens for job: job_1524406905265_2859
18/09/10 22:52:24 INFO impl.YarnClientImpl: Submitted application application_1524406905265_2859
18/09/10 22:52:24 INFO mapreduce.Job: The url to track the job: http://turing.cds.iisc.ac.in:8088/proxy/application_1524406905265_2859/
18/09/10 22:52:24 INFO mapreduce.Job: Running job: job_1524406905265_2859
18/09/10 22:52:32 INFO mapreduce.Job: Job job_1524406905265_2859 running in uber mode : false
18/09/10 22:52:32 INFO mapreduce.Job:  map 0% reduce 0%
18/09/10 22:52:52 INFO mapreduce.Job:  map 1% reduce 0%
18/09/10 22:52:58 INFO mapreduce.Job:  map 2% reduce 0%
18/09/10 22:53:01 INFO mapreduce.Job:  map 3% reduce 0%
18/09/10 22:53:04 INFO mapreduce.Job:  map 4% reduce 0%
18/09/10 22:53:11 INFO mapreduce.Job:  map 5% reduce 0%
18/09/10 22:53:14 INFO mapreduce.Job:  map 6% reduce 0%
18/09/10 22:53:17 INFO mapreduce.Job:  map 7% reduce 0%
18/09/10 22:53:20 INFO mapreduce.Job:  map 8% reduce 0%
18/09/10 22:53:26 INFO mapreduce.Job:  map 9% reduce 0%
18/09/10 22:53:29 INFO mapreduce.Job:  map 10% reduce 0%
18/09/10 22:53:32 INFO mapreduce.Job:  map 11% reduce 0%
18/09/10 22:53:35 INFO mapreduce.Job:  map 12% reduce 0%
18/09/10 22:53:38 INFO mapreduce.Job:  map 13% reduce 0%
18/09/10 22:53:44 INFO mapreduce.Job:  map 14% reduce 0%
18/09/10 22:53:47 INFO mapreduce.Job:  map 15% reduce 0%
18/09/10 22:53:50 INFO mapreduce.Job:  map 16% reduce 0%
18/09/10 22:53:54 INFO mapreduce.Job:  map 17% reduce 0%
18/09/10 22:54:00 INFO mapreduce.Job:  map 18% reduce 0%
18/09/10 22:54:03 INFO mapreduce.Job:  map 19% reduce 0%
18/09/10 22:54:05 INFO mapreduce.Job:  map 20% reduce 0%
18/09/10 22:54:08 INFO mapreduce.Job:  map 21% reduce 0%
18/09/10 22:54:12 INFO mapreduce.Job:  map 22% reduce 0%
18/09/10 22:54:14 INFO mapreduce.Job:  map 23% reduce 0%
18/09/10 22:54:20 INFO mapreduce.Job:  map 24% reduce 0%
18/09/10 22:54:23 INFO mapreduce.Job:  map 25% reduce 0%
18/09/10 22:54:26 INFO mapreduce.Job:  map 26% reduce 0%
18/09/10 22:54:29 INFO mapreduce.Job:  map 27% reduce 0%
18/09/10 22:54:32 INFO mapreduce.Job:  map 28% reduce 0%
18/09/10 22:54:38 INFO mapreduce.Job:  map 29% reduce 0%
18/09/10 22:54:41 INFO mapreduce.Job:  map 30% reduce 0%
18/09/10 22:54:45 INFO mapreduce.Job:  map 31% reduce 0%
18/09/10 22:54:49 INFO mapreduce.Job:  map 32% reduce 0%
18/09/10 22:54:55 INFO mapreduce.Job:  map 33% reduce 0%
18/09/10 22:54:58 INFO mapreduce.Job:  map 34% reduce 0%
18/09/10 22:55:01 INFO mapreduce.Job:  map 35% reduce 0%
18/09/10 22:55:04 INFO mapreduce.Job:  map 36% reduce 0%
18/09/10 22:55:06 INFO mapreduce.Job:  map 37% reduce 0%
18/09/10 22:55:12 INFO mapreduce.Job:  map 38% reduce 0%
18/09/10 22:55:16 INFO mapreduce.Job:  map 39% reduce 0%
18/09/10 22:55:19 INFO mapreduce.Job:  map 40% reduce 0%
18/09/10 22:55:22 INFO mapreduce.Job:  map 41% reduce 0%
18/09/10 22:55:28 INFO mapreduce.Job:  map 42% reduce 0%
18/09/10 22:55:31 INFO mapreduce.Job:  map 43% reduce 0%
18/09/10 22:55:34 INFO mapreduce.Job:  map 44% reduce 0%
18/09/10 22:55:37 INFO mapreduce.Job:  map 45% reduce 0%
18/09/10 22:55:40 INFO mapreduce.Job:  map 46% reduce 0%
18/09/10 22:55:43 INFO mapreduce.Job:  map 47% reduce 0%
18/09/10 22:55:49 INFO mapreduce.Job:  map 48% reduce 0%
18/09/10 22:55:52 INFO mapreduce.Job:  map 49% reduce 0%
18/09/10 22:55:55 INFO mapreduce.Job:  map 50% reduce 0%
18/09/10 22:55:58 INFO mapreduce.Job:  map 51% reduce 0%
18/09/10 22:56:01 INFO mapreduce.Job:  map 52% reduce 0%
18/09/10 22:56:04 INFO mapreduce.Job:  map 53% reduce 0%
18/09/10 22:56:10 INFO mapreduce.Job:  map 54% reduce 0%
18/09/10 22:56:13 INFO mapreduce.Job:  map 55% reduce 0%
18/09/10 22:56:16 INFO mapreduce.Job:  map 56% reduce 0%
18/09/10 22:56:19 INFO mapreduce.Job:  map 57% reduce 0%
18/09/10 22:56:25 INFO mapreduce.Job:  map 58% reduce 0%
18/09/10 22:56:28 INFO mapreduce.Job:  map 59% reduce 0%
18/09/10 22:56:31 INFO mapreduce.Job:  map 60% reduce 0%
18/09/10 22:56:34 INFO mapreduce.Job:  map 61% reduce 0%
18/09/10 22:56:37 INFO mapreduce.Job:  map 62% reduce 0%
18/09/10 22:56:43 INFO mapreduce.Job:  map 63% reduce 0%
18/09/10 22:56:46 INFO mapreduce.Job:  map 64% reduce 0%
18/09/10 22:56:55 INFO mapreduce.Job:  map 81% reduce 0%
18/09/10 22:56:58 INFO mapreduce.Job:  map 82% reduce 0%
18/09/10 22:57:04 INFO mapreduce.Job:  map 83% reduce 0%
18/09/10 22:57:06 INFO mapreduce.Job:  map 83% reduce 17%
18/09/10 22:57:24 INFO mapreduce.Job:  map 100% reduce 17%
18/09/10 22:57:27 INFO mapreduce.Job:  map 100% reduce 34%
18/09/10 22:57:30 INFO mapreduce.Job:  map 100% reduce 49%
18/09/10 22:57:33 INFO mapreduce.Job:  map 100% reduce 63%
18/09/10 22:57:37 INFO mapreduce.Job:  map 100% reduce 68%
18/09/10 22:57:40 INFO mapreduce.Job:  map 100% reduce 69%
18/09/10 22:57:43 INFO mapreduce.Job:  map 100% reduce 71%
18/09/10 22:57:46 INFO mapreduce.Job:  map 100% reduce 73%
18/09/10 22:57:49 INFO mapreduce.Job:  map 100% reduce 75%
18/09/10 22:57:52 INFO mapreduce.Job:  map 100% reduce 78%
18/09/10 22:57:54 INFO mapreduce.Job:  map 100% reduce 80%
18/09/10 22:57:57 INFO mapreduce.Job:  map 100% reduce 82%
18/09/10 22:58:00 INFO mapreduce.Job:  map 100% reduce 84%
18/09/10 22:58:04 INFO mapreduce.Job:  map 100% reduce 86%
18/09/10 22:58:07 INFO mapreduce.Job:  map 100% reduce 87%
18/09/10 22:58:10 INFO mapreduce.Job:  map 100% reduce 90%
18/09/10 22:58:13 INFO mapreduce.Job:  map 100% reduce 91%
18/09/10 22:58:16 INFO mapreduce.Job:  map 100% reduce 93%
18/09/10 22:58:19 INFO mapreduce.Job:  map 100% reduce 95%
18/09/10 22:58:22 INFO mapreduce.Job:  map 100% reduce 97%
18/09/10 22:58:25 INFO mapreduce.Job:  map 100% reduce 99%
18/09/10 22:58:28 INFO mapreduce.Job:  map 100% reduce 100%
18/09/10 22:58:28 INFO mapreduce.Job: Job job_1524406905265_2859 completed successfully
18/09/10 22:58:28 INFO mapreduce.Job: Counters: 49
	File System Counters
		FILE: Number of bytes read=571351416
		FILE: Number of bytes written=1143154361
		FILE: Number of read operations=0
		FILE: Number of large read operations=0
		FILE: Number of write operations=0
		HDFS: Number of bytes read=131308644
		HDFS: Number of bytes written=51153911
		HDFS: Number of read operations=9
		HDFS: Number of large read operations=0
		HDFS: Number of write operations=2
	Job Counters 
		Launched map tasks=2
		Launched reduce tasks=1
		Rack-local map tasks=2
		Total time spent by all maps in occupied slots (ms)=3308550
		Total time spent by all reduces in occupied slots (ms)=1083264
		Total time spent by all map tasks (ms)=551425
		Total time spent by all reduce tasks (ms)=90272
		Total vcore-milliseconds taken by all map tasks=551425
		Total vcore-milliseconds taken by all reduce tasks=90272
		Total megabyte-milliseconds taken by all map tasks=3387955200
		Total megabyte-milliseconds taken by all reduce tasks=1109262336
	Map-Reduce Framework
		Map input records=214997
		Map output records=13611693
		Map output bytes=544128024
		Map output materialized bytes=571351422
		Input split bytes=274
		Combine input records=0
		Combine output records=0
		Reduce input groups=877220
		Reduce shuffle bytes=571351422
		Reduce input records=13611693
		Reduce output records=1754441
		Spilled Records=27223386
		Shuffled Maps =2
		Failed Shuffles=0
		Merged Map outputs=2
		GC time elapsed (ms)=3300
		CPU time spent (ms)=657080
		Physical memory (bytes) snapshot=5589680128
		Virtual memory (bytes) snapshot=26551447552
		Total committed heap usage (bytes)=5926027264
	Shuffle Errors
		BAD_ID=0
		CONNECTION=0
		IO_ERROR=0
		WRONG_LENGTH=0
		WRONG_MAP=0
		WRONG_REDUCE=0
	File Input Format Counters 
		Bytes Read=131308370
	File Output Format Counters 
		Bytes Written=51153911
18/09/10 22:58:28 INFO streaming.StreamJob: Output directory: /user/sourabhbalgi/modelparams_mapred_1

>>> Number of reducers used by get_modelparams_mapred = 1. 


>>> get_modelparams_mapred Job completed. 

SLF4J: Class path contains multiple SLF4J bindings.
SLF4J: Found binding in [jar:file:/usr/hdp/2.6.1.0-129/hadoop/lib/slf4j-log4j12-1.7.10.jar!/org/slf4j/impl/StaticLoggerBinder.class]
SLF4J: Found binding in [jar:file:/usr/hdp/2.6.1.0-129/hadoop-mapreduce/lib/giraph-examples-1.3.0-SNAPSHOT-for-hadoop-2.7.3-jar-with-dependencies.jar!/org/slf4j/impl/StaticLoggerBinder.class]
SLF4J: See http://www.slf4j.org/codes.html#multiple_bindings for an explanation.
SLF4J: Actual binding is of type [org.slf4j.impl.Log4jLoggerFactory]
rm: `/user/sourabhbalgi/modelparams_mapred/*': No such file or directory
SLF4J: Class path contains multiple SLF4J bindings.
SLF4J: Found binding in [jar:file:/usr/hdp/2.6.1.0-129/hadoop/lib/slf4j-log4j12-1.7.10.jar!/org/slf4j/impl/StaticLoggerBinder.class]
SLF4J: Found binding in [jar:file:/usr/hdp/2.6.1.0-129/hadoop-mapreduce/lib/giraph-examples-1.3.0-SNAPSHOT-for-hadoop-2.7.3-jar-with-dependencies.jar!/org/slf4j/impl/StaticLoggerBinder.class]
SLF4J: See http://www.slf4j.org/codes.html#multiple_bindings for an explanation.
SLF4J: Actual binding is of type [org.slf4j.impl.Log4jLoggerFactory]
rmdir: `/user/sourabhbalgi/modelparams_mapred': No such file or directory
SLF4J: Class path contains multiple SLF4J bindings.
SLF4J: Found binding in [jar:file:/usr/hdp/2.6.1.0-129/hadoop/lib/slf4j-log4j12-1.7.10.jar!/org/slf4j/impl/StaticLoggerBinder.class]
SLF4J: Found binding in [jar:file:/usr/hdp/2.6.1.0-129/hadoop-mapreduce/lib/giraph-examples-1.3.0-SNAPSHOT-for-hadoop-2.7.3-jar-with-dependencies.jar!/org/slf4j/impl/StaticLoggerBinder.class]
SLF4J: See http://www.slf4j.org/codes.html#multiple_bindings for an explanation.
SLF4J: Actual binding is of type [org.slf4j.impl.Log4jLoggerFactory]
18/09/10 22:58:33 WARN streaming.StreamJob: -file option is deprecated, please use generic option -files instead.
packageJobJar: [./get_modelparams_map_final.py, ./get_modelparams_red_final.py] [/usr/hdp/2.6.1.0-129/hadoop-mapreduce/hadoop-streaming-2.7.3.2.6.1.0-129.jar] /tmp/streamjob3934329860512535963.jar tmpDir=null
18/09/10 22:58:34 INFO client.RMProxy: Connecting to ResourceManager at turing.cds.iisc.ac.in/10.24.1.32:8050
18/09/10 22:58:34 INFO client.AHSProxy: Connecting to Application History server at turing.cds.iisc.ac.in/10.24.1.32:10200
18/09/10 22:58:35 INFO client.RMProxy: Connecting to ResourceManager at turing.cds.iisc.ac.in/10.24.1.32:8050
18/09/10 22:58:35 INFO client.AHSProxy: Connecting to Application History server at turing.cds.iisc.ac.in/10.24.1.32:10200
18/09/10 22:58:35 INFO mapred.FileInputFormat: Total input paths to process : 1
18/09/10 22:58:36 INFO mapreduce.JobSubmitter: number of splits:2
18/09/10 22:58:36 INFO mapreduce.JobSubmitter: Submitting tokens for job: job_1524406905265_2860
18/09/10 22:58:36 INFO impl.YarnClientImpl: Submitted application application_1524406905265_2860
18/09/10 22:58:36 INFO mapreduce.Job: The url to track the job: http://turing.cds.iisc.ac.in:8088/proxy/application_1524406905265_2860/
18/09/10 22:58:36 INFO mapreduce.Job: Running job: job_1524406905265_2860
18/09/10 22:58:43 INFO mapreduce.Job: Job job_1524406905265_2860 running in uber mode : false
18/09/10 22:58:43 INFO mapreduce.Job:  map 0% reduce 0%
18/09/10 22:58:55 INFO mapreduce.Job:  map 50% reduce 0%
18/09/10 22:58:56 INFO mapreduce.Job:  map 100% reduce 0%
18/09/10 22:59:07 INFO mapreduce.Job:  map 100% reduce 68%
18/09/10 22:59:10 INFO mapreduce.Job:  map 100% reduce 70%
18/09/10 22:59:13 INFO mapreduce.Job:  map 100% reduce 72%
18/09/10 22:59:16 INFO mapreduce.Job:  map 100% reduce 75%
18/09/10 22:59:19 INFO mapreduce.Job:  map 100% reduce 77%
18/09/10 22:59:22 INFO mapreduce.Job:  map 100% reduce 80%
18/09/10 22:59:25 INFO mapreduce.Job:  map 100% reduce 83%
18/09/10 22:59:28 INFO mapreduce.Job:  map 100% reduce 87%
18/09/10 22:59:31 INFO mapreduce.Job:  map 100% reduce 90%
18/09/10 22:59:34 INFO mapreduce.Job:  map 100% reduce 94%
18/09/10 22:59:37 INFO mapreduce.Job:  map 100% reduce 97%
18/09/10 22:59:40 INFO mapreduce.Job:  map 100% reduce 100%
18/09/10 22:59:41 INFO mapreduce.Job: Job job_1524406905265_2860 completed successfully
18/09/10 22:59:41 INFO mapreduce.Job: Counters: 49
	File System Counters
		FILE: Number of bytes read=54662799
		FILE: Number of bytes written=109777199
		FILE: Number of read operations=0
		FILE: Number of large read operations=0
		FILE: Number of write operations=0
		HDFS: Number of bytes read=51267338
		HDFS: Number of bytes written=47925502
		HDFS: Number of read operations=9
		HDFS: Number of large read operations=0
		HDFS: Number of write operations=2
	Job Counters 
		Launched map tasks=2
		Launched reduce tasks=1
		Rack-local map tasks=2
		Total time spent by all maps in occupied slots (ms)=116850
		Total time spent by all reduces in occupied slots (ms)=516732
		Total time spent by all map tasks (ms)=19475
		Total time spent by all reduce tasks (ms)=43061
		Total vcore-milliseconds taken by all map tasks=19475
		Total vcore-milliseconds taken by all reduce tasks=43061
		Total megabyte-milliseconds taken by all map tasks=119654400
		Total megabyte-milliseconds taken by all reduce tasks=529133568
	Map-Reduce Framework
		Map input records=1754441
		Map output records=1754441
		Map output bytes=51153911
		Map output materialized bytes=54662805
		Input split bytes=270
		Combine input records=0
		Combine output records=0
		Reduce input groups=1098107
		Reduce shuffle bytes=54662805
		Reduce input records=1754441
		Reduce output records=1098107
		Spilled Records=3508882
		Shuffled Maps =2
		Failed Shuffles=0
		Merged Map outputs=2
		GC time elapsed (ms)=1176
		CPU time spent (ms)=65810
		Physical memory (bytes) snapshot=3348226048
		Virtual memory (bytes) snapshot=26553040896
		Total committed heap usage (bytes)=3374317568
	Shuffle Errors
		BAD_ID=0
		CONNECTION=0
		IO_ERROR=0
		WRONG_LENGTH=0
		WRONG_MAP=0
		WRONG_REDUCE=0
	File Input Format Counters 
		Bytes Read=51267068
	File Output Format Counters 
		Bytes Written=47925502
18/09/10 22:59:41 INFO streaming.StreamJob: Output directory: /user/sourabhbalgi/modelparams_mapred

>>> Completed get_modelparams_mapred Job. 

rm: cannot remove './modelparams_1.txt': No such file or directory

>>> Deleted previous file ./modelparams_1.txt. 

SLF4J: Class path contains multiple SLF4J bindings.
SLF4J: Found binding in [jar:file:/usr/hdp/2.6.1.0-129/hadoop/lib/slf4j-log4j12-1.7.10.jar!/org/slf4j/impl/StaticLoggerBinder.class]
SLF4J: Found binding in [jar:file:/usr/hdp/2.6.1.0-129/hadoop-mapreduce/lib/giraph-examples-1.3.0-SNAPSHOT-for-hadoop-2.7.3-jar-with-dependencies.jar!/org/slf4j/impl/StaticLoggerBinder.class]
SLF4J: See http://www.slf4j.org/codes.html#multiple_bindings for an explanation.
SLF4J: Actual binding is of type [org.slf4j.impl.Log4jLoggerFactory]

>>> Combined outputs from get_modelparams_mapred into single file ./modelparams_1.txt. 

_vocablen 220836	
220837
50
50
877220
